#-----------------------------------------------------------
# Vivado v2020.2 (64-bit)
# SW Build 3064766 on Wed Nov 18 09:12:45 MST 2020
# IP Build 3064653 on Wed Nov 18 14:17:31 MST 2020
# Start of session at: Wed Mar 17 10:19:44 2021
# Process ID: 5700
# Current directory: D:/malygit/Digital-electronics-1/Labs/06-display_driver/display_driver
# Command line: vivado.exe -gui_launcher_event rodinguilauncherevent15024 D:\malygit\Digital-electronics-1\Labs\06-display_driver\display_driver\display_driver.xpr
# Log file: D:/malygit/Digital-electronics-1/Labs/06-display_driver/display_driver/vivado.log
# Journal file: D:/malygit/Digital-electronics-1/Labs/06-display_driver/display_driver\vivado.jou
#-----------------------------------------------------------
start_gui
open_project D:/malygit/Digital-electronics-1/Labs/06-display_driver/display_driver/display_driver.xpr
WARNING: [filemgmt 56-3] Default IP Output Path : Could not find the directory 'D:/malygit/Digital-electronics-1/Labs/06-display_driver/display_driver/display_driver.gen/sources_1'.
Scanning sources...
Finished scanning sources
INFO: [IP_Flow 19-234] Refreshing IP repositories
INFO: [IP_Flow 19-1704] No user IP repositories specified
INFO: [IP_Flow 19-2313] Loaded Vivado IP repository 'D:/vvivado/Vivado/2020.2/data/ip'.
open_project: Time (s): cpu = 00:00:12 ; elapsed = 00:00:05 . Memory (MB): peak = 1003.875 ; gain = 0.000
update_compile_order -fileset sources_1
close [ open D:/malygit/Digital-electronics-1/Labs/06-display_driver/display_driver/display_driver.srcs/sources_1/new/top.vhd w ]
add_files D:/malygit/Digital-electronics-1/Labs/06-display_driver/display_driver/display_driver.srcs/sources_1/new/top.vhd
update_compile_order -fileset sources_1
file mkdir D:/malygit/Digital-electronics-1/Labs/06-display_driver/display_driver/display_driver.srcs/sim_1/new
set_property SOURCE_SET sources_1 [get_filesets sim_1]
close [ open D:/malygit/Digital-electronics-1/Labs/06-display_driver/display_driver/display_driver.srcs/sim_1/new/tb_driver_7seg_4digits.vhd w ]
add_files -fileset sim_1 D:/malygit/Digital-electronics-1/Labs/06-display_driver/display_driver/display_driver.srcs/sim_1/new/tb_driver_7seg_4digits.vhd
update_compile_order -fileset sim_1
update_compile_order -fileset sources_1
exit
INFO: [Common 17-206] Exiting Vivado at Wed Mar 17 12:19:13 2021...
