#-----------------------------------------------------------
# Vivado v2020.2 (64-bit)
# SW Build 3064766 on Wed Nov 18 09:12:45 MST 2020
# IP Build 3064653 on Wed Nov 18 14:17:31 MST 2020
# Start of session at: Thu Apr 29 17:39:23 2021
# Process ID: 9184
# Current directory: D:/malygit/Digital-electronics-1/Labs/08-traffic_lights/traffic_lights
# Command line: vivado.exe -gui_launcher_event rodinguilauncherevent7840 D:\malygit\Digital-electronics-1\Labs\08-traffic_lights\traffic_lights\traffic_lights.xpr
# Log file: D:/malygit/Digital-electronics-1/Labs/08-traffic_lights/traffic_lights/vivado.log
# Journal file: D:/malygit/Digital-electronics-1/Labs/08-traffic_lights/traffic_lights\vivado.jou
#-----------------------------------------------------------
start_gui
open_project D:/malygit/Digital-electronics-1/Labs/08-traffic_lights/traffic_lights/traffic_lights.xpr
WARNING: [filemgmt 56-3] Default IP Output Path : Could not find the directory 'D:/malygit/Digital-electronics-1/Labs/08-traffic_lights/traffic_lights/traffic_lights.gen/sources_1'.
Scanning sources...
Finished scanning sources
INFO: [IP_Flow 19-234] Refreshing IP repositories
INFO: [IP_Flow 19-1704] No user IP repositories specified
INFO: [IP_Flow 19-2313] Loaded Vivado IP repository 'D:/vvivado/Vivado/2020.2/data/ip'.
open_project: Time (s): cpu = 00:00:27 ; elapsed = 00:00:14 . Memory (MB): peak = 1002.391 ; gain = 0.000
update_compile_order -fileset sources_1
exit
INFO: [Common 17-206] Exiting Vivado at Thu Apr 29 20:52:22 2021...
