#
# A fatal error has been detected by the Java Runtime Environment:
#
#  EXCEPTION_ACCESS_VIOLATION (0xc0000005) at pc=0x00007ffe9a3d1049, pid=9916, tid=8428
#
# JRE version: OpenJDK Runtime Environment (11.0.2+9) (build 11.0.2+9)
# Java VM: OpenJDK 64-Bit Server VM (11.0.2+9, mixed mode, tiered, compressed oops, g1 gc, windows-amd64)
# Problematic frame:
# C  0x00007ffe9a3d1049
#
# No core dump will be written. Minidumps are not enabled by default on client versions of Windows
#
# If you would like to submit a bug report, please visit:
#   http://bugreport.java.com/bugreport/crash.jsp
# The crash happened outside the Java Virtual Machine in native code.
# See problematic frame for where to report the bug.
#

---------------  S U M M A R Y ------------

Command Line: -Dsun.java2d.pmoffscreen=false -Dhttps.protocols=TLSv1,TLSv1.1,TLSv1.2 -Dsun.java2d.xrender=false -Dsun.java2d.d3d=false -Dsun.awt.nopixfmt=true -Dsun.java2d.dpiaware=true -Dsun.java2d.uiScale.enabled=false -Xverify:none -Dswing.aatext=true -XX:-UsePerfData -Djdk.map.althashing.threshold=512 -XX:StringTableSize=4072 --add-opens=java.base/java.nio=ALL-UNNAMED --add-opens=java.desktop/sun.swing=ALL-UNNAMED --add-opens=java.desktop/javax.swing=ALL-UNNAMED --add-opens=java.desktop/javax.swing.tree=ALL-UNNAMED --add-opens=java.desktop/javax.swing.plaf.basic=ALL-UNNAMED --add-opens=java.desktop/javax.swing.plaf.synth=ALL-UNNAMED --add-opens=java.desktop/com.sun.awt=ALL-UNNAMED -XX:NewSize=60m -XX:MaxNewSize=60m -Xms128m -Xmx3072m -Xss5m 

Host: Intel(R) Core(TM) i5-9300H CPU @ 2.40GHz, 8 cores, 7G,  Windows 10 , 64 bit Build 19041 (10.0.19041.928)
Time: Thu Apr 29 20:50:57 2021 Stredoeurópsky èas (letný) elapsed time: 11140 seconds (0d 3h 5m 40s)

---------------  T H R E A D  ---------------

Current thread (0x0000013e2c7b6000):  JavaThread "AWT-EventQueue-0" [_thread_in_native, id=8428, stack(0x000000159f200000,0x000000159f700000)]

Stack: [0x000000159f200000,0x000000159f700000],  sp=0x000000159f6f3c60,  free space=5071k
Native frames: (J=compiled Java code, j=interpreted, Vv=VM code, C=native code)
C  0x00007ffe9a3d1049
C  0x00007ffe9a3e2487
C  0x00007ffe9a3e37c2
C  0x00007ffe9a3ca485
C  0x00007ffea1d184b4
C  0x00007ffea1d38e72
C  0x00007ffea1dd34f5
C  0x00007ffea1dd3419
C  0x00007ffea1e04ce1
C  0x00007ffea1e02426
C  0x00007ffea1e5e2c1
C  0x00007ffea1e603b3
C  0x00007ffea1e3936d
C  0x00007ffea1e393d8
C  0x00007ffea1e39481
C  0x00007ffea1e5f59c
C  0x00007ffea1e306e5
C  0x00007ffea1e30375
C  0x00007ffea1e6d00f
C  0x0000013e15e9fdad

Java frames: (J=compiled Java code, j=interpreted, Vv=VM code)
J 22049  ui.views.waveform.waveformi.WVExecutive_getGraphicsDataSize(J)J (0 bytes) @ 0x0000013e15e9fd11 [0x0000013e15e9fcc0+0x0000000000000051]
J 22048 c1 ui.views.waveform.executive.a.klK()Ljava/io/ByteArrayInputStream; (93 bytes) @ 0x0000013e0ff70e2c [0x0000013e0ff70d40+0x00000000000000ec]
J 22047 c1 ui.views.waveform.b.a.klh()V (144 bytes) @ 0x0000013e0ff6c8b4 [0x0000013e0ff6c820+0x0000000000000094]
J 21993 c1 ui.views.waveform.w.aH(ZZ)V (48 bytes) @ 0x0000013e0ff49964 [0x0000013e0ff49460+0x0000000000000504]
J 18736 c1 ui.views.waveform.c.b.j(Lui/frmwork/a/l;)V (605 bytes) @ 0x0000013e0e84985c [0x0000013e0e840d80+0x0000000000008adc]
J 18735 c1 ui.views.waveform.w.handleTclEvent(Lui/frmwork/a/l;)V (17 bytes) @ 0x0000013e0d86303c [0x0000013e0d862f60+0x00000000000000dc]
J 23918 c2 ui.frmwork.a.o.c(Lui/frmwork/a/l;)V (61 bytes) @ 0x0000013e1531448c [0x0000013e153142c0+0x00000000000001cc]
J 23222 c2 ui.frmwork.E.i(JZ)V (471 bytes) @ 0x0000013e1606894c [0x0000013e16067240+0x000000000000170c]
J 24686 c2 ui.frmwork.E.fireTclEvent(J)I (113 bytes) @ 0x0000013e15da943c [0x0000013e15da8aa0+0x000000000000099c]
v  ~StubRoutines::call_stub
j  ui.views.waveform.waveformi.WVExecutive_processModelEvent(JJ)V+0
j  ui.views.waveform.executive.a.gb(J)V+5
j  ui.views.waveform.c.b.ga(J)V+8
J 18736 c1 ui.views.waveform.c.b.j(Lui/frmwork/a/l;)V (605 bytes) @ 0x0000013e0e84a5f4 [0x0000013e0e840d80+0x0000000000009874]
J 18735 c1 ui.views.waveform.w.handleTclEvent(Lui/frmwork/a/l;)V (17 bytes) @ 0x0000013e0d86303c [0x0000013e0d862f60+0x00000000000000dc]
J 23918 c2 ui.frmwork.a.o.c(Lui/frmwork/a/l;)V (61 bytes) @ 0x0000013e1531448c [0x0000013e153142c0+0x00000000000001cc]
J 23222 c2 ui.frmwork.E.i(JZ)V (471 bytes) @ 0x0000013e1606894c [0x0000013e16067240+0x000000000000170c]
J 22709 c1 ui.frmwork.E$$Lambda$203.run()V (12 bytes) @ 0x0000013e101c455c [0x0000013e101c4480+0x00000000000000dc]
J 13915 c2 java.awt.event.InvocationEvent.dispatch()V java.desktop@11.0.2 (69 bytes) @ 0x0000013e154b6f2c [0x0000013e154b6d40+0x00000000000001ec]
J 16868 c2 java.awt.EventQueue$4.run()Ljava/lang/Object; java.desktop@11.0.2 (5 bytes) @ 0x0000013e158d8f1c [0x0000013e158d8e60+0x00000000000000bc]
v  ~StubRoutines::call_stub
J 4233  java.security.AccessController.doPrivileged(Ljava/security/PrivilegedAction;Ljava/security/AccessControlContext;)Ljava/lang/Object; java.base@11.0.2 (0 bytes) @ 0x0000013e14d2e7b6 [0x0000013e14d2e740+0x0000000000000076]
J 13718 c2 java.awt.EventQueue.dispatchEvent(Ljava/awt/AWTEvent;)V java.desktop@11.0.2 (80 bytes) @ 0x0000013e15471974 [0x0000013e15471640+0x0000000000000334]
J 17292 c2 ui.frmwork.a.d.dispatchEvent(Ljava/awt/AWTEvent;)V (42 bytes) @ 0x0000013e15994a50 [0x0000013e15994960+0x00000000000000f0]
J 19538 c2 java.awt.EventDispatchThread.pumpEventsForFilter(ILjava/awt/Conditional;Ljava/awt/EventFilter;)V java.desktop@11.0.2 (47 bytes) @ 0x0000013e1589ec88 [0x0000013e1589eb80+0x0000000000000108]
j  java.awt.EventDispatchThread.pumpEventsForFilter(Ljava/awt/Conditional;Ljava/awt/EventFilter;)V+4 java.desktop@11.0.2
j  java.awt.WaitDispatchSupport$2.run()V+59 java.desktop@11.0.2
j  java.awt.WaitDispatchSupport$4.run()Ljava/lang/Void;+4 java.desktop@11.0.2
j  java.awt.WaitDispatchSupport$4.run()Ljava/lang/Object;+1 java.desktop@11.0.2
v  ~StubRoutines::call_stub
J 954  java.security.AccessController.doPrivileged(Ljava/security/PrivilegedAction;)Ljava/lang/Object; java.base@11.0.2 (0 bytes) @ 0x0000013e14b248a2 [0x0000013e14b24840+0x0000000000000062]
j  java.awt.WaitDispatchSupport.enter()Z+260 java.desktop@11.0.2
j  java.awt.Dialog.show()V+224 java.desktop@11.0.2
J 11770 c1 java.awt.Component.setVisible(Z)V java.desktop@11.0.2 (6 bytes) @ 0x0000013e0ddbcc64 [0x0000013e0ddbca60+0x0000000000000204]
j  java.awt.Window.setVisible(Z)V+2 java.desktop@11.0.2
j  java.awt.Dialog.setVisible(Z)V+2 java.desktop@11.0.2
j  ui.dlg.c.g.setVisible(Z)V+2
j  ui.dlg.c.bz.bIi()V+64
j  ui.dlg.c.bI.actionPerformed(Ljava/awt/event/ActionEvent;)V+8
j  ui.dlg.c.bz.fud()V+388
j  ui.views.c.t.b.a.run()V+60
j  ui.frmwork.cmd.a.hsT()Z+66
j  ui.frmwork.cmd.d.htb()V+42
j  ui.bm.actionPerformed(Ljava/awt/event/ActionEvent;)V+25
j  javax.swing.AbstractButton.fireActionPerformed(Ljava/awt/event/ActionEvent;)V+83 java.desktop@11.0.2
j  ui.utils.swing.b.E.fireActionPerformed(Ljava/awt/event/ActionEvent;)V+7
j  javax.swing.AbstractButton$Handler.actionPerformed(Ljava/awt/event/ActionEvent;)V+5 java.desktop@11.0.2
j  javax.swing.DefaultButtonModel.fireActionPerformed(Ljava/awt/event/ActionEvent;)V+34 java.desktop@11.0.2
J 24757 c1 javax.swing.DefaultButtonModel.setPressed(Z)V java.desktop@11.0.2 (125 bytes) @ 0x0000013e0ec476a4 [0x0000013e0ec46700+0x0000000000000fa4]
j  javax.swing.plaf.basic.BasicButtonListener.mouseReleased(Ljava/awt/event/MouseEvent;)V+35 java.desktop@11.0.2
j  com.jidesoft.plaf.basic.BasicJideButtonListener.mouseReleased(Ljava/awt/event/MouseEvent;)V+61
J 19937 c1 java.awt.AWTEventMulticaster.mouseReleased(Ljava/awt/event/MouseEvent;)V java.desktop@11.0.2 (27 bytes) @ 0x0000013e0e62a5ac [0x0000013e0e62a380+0x000000000000022c]
J 19937 c1 java.awt.AWTEventMulticaster.mouseReleased(Ljava/awt/event/MouseEvent;)V java.desktop@11.0.2 (27 bytes) @ 0x0000013e0e62a5ac [0x0000013e0e62a380+0x000000000000022c]
J 19937 c1 java.awt.AWTEventMulticaster.mouseReleased(Ljava/awt/event/MouseEvent;)V java.desktop@11.0.2 (27 bytes) @ 0x0000013e0e62a5ac [0x0000013e0e62a380+0x000000000000022c]
J 24016 c2 java.awt.Component.processMouseEvent(Ljava/awt/event/MouseEvent;)V java.desktop@11.0.2 (100 bytes) @ 0x0000013e1598c60c [0x0000013e1598c320+0x00000000000002ec]
J 26812 c1 javax.swing.JComponent.processMouseEvent(Ljava/awt/event/MouseEvent;)V java.desktop@11.0.2 (27 bytes) @ 0x0000013e0dabb4f4 [0x0000013e0dabb2e0+0x0000000000000214]
J 24826 c2 java.awt.Container.processEvent(Ljava/awt/AWTEvent;)V java.desktop@11.0.2 (22 bytes) @ 0x0000013e16237c6c [0x0000013e16237a20+0x000000000000024c]
J 27260 c2 java.awt.Component.dispatchEventImpl(Ljava/awt/AWTEvent;)V java.desktop@11.0.2 (777 bytes) @ 0x0000013e16542c80 [0x0000013e165423e0+0x00000000000008a0]
J 25815 c2 java.awt.Container.dispatchEventImpl(Ljava/awt/AWTEvent;)V java.desktop@11.0.2 (129 bytes) @ 0x0000013e158b4a84 [0x0000013e158b48e0+0x00000000000001a4]
J 16867 c2 java.awt.LightweightDispatcher.retargetMouseEvent(Ljava/awt/Component;ILjava/awt/event/MouseEvent;)V java.desktop@11.0.2 (372 bytes) @ 0x0000013e158d78b0 [0x0000013e158d74c0+0x00000000000003f0]
J 16876 c2 java.awt.LightweightDispatcher.processMouseEvent(Ljava/awt/event/MouseEvent;)Z java.desktop@11.0.2 (265 bytes) @ 0x0000013e158ddb08 [0x0000013e158dd340+0x00000000000007c8]
J 25815 c2 java.awt.Container.dispatchEventImpl(Ljava/awt/AWTEvent;)V java.desktop@11.0.2 (129 bytes) @ 0x0000013e158b4994 [0x0000013e158b48e0+0x00000000000000b4]
J 16519 c2 java.awt.Window.dispatchEventImpl(Ljava/awt/AWTEvent;)V java.desktop@11.0.2 (23 bytes) @ 0x0000013e15870e0c [0x0000013e15870dc0+0x000000000000004c]
J 16868 c2 java.awt.EventQueue$4.run()Ljava/lang/Object; java.desktop@11.0.2 (5 bytes) @ 0x0000013e158d8fb0 [0x0000013e158d8e60+0x0000000000000150]
v  ~StubRoutines::call_stub
J 4233  java.security.AccessController.doPrivileged(Ljava/security/PrivilegedAction;Ljava/security/AccessControlContext;)Ljava/lang/Object; java.base@11.0.2 (0 bytes) @ 0x0000013e14d2e7b6 [0x0000013e14d2e740+0x0000000000000076]
J 15832 c2 java.awt.EventQueue$5.run()Ljava/lang/Object; java.desktop@11.0.2 (5 bytes) @ 0x0000013e15754a74 [0x0000013e15754800+0x0000000000000274]
v  ~StubRoutines::call_stub
J 4233  java.security.AccessController.doPrivileged(Ljava/security/PrivilegedAction;Ljava/security/AccessControlContext;)Ljava/lang/Object; java.base@11.0.2 (0 bytes) @ 0x0000013e14d2e7b6 [0x0000013e14d2e740+0x0000000000000076]
J 13718 c2 java.awt.EventQueue.dispatchEvent(Ljava/awt/AWTEvent;)V java.desktop@11.0.2 (80 bytes) @ 0x0000013e15471bcc [0x0000013e15471640+0x000000000000058c]
J 17292 c2 ui.frmwork.a.d.dispatchEvent(Ljava/awt/AWTEvent;)V (42 bytes) @ 0x0000013e15994a50 [0x0000013e15994960+0x00000000000000f0]
J 19407% c2 java.awt.EventDispatchThread.pumpEventsForFilter(ILjava/awt/Conditional;Ljava/awt/EventFilter;)V java.desktop@11.0.2 (47 bytes) @ 0x0000013e1567cac0 [0x0000013e1567c900+0x00000000000001c0]
j  java.awt.EventDispatchThread.pumpEventsForHierarchy(ILjava/awt/Conditional;Ljava/awt/Component;)V+11 java.desktop@11.0.2
j  java.awt.EventDispatchThread.pumpEvents(ILjava/awt/Conditional;)V+4 java.desktop@11.0.2
j  java.awt.EventDispatchThread.pumpEvents(Ljava/awt/Conditional;)V+3 java.desktop@11.0.2
j  java.awt.EventDispatchThread.run()V+9 java.desktop@11.0.2
v  ~StubRoutines::call_stub

siginfo: EXCEPTION_ACCESS_VIOLATION (0xc0000005), reading address 0x0000000000000044


Register to memory mapping:

RIP=0x00007ffe9a3d1049 points into unknown readable memory: 83 79 44 00 75 07 33
RAX=0x00002a98b2e26c0a is an unknown value
RBX=0x0000013e31305100 points into unknown readable memory: e0 4d 30 31 3e 01 00 00
RCX=0x0 is NULL
RDX=0x0000013e31062c10 points into unknown readable memory: c0 4b 3f 9a fe 7f 00 00
RSP=0x000000159f6f3c60 is pointing into the stack for thread: 0x0000013e2c7b6000
RBP=0x0 is NULL
RSI=0x0000013e31062c10 points into unknown readable memory: c0 4b 3f 9a fe 7f 00 00
RDI=0x0 is NULL
R8 =0x000000159f6f3cf0 is pointing into the stack for thread: 0x0000013e2c7b6000
R9 =0x0000000000000018 is an unknown value
R10=0x0 is NULL
R11=0x1000000000004000 is an unknown value
R12=0x0000000000000001 is an unknown value
R13=0x00007ffe9a3f8e50 points into unknown readable memory: d0 2f 3d 9a fe 7f 00 00
R14=0x0000013e2e3c6c10 points into unknown readable memory: 10 2c 06 31 3e 01 00 00
R15=0x000000159f6f3cf0 is pointing into the stack for thread: 0x0000013e2c7b6000


Registers:
RAX=0x00002a98b2e26c0a, RBX=0x0000013e31305100, RCX=0x0000000000000000, RDX=0x0000013e31062c10
RSP=0x000000159f6f3c60, RBP=0x0000000000000000, RSI=0x0000013e31062c10, RDI=0x0000000000000000
R8 =0x000000159f6f3cf0, R9 =0x0000000000000018, R10=0x0000000000000000, R11=0x1000000000004000
R12=0x0000000000000001, R13=0x00007ffe9a3f8e50, R14=0x0000013e2e3c6c10, R15=0x000000159f6f3cf0
RIP=0x00007ffe9a3d1049, EFLAGS=0x0000000000010206

Top of Stack: (sp=0x000000159f6f3c60)
0x000000159f6f3c60:   0000000000000001 000000159f6f3f08
0x000000159f6f3c70:   000000159f6f3d41 00007fff3086ec62
0x000000159f6f3c80:   0000000000000002 00007fff554c07b0
0x000000159f6f3c90:   fffffffffffffffe 000000159f6f4030
0x000000159f6f3ca0:   000000159f6f40d0 000000159f6f4670
0x000000159f6f3cb0:   0000013e2cf1b470 0000013e2e3c6c10
0x000000159f6f3cc0:   0000013e2e3c6c10 00007ffe9a3e2487
0x000000159f6f3cd0:   00007fff308642c0 0000013e31305100
0x000000159f6f3ce0:   0000013e32ae2260 0000000000000001
0x000000159f6f3cf0:   000000159f6f47e0 00007ffea2029920
0x000000159f6f3d00:   000000159f6f5030 0000000000000000
0x000000159f6f3d10:   0000000019930520 0000000000000000
0x000000159f6f3d20:   0000000000000000 0000000000000000
0x000000159f6f3d30:   0000000000000000 0000000000000000
0x000000159f6f3d40:   0000000000000000 000000159f6f52a0
0x000000159f6f3d50:   0000449ef100322b 00007ffea2029920 

Instructions: (pc=0x00007ffe9a3d1049)
0x00007ffe9a3d1029:   50 48 c7 44 24 30 fe ff ff ff 48 89 5c 24 78 48
0x00007ffe9a3d1039:   89 b4 24 80 00 00 00 4d 8b f8 48 8b f2 48 8b f9
0x00007ffe9a3d1049:   83 79 44 00 75 07 33 c0 e9 d1 00 00 00 48 8b 41
0x00007ffe9a3d1059:   48 8b 10 48 03 51 28 48 8d 4c 24 38 e8 66 eb ff 


Stack slot to memory mapping:
stack at sp + 0 slots: 0x0000000000000001 is an unknown value
stack at sp + 1 slots: 0x000000159f6f3f08 is pointing into the stack for thread: 0x0000013e2c7b6000
stack at sp + 2 slots: 0x000000159f6f3d41 is pointing into the stack for thread: 0x0000013e2c7b6000
stack at sp + 3 slots: 0x00007fff3086ec62 VCRUNTIME140.dll
stack at sp + 4 slots: 0x0000000000000002 is an unknown value
stack at sp + 5 slots: 0x00007fff554c07b0 ntdll.dll
stack at sp + 6 slots: 0xfffffffffffffffe is an unknown value
stack at sp + 7 slots: 0x000000159f6f4030 is pointing into the stack for thread: 0x0000013e2c7b6000


---------------  P R O C E S S  ---------------

Threads class SMR info:
_java_thread_list=0x0000013e31ace620, length=33, elements={
0x0000013e04c0e800, 0x0000013e04c07800, 0x0000013e1f308000, 0x0000013e04dbe000,
0x0000013e7d8bd800, 0x0000013e1db98800, 0x0000013e0436a000, 0x0000013e04b11800,
0x0000013e3a402800, 0x0000013e3a408000, 0x0000013e3a317000, 0x0000013e3a5da000,
0x0000013e3a5db000, 0x0000013e2a0c0800, 0x0000013e2c7b6000, 0x0000013e2c564000,
0x0000013e2ac0a000, 0x0000013e2c224000, 0x0000013e2a489800, 0x0000013e2a48b000,
0x0000013e2a48c000, 0x0000013e2a48c800, 0x0000013e2a48d800, 0x0000013e3659b000,
0x0000013e3659c800, 0x0000013e3659f000, 0x0000013e3659a800, 0x0000013e365a1000,
0x0000013e365a4000, 0x0000013e365a3800, 0x0000013e3659d800, 0x0000013e365a5800,
0x0000013e2a487000
}

Java Threads: ( => current thread )
  0x0000013e04c0e800 JavaThread "main" [_thread_blocked, id=8024, stack(0x000000159aa00000,0x000000159ab00000)]
  0x0000013e04c07800 JavaThread "Reference Handler" daemon [_thread_blocked, id=10540, stack(0x000000159b100000,0x000000159b600000)]
  0x0000013e1f308000 JavaThread "Finalizer" daemon [_thread_blocked, id=1652, stack(0x000000159b600000,0x000000159bb00000)]
  0x0000013e04dbe000 JavaThread "Signal Dispatcher" daemon [_thread_blocked, id=15296, stack(0x000000159bb00000,0x000000159c000000)]
  0x0000013e7d8bd800 JavaThread "Attach Listener" daemon [_thread_blocked, id=8400, stack(0x000000159c000000,0x000000159c500000)]
  0x0000013e1db98800 JavaThread "C2 CompilerThread0" daemon [_thread_blocked, id=13948, stack(0x000000159c500000,0x000000159c600000)]
  0x0000013e0436a000 JavaThread "C1 CompilerThread0" daemon [_thread_blocked, id=3560, stack(0x000000159c600000,0x000000159c700000)]
  0x0000013e04b11800 JavaThread "Sweeper thread" daemon [_thread_blocked, id=13248, stack(0x000000159c700000,0x000000159cc00000)]
  0x0000013e3a402800 JavaThread "Common-Cleaner" daemon [_thread_blocked, id=7428, stack(0x000000159cc00000,0x000000159d100000)]
  0x0000013e3a408000 JavaThread "Service Thread" daemon [_thread_blocked, id=16364, stack(0x000000159d100000,0x000000159d600000)]
  0x0000013e3a317000 JavaThread "Java2D Disposer" daemon [_thread_blocked, id=3900, stack(0x000000159d700000,0x000000159dc00000)]
  0x0000013e3a5da000 JavaThread "AWT-Shutdown" [_thread_blocked, id=2756, stack(0x000000159dc00000,0x000000159e100000)]
  0x0000013e3a5db000 JavaThread "AWT-Windows" daemon [_thread_in_native, id=6388, stack(0x000000159e100000,0x000000159e600000)]
  0x0000013e2a0c0800 JavaThread "TimerQueue" daemon [_thread_blocked, id=1992, stack(0x000000159e700000,0x000000159ec00000)]
=>0x0000013e2c7b6000 JavaThread "AWT-EventQueue-0" [_thread_in_native, id=8428, stack(0x000000159f200000,0x000000159f700000)]
  0x0000013e2c564000 JavaThread "Thread-1" [_thread_in_native, id=14388, stack(0x0000001599400000,0x000000159a800000)]
  0x0000013e2ac0a000 JavaThread "Process Messages Thread" [_thread_blocked, id=7840, stack(0x000000159fc00000,0x00000015a0100000)]
  0x0000013e2c224000 JavaThread "Batik CleanerThread" daemon [_thread_blocked, id=1544, stack(0x000000159f700000,0x000000159fc00000)]
  0x0000013e2a489800 JavaThread "SyntheticaCleanerThread" daemon [_thread_blocked, id=9308, stack(0x00000015a1000000,0x00000015a1500000)]
  0x0000013e2a48b000 JavaThread "Monitor HEventQueue Thread" [_thread_blocked, id=9924, stack(0x00000015a1800000,0x00000015a1d00000)]
  0x0000013e2a48c000 JavaThread "SyntheticaAnimation 50" daemon [_thread_blocked, id=11380, stack(0x00000015a1d00000,0x00000015a2200000)]
  0x0000013e2a48c800 JavaThread "SyntheticaAnimation 25" daemon [_thread_blocked, id=13560, stack(0x00000015a2200000,0x00000015a2700000)]
  0x0000013e2a48d800 JavaThread "SyntheticaAnimation 70" daemon [_thread_blocked, id=9536, stack(0x00000015a2c00000,0x00000015a3100000)]
  0x0000013e3659b000 JavaThread "Refresh Filesets Swing Worker Thread" [_thread_blocked, id=6380, stack(0x00000015a3100000,0x00000015a3600000)]
  0x0000013e3659c800 JavaThread "hw_ila_monitor" [_thread_blocked, id=14880, stack(0x00000015a3600000,0x00000015a3b00000)]
  0x0000013e3659f000 JavaThread "pool-1-thread-1" [_thread_blocked, id=8052, stack(0x00000015a4000000,0x00000015a4500000)]
  0x0000013e3659a800 JavaThread "pool-2-thread-1" [_thread_blocked, id=2532, stack(0x00000015a4500000,0x00000015a4a00000)]
  0x0000013e365a1000 JavaThread "pool-3-thread-1" [_thread_blocked, id=8584, stack(0x00000015a4a00000,0x00000015a4f00000)]
  0x0000013e365a4000 JavaThread "Update Runs Swing Worker Thread" [_thread_blocked, id=15440, stack(0x00000015a4f00000,0x00000015a5400000)]
  0x0000013e365a3800 JavaThread "SyntheticaAnimation 50" daemon [_thread_blocked, id=16232, stack(0x00000015a3b00000,0x00000015a4000000)]
  0x0000013e3659d800 JavaThread "SyntheticaAnimation 50" daemon [_thread_blocked, id=15472, stack(0x00000015a5600000,0x00000015a5b00000)]
  0x0000013e365a5800 JavaThread "Image Animator 3" daemon [_thread_blocked, id=7648, stack(0x00000015a6000000,0x00000015a6500000)]
  0x0000013e2a487000 JavaThread "Relaunch Simulation Thread" [_thread_blocked, id=544, stack(0x000000159ed00000,0x000000159f200000)]

Other Threads:
  0x0000013e20ec5800 VMThread "VM Thread" [stack: 0x000000159b000000,0x000000159b100000] [id=11700]
  0x0000013e3a409000 WatcherThread [stack: 0x000000159d600000,0x000000159d700000] [id=15668]
  0x0000013e1f4c1000 GCTaskThread "GC Thread#0" [stack: 0x000000159ab00000,0x000000159ac00000] [id=6364]
  0x0000013e2a8ec800 GCTaskThread "GC Thread#1" [stack: 0x00000015a0100000,0x00000015a0200000] [id=1840]
  0x0000013e2abf7800 GCTaskThread "GC Thread#2" [stack: 0x00000015a0200000,0x00000015a0300000] [id=13120]
  0x0000013e2c226000 GCTaskThread "GC Thread#3" [stack: 0x00000015a0300000,0x00000015a0400000] [id=4608]
  0x0000013e2a538800 GCTaskThread "GC Thread#4" [stack: 0x00000015a0400000,0x00000015a0500000] [id=14312]
  0x0000013e3a5dc800 GCTaskThread "GC Thread#5" [stack: 0x00000015a0500000,0x00000015a0600000] [id=14264]
  0x0000013e2a7c5800 GCTaskThread "GC Thread#6" [stack: 0x00000015a0600000,0x00000015a0700000] [id=9716]
  0x0000013e2a7c6000 GCTaskThread "GC Thread#7" [stack: 0x00000015a0700000,0x00000015a0800000] [id=11968]
  0x0000013e1f4c1800 ConcurrentGCThread "G1 Main Marker" [stack: 0x000000159ac00000,0x000000159ad00000] [id=3480]
  0x0000013e1f3a5800 ConcurrentGCThread "G1 Conc#0" [stack: 0x000000159ad00000,0x000000159ae00000] [id=4180]
  0x0000013e2c779000 ConcurrentGCThread "G1 Conc#1" [stack: 0x00000015a0900000,0x00000015a0a00000] [id=16068]
  0x0000013e1e474800 ConcurrentGCThread "G1 Refine#0" [stack: 0x000000159ae00000,0x000000159af00000] [id=4176]
  0x0000013e2ab51800 ConcurrentGCThread "G1 Refine#1" [stack: 0x00000015a0800000,0x00000015a0900000] [id=12744]
  0x0000013e2cb29800 ConcurrentGCThread "G1 Refine#2" [stack: 0x00000015a0f00000,0x00000015a1000000] [id=15276]
  0x0000013e1f335000 ConcurrentGCThread "G1 Young RemSet Sampling" [stack: 0x000000159af00000,0x000000159b000000] [id=4580]

Threads with active compile tasks:

VM state:not at safepoint (normal execution)

VM Mutex/Monitor currently owned by a thread: None

Heap address: 0x0000000740000000, size: 3072 MB, Compressed Oops mode: Zero based, Oop shift amount: 3
Narrow klass base: 0x0000000800000000, Narrow klass shift: 0
Compressed class space size: 1073741824 Address: 0x0000000800000000

Heap:
 garbage-first heap   total 304128K, used 118232K [0x0000000740000000, 0x0000000800000000)
  region size 1024K, 19 young (19456K), 1 survivors (1024K)
 Metaspace       used 97293K, capacity 98651K, committed 102916K, reserved 1138688K
  class space    used 12733K, capacity 13271K, committed 14796K, reserved 1048576K
Heap Regions: E=young(eden), S=young(survivor), O=old, HS=humongous(starts), HC=humongous(continues), CS=collection set, F=free, A=archive, TAMS=top-at-mark-start (previous, next)
|   0|0x0000000740000000, 0x0000000740100000, 0x0000000740100000|100%|HS|  |TAMS 0x0000000740000000, 0x0000000740000000| Untracked 
|   1|0x0000000740100000, 0x0000000740200000, 0x0000000740200000|100%|HC|  |TAMS 0x0000000740100000, 0x0000000740100000| Untracked 
|   2|0x0000000740200000, 0x0000000740300000, 0x0000000740300000|100%|HS|  |TAMS 0x0000000740200000, 0x0000000740200000| Untracked 
|   3|0x0000000740300000, 0x00000007403ffff8, 0x0000000740400000| 99%| O|  |TAMS 0x0000000740300000, 0x0000000740300000| Untracked 
|   4|0x0000000740400000, 0x00000007404ffff8, 0x0000000740500000| 99%| O|  |TAMS 0x0000000740400000, 0x0000000740400000| Untracked 
|   5|0x0000000740500000, 0x00000007405ffff8, 0x0000000740600000| 99%| O|  |TAMS 0x0000000740500000, 0x0000000740500000| Untracked 
|   6|0x0000000740600000, 0x0000000740700000, 0x0000000740700000|100%| O|  |TAMS 0x0000000740600000, 0x0000000740600000| Untracked 
|   7|0x0000000740700000, 0x00000007407ffff8, 0x0000000740800000| 99%| O|  |TAMS 0x0000000740700000, 0x0000000740700000| Untracked 
|   8|0x0000000740800000, 0x0000000740900000, 0x0000000740900000|100%| O|  |TAMS 0x0000000740800000, 0x0000000740800000| Untracked 
|   9|0x0000000740900000, 0x00000007409ffff8, 0x0000000740a00000| 99%| O|  |TAMS 0x0000000740900000, 0x0000000740900000| Untracked 
|  10|0x0000000740a00000, 0x0000000740affff8, 0x0000000740b00000| 99%| O|  |TAMS 0x0000000740a00000, 0x0000000740a00000| Untracked 
|  11|0x0000000740b00000, 0x0000000740c00000, 0x0000000740c00000|100%| O|  |TAMS 0x0000000740b00000, 0x0000000740b00000| Untracked 
|  12|0x0000000740c00000, 0x0000000740cffff0, 0x0000000740d00000| 99%| O|  |TAMS 0x0000000740c00000, 0x0000000740c00000| Untracked 
|  13|0x0000000740d00000, 0x0000000740dffc38, 0x0000000740e00000| 99%| O|  |TAMS 0x0000000740d00000, 0x0000000740d00000| Untracked 
|  14|0x0000000740e00000, 0x0000000740f00000, 0x0000000740f00000|100%| O|  |TAMS 0x0000000740e00000, 0x0000000740e00000| Untracked 
|  15|0x0000000740f00000, 0x0000000740fffff0, 0x0000000741000000| 99%| O|  |TAMS 0x0000000740f00000, 0x0000000740f00000| Untracked 
|  16|0x0000000741000000, 0x00000007410ffff0, 0x0000000741100000| 99%| O|  |TAMS 0x0000000741000000, 0x0000000741000000| Untracked 
|  17|0x0000000741100000, 0x0000000741200000, 0x0000000741200000|100%| O|  |TAMS 0x0000000741100000, 0x0000000741100000| Untracked 
|  18|0x0000000741200000, 0x00000007412ffff8, 0x0000000741300000| 99%| O|  |TAMS 0x0000000741200000, 0x0000000741200000| Untracked 
|  19|0x0000000741300000, 0x00000007413fffc8, 0x0000000741400000| 99%| O|  |TAMS 0x0000000741300000, 0x0000000741300000| Untracked 
|  20|0x0000000741400000, 0x0000000741500000, 0x0000000741500000|100%| O|  |TAMS 0x0000000741400000, 0x0000000741400000| Untracked 
|  21|0x0000000741500000, 0x00000007415ffff0, 0x0000000741600000| 99%| O|  |TAMS 0x0000000741500000, 0x0000000741500000| Untracked 
|  22|0x0000000741600000, 0x00000007416fffe8, 0x0000000741700000| 99%| O|  |TAMS 0x0000000741600000, 0x0000000741600000| Untracked 
|  23|0x0000000741700000, 0x0000000741800000, 0x0000000741800000|100%| O|  |TAMS 0x0000000741700000, 0x0000000741700000| Untracked 
|  24|0x0000000741800000, 0x00000007418fffe8, 0x0000000741900000| 99%| O|  |TAMS 0x0000000741800000, 0x0000000741800000| Untracked 
|  25|0x0000000741900000, 0x00000007419ffff8, 0x0000000741a00000| 99%| O|  |TAMS 0x0000000741900000, 0x0000000741900000| Untracked 
|  26|0x0000000741a00000, 0x0000000741b00000, 0x0000000741b00000|100%| O|  |TAMS 0x0000000741a00000, 0x0000000741a00000| Untracked 
|  27|0x0000000741b00000, 0x0000000741bffff8, 0x0000000741c00000| 99%| O|  |TAMS 0x0000000741b00000, 0x0000000741b00000| Untracked 
|  28|0x0000000741c00000, 0x0000000741cffff8, 0x0000000741d00000| 99%| O|  |TAMS 0x0000000741c00000, 0x0000000741c00000| Untracked 
|  29|0x0000000741d00000, 0x0000000741dffff0, 0x0000000741e00000| 99%| O|  |TAMS 0x0000000741d00000, 0x0000000741d00000| Untracked 
|  30|0x0000000741e00000, 0x0000000741effff8, 0x0000000741f00000| 99%| O|  |TAMS 0x0000000741e00000, 0x0000000741e00000| Untracked 
|  31|0x0000000741f00000, 0x0000000741ffffe8, 0x0000000742000000| 99%| O|  |TAMS 0x0000000741f00000, 0x0000000741f00000| Untracked 
|  32|0x0000000742000000, 0x0000000742100000, 0x0000000742100000|100%| O|  |TAMS 0x0000000742000000, 0x0000000742000000| Untracked 
|  33|0x0000000742100000, 0x00000007421fffd0, 0x0000000742200000| 99%| O|  |TAMS 0x0000000742100000, 0x0000000742100000| Untracked 
|  34|0x0000000742200000, 0x00000007422ffff8, 0x0000000742300000| 99%| O|  |TAMS 0x0000000742200000, 0x0000000742200000| Untracked 
|  35|0x0000000742300000, 0x00000007423ffff8, 0x0000000742400000| 99%| O|  |TAMS 0x0000000742300000, 0x0000000742300000| Untracked 
|  36|0x0000000742400000, 0x0000000742500000, 0x0000000742500000|100%| O|  |TAMS 0x0000000742400000, 0x0000000742400000| Untracked 
|  37|0x0000000742500000, 0x00000007425ffff8, 0x0000000742600000| 99%| O|  |TAMS 0x0000000742500000, 0x0000000742500000| Untracked 
|  38|0x0000000742600000, 0x0000000742700000, 0x0000000742700000|100%| O|  |TAMS 0x0000000742600000, 0x0000000742600000| Untracked 
|  39|0x0000000742700000, 0x00000007427fffd8, 0x0000000742800000| 99%| O|  |TAMS 0x0000000742700000, 0x0000000742700000| Untracked 
|  40|0x0000000742800000, 0x00000007428ffff8, 0x0000000742900000| 99%| O|  |TAMS 0x0000000742800000, 0x0000000742800000| Untracked 
|  41|0x0000000742900000, 0x00000007429fffe0, 0x0000000742a00000| 99%| O|  |TAMS 0x0000000742900000, 0x0000000742900000| Untracked 
|  42|0x0000000742a00000, 0x0000000742afffe8, 0x0000000742b00000| 99%| O|  |TAMS 0x0000000742a00000, 0x0000000742a00000| Untracked 
|  43|0x0000000742b00000, 0x0000000742c00000, 0x0000000742c00000|100%| O|  |TAMS 0x0000000742b00000, 0x0000000742b00000| Untracked 
|  44|0x0000000742c00000, 0x0000000742cffff8, 0x0000000742d00000| 99%| O|  |TAMS 0x0000000742c00000, 0x0000000742c00000| Untracked 
|  45|0x0000000742d00000, 0x0000000742dffff8, 0x0000000742e00000| 99%| O|  |TAMS 0x0000000742d00000, 0x0000000742d00000| Untracked 
|  46|0x0000000742e00000, 0x0000000742efff68, 0x0000000742f00000| 99%| O|  |TAMS 0x0000000742e00000, 0x0000000742e00000| Untracked 
|  47|0x0000000742f00000, 0x0000000742fffff8, 0x0000000743000000| 99%| O|  |TAMS 0x0000000742f00000, 0x0000000742f00000| Untracked 
|  48|0x0000000743000000, 0x00000007430ffff8, 0x0000000743100000| 99%| O|  |TAMS 0x0000000743000000, 0x0000000743000000| Untracked 
|  49|0x0000000743100000, 0x00000007431ffff0, 0x0000000743200000| 99%| O|  |TAMS 0x0000000743100000, 0x0000000743100000| Untracked 
|  50|0x0000000743200000, 0x00000007432ffff8, 0x0000000743300000| 99%| O|  |TAMS 0x0000000743200000, 0x0000000743200000| Untracked 
|  51|0x0000000743300000, 0x00000007433fffe8, 0x0000000743400000| 99%| O|  |TAMS 0x0000000743300000, 0x0000000743300000| Untracked 
|  52|0x0000000743400000, 0x00000007434ffff8, 0x0000000743500000| 99%| O|  |TAMS 0x0000000743400000, 0x0000000743400000| Untracked 
|  53|0x0000000743500000, 0x00000007435fffe0, 0x0000000743600000| 99%| O|  |TAMS 0x0000000743500000, 0x0000000743500000| Untracked 
|  54|0x0000000743600000, 0x00000007436fffe8, 0x0000000743700000| 99%| O|  |TAMS 0x0000000743600000, 0x0000000743600000| Untracked 
|  55|0x0000000743700000, 0x0000000743800000, 0x0000000743800000|100%| O|  |TAMS 0x0000000743700000, 0x0000000743700000| Untracked 
|  56|0x0000000743800000, 0x00000007438ffff0, 0x0000000743900000| 99%| O|  |TAMS 0x0000000743800000, 0x0000000743800000| Untracked 
|  57|0x0000000743900000, 0x00000007439ffff0, 0x0000000743a00000| 99%| O|  |TAMS 0x0000000743900000, 0x0000000743900000| Untracked 
|  58|0x0000000743a00000, 0x0000000743affff0, 0x0000000743b00000| 99%| O|  |TAMS 0x0000000743a00000, 0x0000000743a00000| Untracked 
|  59|0x0000000743b00000, 0x0000000743bffff0, 0x0000000743c00000| 99%| O|  |TAMS 0x0000000743b00000, 0x0000000743b00000| Untracked 
|  60|0x0000000743c00000, 0x0000000743cffff8, 0x0000000743d00000| 99%| O|  |TAMS 0x0000000743c00000, 0x0000000743c00000| Untracked 
|  61|0x0000000743d00000, 0x0000000743dfff90, 0x0000000743e00000| 99%| O|  |TAMS 0x0000000743d00000, 0x0000000743d00000| Untracked 
|  62|0x0000000743e00000, 0x0000000743effff0, 0x0000000743f00000| 99%| O|  |TAMS 0x0000000743e00000, 0x0000000743e00000| Untracked 
|  63|0x0000000743f00000, 0x0000000743ffff10, 0x0000000744000000| 99%| O|  |TAMS 0x0000000743f00000, 0x0000000743f00000| Untracked 
|  64|0x0000000744000000, 0x00000007440ffff8, 0x0000000744100000| 99%| O|  |TAMS 0x0000000744000000, 0x0000000744000000| Untracked 
|  65|0x0000000744100000, 0x0000000744200000, 0x0000000744200000|100%| O|  |TAMS 0x0000000744100000, 0x0000000744100000| Untracked 
|  66|0x0000000744200000, 0x0000000744300000, 0x0000000744300000|100%| O|  |TAMS 0x0000000744200000, 0x0000000744200000| Untracked 
|  67|0x0000000744300000, 0x00000007443fffd0, 0x0000000744400000| 99%| O|  |TAMS 0x0000000744300000, 0x0000000744300000| Untracked 
|  68|0x0000000744400000, 0x0000000744500000, 0x0000000744500000|100%| O|  |TAMS 0x0000000744400000, 0x0000000744400000| Untracked 
|  69|0x0000000744500000, 0x00000007445ffff8, 0x0000000744600000| 99%| O|  |TAMS 0x0000000744500000, 0x0000000744500000| Untracked 
|  70|0x0000000744600000, 0x0000000744700000, 0x0000000744700000|100%| O|  |TAMS 0x0000000744600000, 0x0000000744600000| Untracked 
|  71|0x0000000744700000, 0x00000007447ffff8, 0x0000000744800000| 99%| O|  |TAMS 0x0000000744700000, 0x0000000744700000| Untracked 
|  72|0x0000000744800000, 0x00000007448ffff8, 0x0000000744900000| 99%| O|  |TAMS 0x0000000744800000, 0x0000000744800000| Untracked 
|  73|0x0000000744900000, 0x0000000744a00000, 0x0000000744a00000|100%| O|  |TAMS 0x0000000744900000, 0x0000000744900000| Untracked 
|  74|0x0000000744a00000, 0x0000000744afff88, 0x0000000744b00000| 99%| O|  |TAMS 0x0000000744a00000, 0x0000000744a00000| Untracked 
|  75|0x0000000744b00000, 0x0000000744bffff8, 0x0000000744c00000| 99%| O|  |TAMS 0x0000000744b00000, 0x0000000744b00000| Untracked 
|  76|0x0000000744c00000, 0x0000000744cffff8, 0x0000000744d00000| 99%| O|  |TAMS 0x0000000744c00000, 0x0000000744c00000| Untracked 
|  77|0x0000000744d00000, 0x0000000744e00000, 0x0000000744e00000|100%| O|  |TAMS 0x0000000744d00000, 0x0000000744d00000| Untracked 
|  78|0x0000000744e00000, 0x0000000744effff8, 0x0000000744f00000| 99%| O|  |TAMS 0x0000000744e00000, 0x0000000744e00000| Untracked 
|  79|0x0000000744f00000, 0x0000000745000000, 0x0000000745000000|100%| O|  |TAMS 0x0000000744f00000, 0x0000000744f00000| Untracked 
|  80|0x0000000745000000, 0x00000007450fff28, 0x0000000745100000| 99%| O|  |TAMS 0x0000000745000000, 0x0000000745000000| Untracked 
|  81|0x0000000745100000, 0x0000000745200000, 0x0000000745200000|100%| O|  |TAMS 0x0000000745100000, 0x0000000745100000| Untracked 
|  82|0x0000000745200000, 0x00000007452fffe8, 0x0000000745300000| 99%| O|  |TAMS 0x0000000745200000, 0x0000000745200000| Untracked 
|  83|0x0000000745300000, 0x00000007453d3268, 0x0000000745400000| 82%| O|  |TAMS 0x0000000745300000, 0x0000000745300000| Untracked 
|  84|0x0000000745400000, 0x00000007454fe8f8, 0x0000000745500000| 99%| O|  |TAMS 0x0000000745400000, 0x0000000745400000| Untracked 
|  85|0x0000000745500000, 0x00000007455efd58, 0x0000000745600000| 93%| O|  |TAMS 0x0000000745500000, 0x0000000745500000| Untracked 
|  86|0x0000000745600000, 0x00000007456c18c0, 0x0000000745700000| 75%| O|  |TAMS 0x0000000745600000, 0x0000000745600000| Untracked 
|  87|0x0000000745700000, 0x00000007457c0420, 0x0000000745800000| 75%| O|  |TAMS 0x0000000745700000, 0x0000000745700000| Untracked 
|  88|0x0000000745800000, 0x0000000745900000, 0x0000000745900000|100%|HS|  |TAMS 0x0000000745800000, 0x0000000745800000| Untracked 
|  89|0x0000000745900000, 0x0000000745a00000, 0x0000000745a00000|100%|HC|  |TAMS 0x0000000745900000, 0x0000000745900000| Untracked 
|  90|0x0000000745a00000, 0x0000000745a00000, 0x0000000745b00000|  0%| F|  |TAMS 0x0000000745a00000, 0x0000000745a00000| Untracked 
|  91|0x0000000745b00000, 0x0000000745b00000, 0x0000000745c00000|  0%| F|  |TAMS 0x0000000745b00000, 0x0000000745b00000| Untracked 
|  92|0x0000000745c00000, 0x0000000745c00000, 0x0000000745d00000|  0%| F|  |TAMS 0x0000000745c00000, 0x0000000745c00000| Untracked 
|  93|0x0000000745d00000, 0x0000000745d00000, 0x0000000745e00000|  0%| F|  |TAMS 0x0000000745d00000, 0x0000000745d00000| Untracked 
|  94|0x0000000745e00000, 0x0000000745e00000, 0x0000000745f00000|  0%| F|  |TAMS 0x0000000745e00000, 0x0000000745e00000| Untracked 
|  95|0x0000000745f00000, 0x0000000745f00000, 0x0000000746000000|  0%| F|  |TAMS 0x0000000745f00000, 0x0000000745f00000| Untracked 
|  96|0x0000000746000000, 0x0000000746000000, 0x0000000746100000|  0%| F|  |TAMS 0x0000000746000000, 0x0000000746000000| Untracked 
|  97|0x0000000746100000, 0x0000000746100000, 0x0000000746200000|  0%| F|  |TAMS 0x0000000746100000, 0x0000000746100000| Untracked 
|  98|0x0000000746200000, 0x0000000746200000, 0x0000000746300000|  0%| F|  |TAMS 0x0000000746200000, 0x0000000746200000| Untracked 
|  99|0x0000000746300000, 0x0000000746300000, 0x0000000746400000|  0%| F|  |TAMS 0x0000000746300000, 0x0000000746300000| Untracked 
| 100|0x0000000746400000, 0x0000000746400000, 0x0000000746500000|  0%| F|  |TAMS 0x0000000746400000, 0x0000000746400000| Untracked 
| 101|0x0000000746500000, 0x0000000746500000, 0x0000000746600000|  0%| F|  |TAMS 0x0000000746500000, 0x0000000746500000| Untracked 
| 102|0x0000000746600000, 0x0000000746600000, 0x0000000746700000|  0%| F|  |TAMS 0x0000000746600000, 0x0000000746600000| Untracked 
| 103|0x0000000746700000, 0x0000000746700000, 0x0000000746800000|  0%| F|  |TAMS 0x0000000746700000, 0x0000000746700000| Untracked 
| 104|0x0000000746800000, 0x0000000746800000, 0x0000000746900000|  0%| F|  |TAMS 0x0000000746800000, 0x0000000746800000| Untracked 
| 105|0x0000000746900000, 0x0000000746900000, 0x0000000746a00000|  0%| F|  |TAMS 0x0000000746900000, 0x0000000746900000| Untracked 
| 106|0x0000000746a00000, 0x0000000746a00000, 0x0000000746b00000|  0%| F|  |TAMS 0x0000000746a00000, 0x0000000746a00000| Untracked 
| 107|0x0000000746b00000, 0x0000000746b00000, 0x0000000746c00000|  0%| F|  |TAMS 0x0000000746b00000, 0x0000000746b00000| Untracked 
| 108|0x0000000746c00000, 0x0000000746c00000, 0x0000000746d00000|  0%| F|  |TAMS 0x0000000746c00000, 0x0000000746c00000| Untracked 
| 109|0x0000000746d00000, 0x0000000746d00000, 0x0000000746e00000|  0%| F|  |TAMS 0x0000000746d00000, 0x0000000746d00000| Untracked 
| 110|0x0000000746e00000, 0x0000000746e00000, 0x0000000746f00000|  0%| F|  |TAMS 0x0000000746e00000, 0x0000000746e00000| Untracked 
| 111|0x0000000746f00000, 0x0000000746f00000, 0x0000000747000000|  0%| F|  |TAMS 0x0000000746f00000, 0x0000000746f00000| Untracked 
| 112|0x0000000747000000, 0x0000000747000000, 0x0000000747100000|  0%| F|  |TAMS 0x0000000747000000, 0x0000000747000000| Untracked 
| 113|0x0000000747100000, 0x0000000747100000, 0x0000000747200000|  0%| F|  |TAMS 0x0000000747100000, 0x0000000747100000| Untracked 
| 114|0x0000000747200000, 0x0000000747200000, 0x0000000747300000|  0%| F|  |TAMS 0x0000000747200000, 0x0000000747200000| Untracked 
| 115|0x0000000747300000, 0x0000000747300000, 0x0000000747400000|  0%| F|  |TAMS 0x0000000747300000, 0x0000000747300000| Untracked 
| 116|0x0000000747400000, 0x0000000747400000, 0x0000000747500000|  0%| F|  |TAMS 0x0000000747400000, 0x0000000747400000| Untracked 
| 117|0x0000000747500000, 0x0000000747500000, 0x0000000747600000|  0%| F|  |TAMS 0x0000000747500000, 0x0000000747500000| Untracked 
| 118|0x0000000747600000, 0x0000000747600000, 0x0000000747700000|  0%| F|  |TAMS 0x0000000747600000, 0x0000000747600000| Untracked 
| 119|0x0000000747700000, 0x0000000747700000, 0x0000000747800000|  0%| F|  |TAMS 0x0000000747700000, 0x0000000747700000| Untracked 
| 120|0x0000000747800000, 0x0000000747800000, 0x0000000747900000|  0%| F|  |TAMS 0x0000000747800000, 0x0000000747800000| Untracked 
| 121|0x0000000747900000, 0x0000000747900000, 0x0000000747a00000|  0%| F|  |TAMS 0x0000000747900000, 0x0000000747900000| Untracked 
| 122|0x0000000747a00000, 0x0000000747a00000, 0x0000000747b00000|  0%| F|  |TAMS 0x0000000747a00000, 0x0000000747a00000| Untracked 
| 123|0x0000000747b00000, 0x0000000747b00000, 0x0000000747c00000|  0%| F|  |TAMS 0x0000000747b00000, 0x0000000747b00000| Untracked 
| 124|0x0000000747c00000, 0x0000000747c00000, 0x0000000747d00000|  0%| F|  |TAMS 0x0000000747c00000, 0x0000000747c00000| Untracked 
| 125|0x0000000747d00000, 0x0000000747d00000, 0x0000000747e00000|  0%| F|  |TAMS 0x0000000747d00000, 0x0000000747d00000| Untracked 
| 126|0x0000000747e00000, 0x0000000747e00000, 0x0000000747f00000|  0%| F|  |TAMS 0x0000000747e00000, 0x0000000747e00000| Untracked 
| 127|0x0000000747f00000, 0x0000000747f00000, 0x0000000748000000|  0%| F|  |TAMS 0x0000000747f00000, 0x0000000747f00000| Untracked 
| 128|0x0000000748000000, 0x0000000748000000, 0x0000000748100000|  0%| F|  |TAMS 0x0000000748000000, 0x0000000748000000| Untracked 
| 129|0x0000000748100000, 0x0000000748100000, 0x0000000748200000|  0%| F|  |TAMS 0x0000000748100000, 0x0000000748100000| Untracked 
| 130|0x0000000748200000, 0x0000000748300000, 0x0000000748300000|100%|HS|  |TAMS 0x0000000748200000, 0x0000000748200000| Untracked 
| 131|0x0000000748300000, 0x0000000748400000, 0x0000000748400000|100%|HC|  |TAMS 0x0000000748300000, 0x0000000748300000| Untracked 
| 132|0x0000000748400000, 0x0000000748500000, 0x0000000748500000|100%|HC|  |TAMS 0x0000000748400000, 0x0000000748400000| Untracked 
| 133|0x0000000748500000, 0x0000000748600000, 0x0000000748600000|100%|HC|  |TAMS 0x0000000748500000, 0x0000000748500000| Untracked 
| 134|0x0000000748600000, 0x0000000748700000, 0x0000000748700000|100%|HC|  |TAMS 0x0000000748600000, 0x0000000748600000| Untracked 
| 135|0x0000000748700000, 0x0000000748800000, 0x0000000748800000|100%|HC|  |TAMS 0x0000000748700000, 0x0000000748700000| Untracked 
| 136|0x0000000748800000, 0x0000000748900000, 0x0000000748900000|100%|HC|  |TAMS 0x0000000748800000, 0x0000000748800000| Untracked 
| 137|0x0000000748900000, 0x0000000748a00000, 0x0000000748a00000|100%|HC|  |TAMS 0x0000000748900000, 0x0000000748900000| Untracked 
| 138|0x0000000748a00000, 0x0000000748a00000, 0x0000000748b00000|  0%| F|  |TAMS 0x0000000748a00000, 0x0000000748a00000| Untracked 
| 139|0x0000000748b00000, 0x0000000748b00000, 0x0000000748c00000|  0%| F|  |TAMS 0x0000000748b00000, 0x0000000748b00000| Untracked 
| 140|0x0000000748c00000, 0x0000000748c00000, 0x0000000748d00000|  0%| F|  |TAMS 0x0000000748c00000, 0x0000000748c00000| Untracked 
| 141|0x0000000748d00000, 0x0000000748d00000, 0x0000000748e00000|  0%| F|  |TAMS 0x0000000748d00000, 0x0000000748d00000| Untracked 
| 142|0x0000000748e00000, 0x0000000748e00000, 0x0000000748f00000|  0%| F|  |TAMS 0x0000000748e00000, 0x0000000748e00000| Untracked 
| 143|0x0000000748f00000, 0x0000000748f00000, 0x0000000749000000|  0%| F|  |TAMS 0x0000000748f00000, 0x0000000748f00000| Untracked 
| 144|0x0000000749000000, 0x0000000749000000, 0x0000000749100000|  0%| F|  |TAMS 0x0000000749000000, 0x0000000749000000| Untracked 
| 145|0x0000000749100000, 0x0000000749100000, 0x0000000749200000|  0%| F|  |TAMS 0x0000000749100000, 0x0000000749100000| Untracked 
| 146|0x0000000749200000, 0x0000000749200000, 0x0000000749300000|  0%| F|  |TAMS 0x0000000749200000, 0x0000000749200000| Untracked 
| 147|0x0000000749300000, 0x0000000749300000, 0x0000000749400000|  0%| F|  |TAMS 0x0000000749300000, 0x0000000749300000| Untracked 
| 148|0x0000000749400000, 0x0000000749400000, 0x0000000749500000|  0%| F|  |TAMS 0x0000000749400000, 0x0000000749400000| Untracked 
| 149|0x0000000749500000, 0x0000000749500000, 0x0000000749600000|  0%| F|  |TAMS 0x0000000749500000, 0x0000000749500000| Untracked 
| 150|0x0000000749600000, 0x0000000749600000, 0x0000000749700000|  0%| F|  |TAMS 0x0000000749600000, 0x0000000749600000| Untracked 
| 151|0x0000000749700000, 0x0000000749700000, 0x0000000749800000|  0%| F|  |TAMS 0x0000000749700000, 0x0000000749700000| Untracked 
| 152|0x0000000749800000, 0x0000000749800000, 0x0000000749900000|  0%| F|  |TAMS 0x0000000749800000, 0x0000000749800000| Untracked 
| 153|0x0000000749900000, 0x0000000749900000, 0x0000000749a00000|  0%| F|  |TAMS 0x0000000749900000, 0x0000000749900000| Untracked 
| 154|0x0000000749a00000, 0x0000000749a00000, 0x0000000749b00000|  0%| F|  |TAMS 0x0000000749a00000, 0x0000000749a00000| Untracked 
| 155|0x0000000749b00000, 0x0000000749b00000, 0x0000000749c00000|  0%| F|  |TAMS 0x0000000749b00000, 0x0000000749b00000| Untracked 
| 156|0x0000000749c00000, 0x0000000749c00000, 0x0000000749d00000|  0%| F|  |TAMS 0x0000000749c00000, 0x0000000749c00000| Untracked 
| 157|0x0000000749d00000, 0x0000000749d00000, 0x0000000749e00000|  0%| F|  |TAMS 0x0000000749d00000, 0x0000000749d00000| Untracked 
| 158|0x0000000749e00000, 0x0000000749e00000, 0x0000000749f00000|  0%| F|  |TAMS 0x0000000749e00000, 0x0000000749e00000| Untracked 
| 159|0x0000000749f00000, 0x0000000749f00000, 0x000000074a000000|  0%| F|  |TAMS 0x0000000749f00000, 0x0000000749f00000| Untracked 
| 160|0x000000074a000000, 0x000000074a000000, 0x000000074a100000|  0%| F|  |TAMS 0x000000074a000000, 0x000000074a000000| Untracked 
| 161|0x000000074a100000, 0x000000074a100000, 0x000000074a200000|  0%| F|  |TAMS 0x000000074a100000, 0x000000074a100000| Untracked 
| 162|0x000000074a200000, 0x000000074a200000, 0x000000074a300000|  0%| F|  |TAMS 0x000000074a200000, 0x000000074a200000| Untracked 
| 163|0x000000074a300000, 0x000000074a300000, 0x000000074a400000|  0%| F|  |TAMS 0x000000074a300000, 0x000000074a300000| Untracked 
| 164|0x000000074a400000, 0x000000074a400000, 0x000000074a500000|  0%| F|  |TAMS 0x000000074a400000, 0x000000074a400000| Untracked 
| 165|0x000000074a500000, 0x000000074a500000, 0x000000074a600000|  0%| F|  |TAMS 0x000000074a500000, 0x000000074a500000| Untracked 
| 166|0x000000074a600000, 0x000000074a600000, 0x000000074a700000|  0%| F|  |TAMS 0x000000074a600000, 0x000000074a600000| Untracked 
| 167|0x000000074a700000, 0x000000074a700000, 0x000000074a800000|  0%| F|  |TAMS 0x000000074a700000, 0x000000074a700000| Untracked 
| 168|0x000000074a800000, 0x000000074a800000, 0x000000074a900000|  0%| F|  |TAMS 0x000000074a800000, 0x000000074a800000| Untracked 
| 169|0x000000074a900000, 0x000000074a900000, 0x000000074aa00000|  0%| F|  |TAMS 0x000000074a900000, 0x000000074a900000| Untracked 
| 170|0x000000074aa00000, 0x000000074aa00000, 0x000000074ab00000|  0%| F|  |TAMS 0x000000074aa00000, 0x000000074aa00000| Untracked 
| 171|0x000000074ab00000, 0x000000074ab00000, 0x000000074ac00000|  0%| F|  |TAMS 0x000000074ab00000, 0x000000074ab00000| Untracked 
| 172|0x000000074ac00000, 0x000000074ac00000, 0x000000074ad00000|  0%| F|  |TAMS 0x000000074ac00000, 0x000000074ac00000| Untracked 
| 173|0x000000074ad00000, 0x000000074ad00000, 0x000000074ae00000|  0%| F|  |TAMS 0x000000074ad00000, 0x000000074ad00000| Untracked 
| 174|0x000000074ae00000, 0x000000074ae00000, 0x000000074af00000|  0%| F|  |TAMS 0x000000074ae00000, 0x000000074ae00000| Untracked 
| 175|0x000000074af00000, 0x000000074af00000, 0x000000074b000000|  0%| F|  |TAMS 0x000000074af00000, 0x000000074af00000| Untracked 
| 176|0x000000074b000000, 0x000000074b000000, 0x000000074b100000|  0%| F|  |TAMS 0x000000074b000000, 0x000000074b000000| Untracked 
| 177|0x000000074b100000, 0x000000074b100000, 0x000000074b200000|  0%| F|  |TAMS 0x000000074b100000, 0x000000074b100000| Untracked 
| 178|0x000000074b200000, 0x000000074b200000, 0x000000074b300000|  0%| F|  |TAMS 0x000000074b200000, 0x000000074b200000| Untracked 
| 179|0x000000074b300000, 0x000000074b300000, 0x000000074b400000|  0%| F|  |TAMS 0x000000074b300000, 0x000000074b300000| Untracked 
| 180|0x000000074b400000, 0x000000074b400000, 0x000000074b500000|  0%| F|  |TAMS 0x000000074b400000, 0x000000074b400000| Untracked 
| 181|0x000000074b500000, 0x000000074b500000, 0x000000074b600000|  0%| F|  |TAMS 0x000000074b500000, 0x000000074b500000| Untracked 
| 182|0x000000074b600000, 0x000000074b600000, 0x000000074b700000|  0%| F|  |TAMS 0x000000074b600000, 0x000000074b600000| Untracked 
| 183|0x000000074b700000, 0x000000074b700000, 0x000000074b800000|  0%| F|  |TAMS 0x000000074b700000, 0x000000074b700000| Untracked 
| 184|0x000000074b800000, 0x000000074b800000, 0x000000074b900000|  0%| F|  |TAMS 0x000000074b800000, 0x000000074b800000| Untracked 
| 185|0x000000074b900000, 0x000000074b900000, 0x000000074ba00000|  0%| F|  |TAMS 0x000000074b900000, 0x000000074b900000| Untracked 
| 186|0x000000074ba00000, 0x000000074ba00000, 0x000000074bb00000|  0%| F|  |TAMS 0x000000074ba00000, 0x000000074ba00000| Untracked 
| 187|0x000000074bb00000, 0x000000074bb00000, 0x000000074bc00000|  0%| F|  |TAMS 0x000000074bb00000, 0x000000074bb00000| Untracked 
| 188|0x000000074bc00000, 0x000000074bc00000, 0x000000074bd00000|  0%| F|  |TAMS 0x000000074bc00000, 0x000000074bc00000| Untracked 
| 189|0x000000074bd00000, 0x000000074bd00000, 0x000000074be00000|  0%| F|  |TAMS 0x000000074bd00000, 0x000000074bd00000| Untracked 
| 190|0x000000074be00000, 0x000000074be00000, 0x000000074bf00000|  0%| F|  |TAMS 0x000000074be00000, 0x000000074be00000| Untracked 
| 191|0x000000074bf00000, 0x000000074bf00000, 0x000000074c000000|  0%| F|  |TAMS 0x000000074bf00000, 0x000000074bf00000| Untracked 
| 192|0x000000074c000000, 0x000000074c000000, 0x000000074c100000|  0%| F|  |TAMS 0x000000074c000000, 0x000000074c000000| Untracked 
| 193|0x000000074c100000, 0x000000074c100000, 0x000000074c200000|  0%| F|  |TAMS 0x000000074c100000, 0x000000074c100000| Untracked 
| 194|0x000000074c200000, 0x000000074c200000, 0x000000074c300000|  0%| F|  |TAMS 0x000000074c200000, 0x000000074c200000| Untracked 
| 195|0x000000074c300000, 0x000000074c300000, 0x000000074c400000|  0%| F|  |TAMS 0x000000074c300000, 0x000000074c300000| Untracked 
| 196|0x000000074c400000, 0x000000074c400000, 0x000000074c500000|  0%| F|  |TAMS 0x000000074c400000, 0x000000074c400000| Untracked 
| 197|0x000000074c500000, 0x000000074c500000, 0x000000074c600000|  0%| F|  |TAMS 0x000000074c500000, 0x000000074c500000| Untracked 
| 198|0x000000074c600000, 0x000000074c600000, 0x000000074c700000|  0%| F|  |TAMS 0x000000074c600000, 0x000000074c600000| Untracked 
| 199|0x000000074c700000, 0x000000074c700000, 0x000000074c800000|  0%| F|  |TAMS 0x000000074c700000, 0x000000074c700000| Untracked 
| 200|0x000000074c800000, 0x000000074c800000, 0x000000074c900000|  0%| F|  |TAMS 0x000000074c800000, 0x000000074c800000| Untracked 
| 201|0x000000074c900000, 0x000000074c900000, 0x000000074ca00000|  0%| F|  |TAMS 0x000000074c900000, 0x000000074c900000| Untracked 
| 202|0x000000074ca00000, 0x000000074ca00000, 0x000000074cb00000|  0%| F|  |TAMS 0x000000074ca00000, 0x000000074ca00000| Untracked 
| 203|0x000000074cb00000, 0x000000074cb00000, 0x000000074cc00000|  0%| F|  |TAMS 0x000000074cb00000, 0x000000074cb00000| Untracked 
| 204|0x000000074cc00000, 0x000000074cc00000, 0x000000074cd00000|  0%| F|  |TAMS 0x000000074cc00000, 0x000000074cc00000| Untracked 
| 205|0x000000074cd00000, 0x000000074cd00000, 0x000000074ce00000|  0%| F|  |TAMS 0x000000074cd00000, 0x000000074cd00000| Untracked 
| 206|0x000000074ce00000, 0x000000074ce00000, 0x000000074cf00000|  0%| F|  |TAMS 0x000000074ce00000, 0x000000074ce00000| Untracked 
| 207|0x000000074cf00000, 0x000000074cf00000, 0x000000074d000000|  0%| F|  |TAMS 0x000000074cf00000, 0x000000074cf00000| Untracked 
| 208|0x000000074d000000, 0x000000074d000000, 0x000000074d100000|  0%| F|  |TAMS 0x000000074d000000, 0x000000074d000000| Untracked 
| 209|0x000000074d100000, 0x000000074d100000, 0x000000074d200000|  0%| F|  |TAMS 0x000000074d100000, 0x000000074d100000| Untracked 
| 210|0x000000074d200000, 0x000000074d200000, 0x000000074d300000|  0%| F|  |TAMS 0x000000074d200000, 0x000000074d200000| Untracked 
| 211|0x000000074d300000, 0x000000074d300000, 0x000000074d400000|  0%| F|  |TAMS 0x000000074d300000, 0x000000074d300000| Untracked 
| 212|0x000000074d400000, 0x000000074d400000, 0x000000074d500000|  0%| F|  |TAMS 0x000000074d400000, 0x000000074d400000| Untracked 
| 213|0x000000074d500000, 0x000000074d500000, 0x000000074d600000|  0%| F|  |TAMS 0x000000074d500000, 0x000000074d500000| Untracked 
| 214|0x000000074d600000, 0x000000074d600000, 0x000000074d700000|  0%| F|  |TAMS 0x000000074d600000, 0x000000074d600000| Untracked 
| 215|0x000000074d700000, 0x000000074d700000, 0x000000074d800000|  0%| F|  |TAMS 0x000000074d700000, 0x000000074d700000| Untracked 
| 216|0x000000074d800000, 0x000000074d800000, 0x000000074d900000|  0%| F|  |TAMS 0x000000074d800000, 0x000000074d800000| Untracked 
| 217|0x000000074d900000, 0x000000074d900000, 0x000000074da00000|  0%| F|  |TAMS 0x000000074d900000, 0x000000074d900000| Untracked 
| 218|0x000000074da00000, 0x000000074da00000, 0x000000074db00000|  0%| F|  |TAMS 0x000000074da00000, 0x000000074da00000| Untracked 
| 219|0x000000074db00000, 0x000000074db00000, 0x000000074dc00000|  0%| F|  |TAMS 0x000000074db00000, 0x000000074db00000| Untracked 
| 220|0x000000074dc00000, 0x000000074dc00000, 0x000000074dd00000|  0%| F|  |TAMS 0x000000074dc00000, 0x000000074dc00000| Untracked 
| 221|0x000000074dd00000, 0x000000074dd00000, 0x000000074de00000|  0%| F|  |TAMS 0x000000074dd00000, 0x000000074dd00000| Untracked 
| 222|0x000000074de00000, 0x000000074de00000, 0x000000074df00000|  0%| F|  |TAMS 0x000000074de00000, 0x000000074de00000| Untracked 
| 223|0x000000074df00000, 0x000000074df00000, 0x000000074e000000|  0%| F|  |TAMS 0x000000074df00000, 0x000000074df00000| Untracked 
| 224|0x000000074e000000, 0x000000074e000000, 0x000000074e100000|  0%| F|  |TAMS 0x000000074e000000, 0x000000074e000000| Untracked 
| 225|0x000000074e100000, 0x000000074e100000, 0x000000074e200000|  0%| F|  |TAMS 0x000000074e100000, 0x000000074e100000| Untracked 
| 226|0x000000074e200000, 0x000000074e200000, 0x000000074e300000|  0%| F|  |TAMS 0x000000074e200000, 0x000000074e200000| Untracked 
| 227|0x000000074e300000, 0x000000074e300000, 0x000000074e400000|  0%| F|  |TAMS 0x000000074e300000, 0x000000074e300000| Untracked 
| 228|0x000000074e400000, 0x000000074e400000, 0x000000074e500000|  0%| F|  |TAMS 0x000000074e400000, 0x000000074e400000| Untracked 
| 229|0x000000074e500000, 0x000000074e500000, 0x000000074e600000|  0%| F|  |TAMS 0x000000074e500000, 0x000000074e500000| Untracked 
| 230|0x000000074e600000, 0x000000074e600000, 0x000000074e700000|  0%| F|  |TAMS 0x000000074e600000, 0x000000074e600000| Untracked 
| 231|0x000000074e700000, 0x000000074e700000, 0x000000074e800000|  0%| F|  |TAMS 0x000000074e700000, 0x000000074e700000| Untracked 
| 232|0x000000074e800000, 0x000000074e800000, 0x000000074e900000|  0%| F|  |TAMS 0x000000074e800000, 0x000000074e800000| Untracked 
| 233|0x000000074e900000, 0x000000074e900000, 0x000000074ea00000|  0%| F|  |TAMS 0x000000074e900000, 0x000000074e900000| Untracked 
| 234|0x000000074ea00000, 0x000000074ea00000, 0x000000074eb00000|  0%| F|  |TAMS 0x000000074ea00000, 0x000000074ea00000| Untracked 
| 235|0x000000074eb00000, 0x000000074ebe5a40, 0x000000074ec00000| 89%| S|CS|TAMS 0x000000074eb00000, 0x000000074eb00000| Complete 
| 236|0x000000074ec00000, 0x000000074ec00000, 0x000000074ed00000|  0%| F|  |TAMS 0x000000074ec00000, 0x000000074ec00000| Untracked 
| 237|0x000000074ed00000, 0x000000074ed00000, 0x000000074ee00000|  0%| F|  |TAMS 0x000000074ed00000, 0x000000074ed00000| Untracked 
| 238|0x000000074ee00000, 0x000000074ee00000, 0x000000074ef00000|  0%| F|  |TAMS 0x000000074ee00000, 0x000000074ee00000| Untracked 
| 239|0x000000074ef00000, 0x000000074ef00000, 0x000000074f000000|  0%| F|  |TAMS 0x000000074ef00000, 0x000000074ef00000| Untracked 
| 240|0x000000074f000000, 0x000000074f000000, 0x000000074f100000|  0%| F|  |TAMS 0x000000074f000000, 0x000000074f000000| Untracked 
| 241|0x000000074f100000, 0x000000074f100000, 0x000000074f200000|  0%| F|  |TAMS 0x000000074f100000, 0x000000074f100000| Untracked 
| 242|0x000000074f200000, 0x000000074f200000, 0x000000074f300000|  0%| F|  |TAMS 0x000000074f200000, 0x000000074f200000| Untracked 
| 243|0x000000074f300000, 0x000000074f300000, 0x000000074f400000|  0%| F|  |TAMS 0x000000074f300000, 0x000000074f300000| Untracked 
| 244|0x000000074f400000, 0x000000074f400000, 0x000000074f500000|  0%| F|  |TAMS 0x000000074f400000, 0x000000074f400000| Untracked 
| 245|0x000000074f500000, 0x000000074f500000, 0x000000074f600000|  0%| F|  |TAMS 0x000000074f500000, 0x000000074f500000| Untracked 
| 246|0x000000074f600000, 0x000000074f613fa8, 0x000000074f700000|  7%| O|  |TAMS 0x000000074f600000, 0x000000074f600000| Untracked 
| 247|0x000000074f700000, 0x000000074f700000, 0x000000074f800000|  0%| F|  |TAMS 0x000000074f700000, 0x000000074f700000| Untracked 
| 248|0x000000074f800000, 0x000000074f800000, 0x000000074f900000|  0%| F|  |TAMS 0x000000074f800000, 0x000000074f800000| Untracked 
| 249|0x000000074f900000, 0x000000074f900000, 0x000000074fa00000|  0%| F|  |TAMS 0x000000074f900000, 0x000000074f900000| Untracked 
| 250|0x000000074fa00000, 0x000000074fa00000, 0x000000074fb00000|  0%| F|  |TAMS 0x000000074fa00000, 0x000000074fa00000| Untracked 
| 251|0x000000074fb00000, 0x000000074fb00000, 0x000000074fc00000|  0%| F|  |TAMS 0x000000074fb00000, 0x000000074fb00000| Untracked 
| 252|0x000000074fc00000, 0x000000074fc00000, 0x000000074fd00000|  0%| F|  |TAMS 0x000000074fc00000, 0x000000074fc00000| Untracked 
| 253|0x000000074fd00000, 0x000000074fd329c8, 0x000000074fe00000| 19%| O|  |TAMS 0x000000074fd00000, 0x000000074fd00000| Untracked 
| 254|0x000000074fe00000, 0x000000074fe00000, 0x000000074ff00000|  0%| F|  |TAMS 0x000000074fe00000, 0x000000074fe00000| Untracked 
| 255|0x000000074ff00000, 0x000000074ff00000, 0x0000000750000000|  0%| F|  |TAMS 0x000000074ff00000, 0x000000074ff00000| Untracked 
| 256|0x0000000750000000, 0x0000000750000000, 0x0000000750100000|  0%| F|  |TAMS 0x0000000750000000, 0x0000000750000000| Untracked 
| 257|0x0000000750100000, 0x0000000750100000, 0x0000000750200000|  0%| F|  |TAMS 0x0000000750100000, 0x0000000750100000| Untracked 
| 258|0x0000000750200000, 0x0000000750200000, 0x0000000750300000|  0%| F|  |TAMS 0x0000000750200000, 0x0000000750200000| Untracked 
| 259|0x0000000750300000, 0x0000000750300000, 0x0000000750400000|  0%| F|  |TAMS 0x0000000750300000, 0x0000000750300000| Untracked 
| 260|0x0000000750400000, 0x0000000750400000, 0x0000000750500000|  0%| F|  |TAMS 0x0000000750400000, 0x0000000750400000| Untracked 
| 261|0x0000000750500000, 0x0000000750500000, 0x0000000750600000|  0%| F|  |TAMS 0x0000000750500000, 0x0000000750500000| Untracked 
| 262|0x0000000750600000, 0x0000000750600000, 0x0000000750700000|  0%| F|  |TAMS 0x0000000750600000, 0x0000000750600000| Untracked 
| 263|0x0000000750700000, 0x0000000750700000, 0x0000000750800000|  0%| F|  |TAMS 0x0000000750700000, 0x0000000750700000| Untracked 
| 264|0x0000000750800000, 0x0000000750800000, 0x0000000750900000|  0%| F|  |TAMS 0x0000000750800000, 0x0000000750800000| Untracked 
| 265|0x0000000750900000, 0x0000000750900000, 0x0000000750a00000|  0%| F|  |TAMS 0x0000000750900000, 0x0000000750900000| Untracked 
| 266|0x0000000750a00000, 0x0000000750a00000, 0x0000000750b00000|  0%| F|  |TAMS 0x0000000750a00000, 0x0000000750a00000| Untracked 
| 267|0x0000000750b00000, 0x0000000750b00000, 0x0000000750c00000|  0%| F|  |TAMS 0x0000000750b00000, 0x0000000750b00000| Untracked 
| 268|0x0000000750c00000, 0x0000000750c00000, 0x0000000750d00000|  0%| F|  |TAMS 0x0000000750c00000, 0x0000000750c00000| Untracked 
| 269|0x0000000750d00000, 0x0000000750d00000, 0x0000000750e00000|  0%| F|  |TAMS 0x0000000750d00000, 0x0000000750d00000| Untracked 
| 270|0x0000000750e00000, 0x0000000750e00000, 0x0000000750f00000|  0%| F|  |TAMS 0x0000000750e00000, 0x0000000750e00000| Untracked 
| 271|0x0000000750f00000, 0x0000000750f00000, 0x0000000751000000|  0%| F|  |TAMS 0x0000000750f00000, 0x0000000750f00000| Untracked 
| 272|0x0000000751000000, 0x00000007510073c0, 0x0000000751100000|  2%| O|  |TAMS 0x0000000751000000, 0x0000000751000000| Untracked 
| 273|0x0000000751100000, 0x0000000751100000, 0x0000000751200000|  0%| F|  |TAMS 0x0000000751100000, 0x0000000751100000| Untracked 
| 274|0x0000000751200000, 0x0000000751200000, 0x0000000751300000|  0%| F|  |TAMS 0x0000000751200000, 0x0000000751200000| Untracked 
| 275|0x0000000751300000, 0x0000000751300000, 0x0000000751400000|  0%| F|  |TAMS 0x0000000751300000, 0x0000000751300000| Untracked 
| 276|0x0000000751400000, 0x0000000751400000, 0x0000000751500000|  0%| F|  |TAMS 0x0000000751400000, 0x0000000751400000| Untracked 
| 277|0x0000000751500000, 0x0000000751500000, 0x0000000751600000|  0%| F|  |TAMS 0x0000000751500000, 0x0000000751500000| Untracked 
| 278|0x0000000751600000, 0x0000000751600000, 0x0000000751700000|  0%| F|  |TAMS 0x0000000751600000, 0x0000000751600000| Untracked 
| 279|0x0000000751700000, 0x00000007517c52f0, 0x0000000751800000| 77%| E|  |TAMS 0x0000000751700000, 0x0000000751700000| Complete 
| 280|0x0000000751800000, 0x0000000751900000, 0x0000000751900000|100%| E|CS|TAMS 0x0000000751800000, 0x0000000751800000| Complete 
| 281|0x0000000751900000, 0x0000000751a00000, 0x0000000751a00000|100%| E|CS|TAMS 0x0000000751900000, 0x0000000751900000| Complete 
| 282|0x0000000751a00000, 0x0000000751b00000, 0x0000000751b00000|100%| E|CS|TAMS 0x0000000751a00000, 0x0000000751a00000| Complete 
| 283|0x0000000751b00000, 0x0000000751c00000, 0x0000000751c00000|100%| E|CS|TAMS 0x0000000751b00000, 0x0000000751b00000| Complete 
| 284|0x0000000751c00000, 0x0000000751d00000, 0x0000000751d00000|100%| E|CS|TAMS 0x0000000751c00000, 0x0000000751c00000| Complete 
| 285|0x0000000751d00000, 0x0000000751e00000, 0x0000000751e00000|100%| E|CS|TAMS 0x0000000751d00000, 0x0000000751d00000| Complete 
| 286|0x0000000751e00000, 0x0000000751f00000, 0x0000000751f00000|100%| E|CS|TAMS 0x0000000751e00000, 0x0000000751e00000| Complete 
| 287|0x0000000751f00000, 0x0000000752000000, 0x0000000752000000|100%| E|CS|TAMS 0x0000000751f00000, 0x0000000751f00000| Complete 
| 288|0x0000000752000000, 0x0000000752100000, 0x0000000752100000|100%| E|CS|TAMS 0x0000000752000000, 0x0000000752000000| Complete 
| 289|0x0000000752100000, 0x0000000752200000, 0x0000000752200000|100%| E|CS|TAMS 0x0000000752100000, 0x0000000752100000| Complete 
| 290|0x0000000752200000, 0x0000000752300000, 0x0000000752300000|100%| E|CS|TAMS 0x0000000752200000, 0x0000000752200000| Complete 
| 291|0x0000000752300000, 0x0000000752400000, 0x0000000752400000|100%| E|CS|TAMS 0x0000000752300000, 0x0000000752300000| Complete 
| 292|0x0000000752400000, 0x0000000752500000, 0x0000000752500000|100%| E|CS|TAMS 0x0000000752400000, 0x0000000752400000| Complete 
| 293|0x0000000752500000, 0x0000000752600000, 0x0000000752600000|100%| E|CS|TAMS 0x0000000752500000, 0x0000000752500000| Complete 
| 294|0x0000000752600000, 0x0000000752700000, 0x0000000752700000|100%| E|CS|TAMS 0x0000000752600000, 0x0000000752600000| Complete 
| 295|0x0000000752700000, 0x0000000752800000, 0x0000000752800000|100%| E|CS|TAMS 0x0000000752700000, 0x0000000752700000| Complete 
| 296|0x0000000752800000, 0x0000000752900000, 0x0000000752900000|100%| E|CS|TAMS 0x0000000752800000, 0x0000000752800000| Complete 

Card table byte_map: [0x0000013e1c930000,0x0000013e1cf30000] _byte_map_base: 0x0000013e18f30000

Marking Bits (Prev, Next): (CMBitMap*) 0x0000013e015560c8, (CMBitMap*) 0x0000013e01556100
 Prev Bits: [0x0000013e214b0000, 0x0000013e244b0000)
 Next Bits: [0x0000013e244b0000, 0x0000013e274b0000)

Polling page: 0x0000013e00260000

Metaspace:

Usage:
  Non-class:     83.38 MB capacity,    82.58 MB (>99%) used,   623.98 KB ( <1%) free+waste,   195.44 KB ( <1%) overhead. 
      Class:     12.96 MB capacity,    12.43 MB ( 96%) used,   452.07 KB (  3%) free+waste,    85.88 KB ( <1%) overhead. 
       Both:     96.34 MB capacity,    95.01 MB ( 99%) used,     1.05 MB (  1%) free+waste,   281.31 KB ( <1%) overhead. 

Virtual space:
  Non-class space:       88.00 MB reserved,      86.05 MB ( 98%) committed 
      Class space:        1.00 GB reserved,      14.45 MB (  1%) committed 
             Both:        1.09 GB reserved,     100.50 MB (  9%) committed 

Chunk freelists:
   Non-Class:  342.50 KB
       Class:  181.13 KB
        Both:  523.63 KB

CodeHeap 'non-profiled nmethods': size=120000Kb used=27782Kb max_used=27782Kb free=92217Kb
 bounds [0x0000013e14ad0000, 0x0000013e16600000, 0x0000013e1c000000]
CodeHeap 'profiled nmethods': size=120000Kb used=45569Kb max_used=48570Kb free=74430Kb
 bounds [0x0000013e0d5a0000, 0x0000013e10570000, 0x0000013e14ad0000]
CodeHeap 'non-nmethods': size=5760Kb used=1686Kb max_used=1731Kb free=4073Kb
 bounds [0x0000013e0d000000, 0x0000013e0d270000, 0x0000013e0d5a0000]
 total_blobs=40947 nmethods=20203 adapters=1153
 compilation: enabled
              stopped_count=0, restarted_count=0
 full_count=0

Compilation events (10 events):
Event: 11136.767 Thread 0x0000013e1db98800 27674       4       javax.swing.table.DefaultTableColumnModel::removeColumn (64 bytes)
Event: 11136.767 Thread 0x0000013e0436a000 27675       3       ui.views.N.h.e::jIS (134 bytes)
Event: 11136.768 Thread 0x0000013e0436a000 nmethod 27675 0x0000013e0f7d2d90 code [0x0000013e0f7d30e0, 0x0000013e0f7d4a60]
Event: 11136.782 Thread 0x0000013e1db98800 nmethod 27674 0x0000013e165f4490 code [0x0000013e165f46c0, 0x0000013e165f57e0]
Event: 11136.782 Thread 0x0000013e1db98800 27676       4       com.google.protobuf.CodedOutputStream$ArrayEncoder::writeInt32 (12 bytes)
Event: 11136.788 Thread 0x0000013e1db98800 nmethod 27676 0x0000013e165f6110 code [0x0000013e165f62c0, 0x0000013e165f6688]
Event: 11136.794 Thread 0x0000013e0436a000 27677       3       ui.frmwork.b.j::a (40 bytes)
Event: 11136.794 Thread 0x0000013e0436a000 nmethod 27677 0x0000013e0f2f8510 code [0x0000013e0f2f86e0, 0x0000013e0f2f8a70]
Event: 11139.459 Thread 0x0000013e1db98800 27678       4       javax.swing.plaf.synth.SynthProgressBarUI::getBox (22 bytes)
Event: 11139.460 Thread 0x0000013e1db98800 nmethod 27678 0x0000013e165f6a10 code [0x0000013e165f6bc0, 0x0000013e165f6c68]

GC Heap History (10 events):
Event: 11118.289 GC heap before
{Heap before GC invocations=996 (full 279):
 garbage-first heap   total 304128K, used 161275K [0x0000000740000000, 0x0000000800000000)
  region size 1024K, 60 young (61440K), 1 survivors (1024K)
 Metaspace       used 97270K, capacity 98584K, committed 102916K, reserved 1138688K
  class space    used 12732K, capacity 13270K, committed 14796K, reserved 1048576K
}
Event: 11118.292 GC heap after
{Heap after GC invocations=997 (full 279):
 garbage-first heap   total 304128K, used 100930K [0x0000000740000000, 0x0000000800000000)
  region size 1024K, 1 young (1024K), 1 survivors (1024K)
 Metaspace       used 97270K, capacity 98584K, committed 102916K, reserved 1138688K
  class space    used 12732K, capacity 13270K, committed 14796K, reserved 1048576K
}
Event: 11121.578 GC heap before
{Heap before GC invocations=997 (full 279):
 garbage-first heap   total 304128K, used 161346K [0x0000000740000000, 0x0000000800000000)
  region size 1024K, 60 young (61440K), 1 survivors (1024K)
 Metaspace       used 97274K, capacity 98648K, committed 102916K, reserved 1138688K
  class space    used 12732K, capacity 13270K, committed 14796K, reserved 1048576K
}
Event: 11121.580 GC heap after
{Heap after GC invocations=998 (full 279):
 garbage-first heap   total 304128K, used 101045K [0x0000000740000000, 0x0000000800000000)
  region size 1024K, 2 young (2048K), 2 survivors (2048K)
 Metaspace       used 97274K, capacity 98648K, committed 102916K, reserved 1138688K
  class space    used 12732K, capacity 13270K, committed 14796K, reserved 1048576K
}
Event: 11124.497 GC heap before
{Heap before GC invocations=998 (full 279):
 garbage-first heap   total 304128K, used 160437K [0x0000000740000000, 0x0000000800000000)
  region size 1024K, 60 young (61440K), 2 survivors (2048K)
 Metaspace       used 97283K, capacity 98648K, committed 102916K, reserved 1138688K
  class space    used 12732K, capacity 13270K, committed 14796K, reserved 1048576K
}
Event: 11124.498 GC heap after
{Heap after GC invocations=999 (full 279):
 garbage-first heap   total 304128K, used 100868K [0x0000000740000000, 0x0000000800000000)
  region size 1024K, 1 young (1024K), 1 survivors (1024K)
 Metaspace       used 97283K, capacity 98648K, committed 102916K, reserved 1138688K
  class space    used 12732K, capacity 13270K, committed 14796K, reserved 1048576K
}
Event: 11128.493 GC heap before
{Heap before GC invocations=999 (full 279):
 garbage-first heap   total 304128K, used 161284K [0x0000000740000000, 0x0000000800000000)
  region size 1024K, 60 young (61440K), 1 survivors (1024K)
 Metaspace       used 97288K, capacity 98651K, committed 102916K, reserved 1138688K
  class space    used 12733K, capacity 13271K, committed 14796K, reserved 1048576K
}
Event: 11128.496 GC heap after
{Heap after GC invocations=1000 (full 279):
 garbage-first heap   total 304128K, used 101062K [0x0000000740000000, 0x0000000800000000)
  region size 1024K, 2 young (2048K), 2 survivors (2048K)
 Metaspace       used 97288K, capacity 98651K, committed 102916K, reserved 1138688K
  class space    used 12733K, capacity 13271K, committed 14796K, reserved 1048576K
}
Event: 11136.806 GC heap before
{Heap before GC invocations=1000 (full 279):
 garbage-first heap   total 304128K, used 160454K [0x0000000740000000, 0x0000000800000000)
  region size 1024K, 60 young (61440K), 2 survivors (2048K)
 Metaspace       used 97293K, capacity 98651K, committed 102916K, reserved 1138688K
  class space    used 12733K, capacity 13271K, committed 14796K, reserved 1048576K
}
Event: 11136.808 GC heap after
{Heap after GC invocations=1001 (full 279):
 garbage-first heap   total 304128K, used 100824K [0x0000000740000000, 0x0000000800000000)
  region size 1024K, 1 young (1024K), 1 survivors (1024K)
 Metaspace       used 97293K, capacity 98651K, committed 102916K, reserved 1138688K
  class space    used 12733K, capacity 13271K, committed 14796K, reserved 1048576K
}

Deoptimization events (10 events):
Event: 11021.181 Thread 0x0000013e2c7b6000 Uncommon trap: reason=unstable_if action=reinterpret pc=0x0000013e15874c44 method=java.awt.GradientPaintContext.getCachedRaster(Ljava/awt/image/ColorModel;II)Ljava/awt/image/Raster; @ 40 c2
Event: 11024.888 Thread 0x0000013e2c7b6000 Uncommon trap: reason=class_check action=maybe_recompile pc=0x0000013e15fda0f8 method=java.awt.geom.LineIterator.currentSegment([D)I @ 30 c2
Event: 11024.888 Thread 0x0000013e2c7b6000 Uncommon trap: reason=class_check action=maybe_recompile pc=0x0000013e15fda0e0 method=java.awt.geom.LineIterator.currentSegment([D)I @ 55 c2
Event: 11024.888 Thread 0x0000013e2c7b6000 Uncommon trap: reason=unstable_if action=reinterpret pc=0x0000013e15c02b30 method=sun.java2d.marlin.DStroker.finish(I)V @ 50 c2
Event: 11024.888 Thread 0x0000013e2c7b6000 Uncommon trap: reason=class_check action=maybe_recompile pc=0x0000013e15fda0f8 method=java.awt.geom.LineIterator.currentSegment([D)I @ 30 c2
Event: 11024.888 Thread 0x0000013e2c7b6000 Uncommon trap: reason=class_check action=maybe_recompile pc=0x0000013e15fda0e0 method=java.awt.geom.LineIterator.currentSegment([D)I @ 55 c2
Event: 11028.738 Thread 0x0000013e2c7b6000 Uncommon trap: reason=array_check action=maybe_recompile pc=0x0000013e1652cdcc method=java.util.TimSort.mergeHi(IIII)V @ 101 c2
Event: 11028.738 Thread 0x0000013e2c7b6000 Uncommon trap: reason=unstable_if action=reinterpret pc=0x0000013e150ee550 method=java.awt.datatransfer.MimeTypeParameterList.skipWhiteSpace(Ljava/lang/String;I)I @ 25 c2
Event: 11028.768 Thread 0x0000013e2c7b6000 Uncommon trap: reason=unstable_if action=reinterpret pc=0x0000013e160c14d4 method=java.lang.StringCoding.decode([BII)Ljava/lang/StringCoding$Result; @ 78 c2
Event: 11031.818 Thread 0x0000013e2c7b6000 Uncommon trap: reason=unstable_if action=reinterpret pc=0x0000013e15ae37c8 method=java.lang.StringCoding.decode(Ljava/lang/String;[BII)Ljava/lang/StringCoding$Result; @ 51 c2

Classes redefined (0 events):
No events

Internal exceptions (10 events):
Event: 11116.934 Thread 0x0000013e2c7b6000 Exception <a 'java/io/FileNotFoundException'{0x0000000751361af0}> (0x0000000751361af0) thrown at [t:/workspace/open/src/hotspot/share/prims/jni.cpp, line 615]
Event: 11117.093 Thread 0x0000013e2c7b6000 Exception <a 'java/io/FileNotFoundException'{0x000000074fca4f78}> (0x000000074fca4f78) thrown at [t:/workspace/open/src/hotspot/share/prims/jni.cpp, line 615]
Event: 11121.837 Thread 0x0000013e2c7b6000 Exception <a 'java/io/FileNotFoundException'{0x0000000751b400f0}> (0x0000000751b400f0) thrown at [t:/workspace/open/src/hotspot/share/prims/jni.cpp, line 615]
Event: 11121.978 Thread 0x0000013e2c7b6000 Exception <a 'java/io/FileNotFoundException'{0x00000007513712a8}> (0x00000007513712a8) thrown at [t:/workspace/open/src/hotspot/share/prims/jni.cpp, line 615]
Event: 11126.836 Thread 0x0000013e2c7b6000 Exception <a 'java/io/FileNotFoundException'{0x000000074f90efe0}> (0x000000074f90efe0) thrown at [t:/workspace/open/src/hotspot/share/prims/jni.cpp, line 615]
Event: 11126.977 Thread 0x0000013e2c7b6000 Exception <a 'java/io/FileNotFoundException'{0x000000074f937360}> (0x000000074f937360) thrown at [t:/workspace/open/src/hotspot/share/prims/jni.cpp, line 615]
Event: 11131.837 Thread 0x0000013e2c7b6000 Exception <a 'java/io/FileNotFoundException'{0x000000074f5586a0}> (0x000000074f5586a0) thrown at [t:/workspace/open/src/hotspot/share/prims/jni.cpp, line 615]
Event: 11131.978 Thread 0x0000013e2c7b6000 Exception <a 'java/io/FileNotFoundException'{0x000000074f569a80}> (0x000000074f569a80) thrown at [t:/workspace/open/src/hotspot/share/prims/jni.cpp, line 615]
Event: 11136.837 Thread 0x0000013e2c7b6000 Exception <a 'java/io/FileNotFoundException'{0x000000075285bd48}> (0x000000075285bd48) thrown at [t:/workspace/open/src/hotspot/share/prims/jni.cpp, line 615]
Event: 11136.978 Thread 0x0000013e2c7b6000 Exception <a 'java/io/FileNotFoundException'{0x0000000752879d30}> (0x0000000752879d30) thrown at [t:/workspace/open/src/hotspot/share/prims/jni.cpp, line 615]

Events (10 events):
Event: 11137.762 Thread 0x0000013e2a488000 Thread added: 0x0000013e2a488000
Event: 11137.766 Thread 0x0000013e2a488000 Thread exited: 0x0000013e2a488000
Event: 11138.762 Thread 0x0000013e2a488000 Thread added: 0x0000013e2a488000
Event: 11138.766 Thread 0x0000013e2a488000 Thread exited: 0x0000013e2a488000
Event: 11139.175 Thread 0x0000013e2a488000 Thread added: 0x0000013e2a488000
Event: 11139.178 Executing VM operation: RevokeBias
Event: 11139.178 Executing VM operation: RevokeBias done
Event: 11139.178 Thread 0x0000013e2a488000 Thread exited: 0x0000013e2a488000
Event: 11139.763 Thread 0x0000013e2a488000 Thread added: 0x0000013e2a488000
Event: 11139.767 Thread 0x0000013e2a488000 Thread exited: 0x0000013e2a488000


Dynamic libraries:
0x00007ff641e90000 - 0x00007ff641ebf000 	D:\vvivado\Vivado\2020.2\bin\unwrapped\win64.o\vivado.exe
0x00007fff55470000 - 0x00007fff55665000 	C:\WINDOWS\SYSTEM32\ntdll.dll
0x00007fff536a0000 - 0x00007fff5375d000 	C:\WINDOWS\System32\KERNEL32.DLL
0x00007fff53150000 - 0x00007fff53418000 	C:\WINDOWS\System32\KERNELBASE.dll
0x00007fff52e70000 - 0x00007fff52f70000 	C:\WINDOWS\System32\ucrtbase.dll
0x00007fff30880000 - 0x00007fff30911000 	C:\WINDOWS\SYSTEM32\MSVCP140.dll
0x00007fff30860000 - 0x00007fff30879000 	C:\WINDOWS\SYSTEM32\VCRUNTIME140.dll
0x00007fff30850000 - 0x00007fff3085c000 	C:\WINDOWS\SYSTEM32\VCRUNTIME140_1.dll
0x00007fff3de80000 - 0x00007fff3de98000 	D:\vvivado\Vivado\2020.2\lib\win64.o\librdi_commonmain.dll
0x00007fff3d640000 - 0x00007fff3d653000 	D:\vvivado\Vivado\2020.2\lib\win64.o\libboost_signals.dll
0x00007fff474e0000 - 0x00007fff474e9000 	D:\vvivado\Vivado\2020.2\lib\win64.o\librdi_commonversion.dll
0x00007fff3cac0000 - 0x00007fff3cae2000 	D:\vvivado\Vivado\2020.2\lib\win64.o\libboost_filesystem.dll
0x00007fff552e0000 - 0x00007fff5538c000 	C:\WINDOWS\System32\ADVAPI32.dll
0x00007fff53760000 - 0x00007fff537fe000 	C:\WINDOWS\System32\msvcrt.dll
0x00007fff55390000 - 0x00007fff5542b000 	C:\WINDOWS\System32\sechost.dll
0x00007fff55080000 - 0x00007fff551ab000 	C:\WINDOWS\System32\RPCRT4.dll
0x00007ffef8900000 - 0x00007ffef8a99000 	D:\vvivado\Vivado\2020.2\lib\win64.o\librdi_commonxillic.dll
0x00007fff54790000 - 0x00007fff54930000 	C:\WINDOWS\System32\USER32.dll
0x00007fff52e40000 - 0x00007fff52e62000 	C:\WINDOWS\System32\win32u.dll
0x00007fff53ee0000 - 0x00007fff53f0a000 	C:\WINDOWS\System32\GDI32.dll
0x00007fff52bb0000 - 0x00007fff52cbb000 	C:\WINDOWS\System32\gdi32full.dll
0x00007fff52da0000 - 0x00007fff52e3d000 	C:\WINDOWS\System32\msvcp_win.dll
0x00007fff53d50000 - 0x00007fff53dbb000 	C:\WINDOWS\System32\WS2_32.dll
0x00007fff52cc0000 - 0x00007fff52ce7000 	C:\WINDOWS\System32\bcrypt.dll
0x000000006c810000 - 0x000000006c93b000 	D:\vvivado\Vivado\2020.2\lib\win64.o\tcl85t.dll
0x00007ffed7b70000 - 0x00007ffed8ce7000 	D:\vvivado\Vivado\2020.2\lib\win64.o\librdi_common.dll
0x00007fff54930000 - 0x00007fff55072000 	C:\WINDOWS\System32\SHELL32.dll
0x00007fff3e4f0000 - 0x00007fff3e4f9000 	D:\vvivado\Vivado\2020.2\lib\win64.o\libboost_system.dll
0x00007ffef8630000 - 0x00007ffef8741000 	D:\vvivado\Vivado\2020.2\lib\win64.o\libboost_regex.dll
0x00007ffed5600000 - 0x00007ffed58db000 	D:\vvivado\Vivado\2020.2\lib\win64.o\libXil_lmgr11.dll
0x00007fff546b0000 - 0x00007fff5478a000 	C:\WINDOWS\System32\COMDLG32.dll
0x00007fff539d0000 - 0x00007fff53d25000 	C:\WINDOWS\System32\combase.dll
0x00007fff53800000 - 0x00007fff538ae000 	C:\WINDOWS\System32\shcore.dll
0x00007fff534f0000 - 0x00007fff53545000 	C:\WINDOWS\System32\SHLWAPI.dll
0x00007fff54430000 - 0x00007fff544fd000 	C:\WINDOWS\System32\OLEAUT32.dll
0x00007fff551b0000 - 0x00007fff552da000 	C:\WINDOWS\System32\ole32.dll
0x00007fff52d40000 - 0x00007fff52da0000 	C:\WINDOWS\System32\WINTRUST.dll
0x00007fff52f70000 - 0x00007fff530cf000 	C:\WINDOWS\System32\CRYPT32.dll
0x00007ffed7800000 - 0x00007ffed7b6e000 	D:\vvivado\Vivado\2020.2\lib\win64.o\libCOIN-all.dll
0x00007fff3d630000 - 0x00007fff3d640000 	D:\vvivado\Vivado\2020.2\lib\win64.o\libboost_date_time.dll
0x00007ffef8750000 - 0x00007ffef87c3000 	D:\vvivado\Vivado\2020.2\lib\win64.o\libboost_program_options.dll
0x00007fff1b7a0000 - 0x00007fff1b7be000 	D:\vvivado\Vivado\2020.2\lib\win64.o\libboost_thread.dll
0x00007fff3cd20000 - 0x00007fff3cd2c000 	D:\vvivado\Vivado\2020.2\lib\win64.o\libboost_xilinx.dll
0x00007ffef8490000 - 0x00007ffef8512000 	D:\vvivado\Vivado\2020.2\lib\win64.o\libhdlpsolve.dll
0x00007ffef83e0000 - 0x00007ffef8485000 	D:\vvivado\Vivado\2020.2\lib\win64.o\libhdxml.dll
0x00007fff05550000 - 0x00007fff05578000 	D:\vvivado\Vivado\2020.2\lib\win64.o\libisl_sysinfo.dll
0x00007ffef6270000 - 0x00007ffef62d5000 	D:\vvivado\Vivado\2020.2\lib\win64.o\liblmx6.0.dll
0x00007ffef88e0000 - 0x00007ffef88fc000 	D:\vvivado\Vivado\2020.2\lib\win64.o\librdiconfig.dll
0x00007ffef8610000 - 0x00007ffef862a000 	D:\vvivado\Vivado\2020.2\lib\win64.o\pthreadVC2.dll
0x00007ffef83b0000 - 0x00007ffef83d1000 	D:\vvivado\Vivado\2020.2\lib\win64.o\librdizlib.dll
0x00007fff355b0000 - 0x00007fff355c8000 	C:\WINDOWS\SYSTEM32\NETAPI32.dll
0x00007fff35630000 - 0x00007fff35b0d000 	C:\WINDOWS\SYSTEM32\WININET.dll
0x00007fff4d660000 - 0x00007fff4d76b000 	C:\WINDOWS\SYSTEM32\WINHTTP.dll
0x00007fff3e660000 - 0x00007fff3e84e000 	C:\WINDOWS\SYSTEM32\urlmon.dll
0x0000000012000000 - 0x0000000012270000 	D:\vvivado\Vivado\2020.2\lib\win64.o\xerces-c_3_1.dll
0x00007fff4d000000 - 0x00007fff4d009000 	C:\WINDOWS\SYSTEM32\WSOCK32.dll
0x00007ffeee730000 - 0x00007ffeee757000 	C:\WINDOWS\SYSTEM32\VCOMP140.DLL
0x00007fff38a60000 - 0x00007fff38b10000 	C:\WINDOWS\WinSxS\amd64_microsoft.windows.common-controls_6595b64144ccf1df_5.82.19041.844_none_423537bff6b9828c\COMCTL32.dll
0x00007fff47b30000 - 0x00007fff47b4d000 	C:\WINDOWS\SYSTEM32\dhcpcsvc.DLL
0x00007fff3bd40000 - 0x00007fff3bd4c000 	D:\vvivado\Vivado\2020.2\lib\win64.o\libboost_chrono.dll
0x00007fff44220000 - 0x00007fff444d0000 	C:\WINDOWS\SYSTEM32\iertutil.dll
0x00007ffed58e0000 - 0x00007ffed77f7000 	D:\vvivado\Vivado\2020.2\lib\win64.o\gurobi90.dll
0x00007fff538b0000 - 0x00007fff53906000 	C:\WINDOWS\System32\WLDAP32.dll
0x00007fff534d0000 - 0x00007fff534d8000 	C:\WINDOWS\System32\Normaliz.dll
0x00007ffed4800000 - 0x00007ffed55f2600 	D:\vvivado\Vivado\2020.2\lib\win64.o\libisl_iostreams.dll
0x00007ffef85f0000 - 0x00007ffef8606000 	D:\vvivado\Vivado\2020.2\lib\win64.o\libboost_iostreams.dll
0x00007ffeee700000 - 0x00007ffeee723000 	D:\vvivado\Vivado\2020.2\lib\win64.o\libisl_iosutils.dll
0x00007fff52070000 - 0x00007fff5207c000 	C:\WINDOWS\SYSTEM32\NETUTILS.DLL
0x00007fff52390000 - 0x00007fff523fa000 	C:\WINDOWS\SYSTEM32\MSWSOCK.DLL
0x00007fff53660000 - 0x00007fff53690000 	C:\WINDOWS\System32\IMM32.DLL
0x00007fff527a0000 - 0x00007fff527b2000 	C:\WINDOWS\SYSTEM32\MSASN1.dll
0x00007fff50ad0000 - 0x00007fff50ae2000 	C:\WINDOWS\SYSTEM32\kernel.appcore.dll
0x00007ffed42d0000 - 0x00007ffed47f2000 	D:\vvivado\Vivado\2020.2\lib\win64.o\librdi_commontasks.dll
0x00007fff41740000 - 0x00007fff4174a000 	C:\WINDOWS\SYSTEM32\VERSION.dll
0x00007ffed3ff0000 - 0x00007ffed42c5000 	D:\vvivado\Vivado\2020.2\lib\win64.o\librdi_sio.dll
0x00007fff52030000 - 0x00007fff5206b000 	C:\WINDOWS\SYSTEM32\IPHLPAPI.DLL
0x00007ffed34c0000 - 0x00007ffed3fe3000 	D:\vvivado\Vivado\2020.2\tps\win64\jre11.0.2\bin\server\jvm.dll
0x00007fff53690000 - 0x00007fff53698000 	C:\WINDOWS\System32\PSAPI.DLL
0x00007fff41000000 - 0x00007fff41027000 	C:\WINDOWS\SYSTEM32\WINMM.dll
0x00007fff50cf0000 - 0x00007fff51481000 	C:\WINDOWS\SYSTEM32\windows.storage.dll
0x00007fff52620000 - 0x00007fff5264c000 	C:\WINDOWS\SYSTEM32\Wldp.dll
0x00007ffed0a00000 - 0x00007ffed34be000 	D:\vvivado\Vivado\2020.2\lib\win64.o\librdi_tcltasks.dll
0x00007ffeec430000 - 0x00007ffeec4ae000 	D:\vvivado\Vivado\2020.2\lib\win64.o\librdi_boarddep.dll
0x00007ffedade0000 - 0x00007ffedaf93000 	D:\vvivado\Vivado\2020.2\lib\win64.o\librdi_board.dll
0x00007ffed0450000 - 0x00007ffed0546000 	D:\vvivado\Vivado\2020.2\lib\win64.o\librdi_chipscope.dll
0x00007ffed0550000 - 0x00007ffed09f6000 	D:\vvivado\Vivado\2020.2\lib\win64.o\librdi_bitstream.dll
0x00007ffed0260000 - 0x00007ffed044a000 	D:\vvivado\Vivado\2020.2\lib\win64.o\librdi_chipscopeimpl.dll
0x00007ffed00f0000 - 0x00007ffed0251000 	D:\vvivado\Vivado\2020.2\lib\win64.o\librdi_containers.dll
0x00007ffece2c0000 - 0x00007ffed00ec000 	D:\vvivado\Vivado\2020.2\lib\win64.o\librdi_constraints.dll
0x00007ffec9a70000 - 0x00007ffecb7d1000 	D:\vvivado\Vivado\2020.2\lib\win64.o\librdi_designutils.dll
0x00007ffecbf00000 - 0x00007ffece2bd000 	D:\vvivado\Vivado\2020.2\lib\win64.o\librdi_coregen.dll
0x00007ffecb7e0000 - 0x00007ffecbef8000 	D:\vvivado\Vivado\2020.2\lib\win64.o\librdi_coregenipxact.dll
0x00007ffeb0ac0000 - 0x00007ffeb0e28000 	D:\vvivado\Vivado\2020.2\lib\win64.o\librdi_dlyest.dll
0x00007ffeb0e30000 - 0x00007ffeb148d000 	D:\vvivado\Vivado\2020.2\lib\win64.o\librdi_drc.dll
0x00007ffeec060000 - 0x00007ffeec113000 	D:\vvivado\Vivado\2020.2\lib\win64.o\librdi_dsp.dll
0x00007ffeb1490000 - 0x00007ffec9a6f000 	D:\vvivado\Vivado\2020.2\lib\win64.o\librdi_device.dll
0x00007ffeeb9d0000 - 0x00007ffeeba3b000 	D:\vvivado\Vivado\2020.2\lib\win64.o\librdi_hdf.dll
0x00007ffeb0520000 - 0x00007ffeb0797000 	D:\vvivado\Vivado\2020.2\lib\win64.o\librdi_hip_devdesign.dll
0x00007ffeb07a0000 - 0x00007ffeb0abd000 	D:\vvivado\Vivado\2020.2\lib\win64.o\librdi_guitools.dll
0x00007ffeafe50000 - 0x00007ffeb0512000 	D:\vvivado\Vivado\2020.2\lib\win64.o\librdi_filemgmt.dll
0x00007ffeafd00000 - 0x00007ffeafe47000 	D:\vvivado\Vivado\2020.2\lib\win64.o\librdi_hip_perf_analysis.dll
0x00007ffeaf6b0000 - 0x00007ffeafcfc000 	D:\vvivado\Vivado\2020.2\lib\win64.o\librdi_memdata.dll
0x00007ffedad60000 - 0x00007ffedadd2000 	D:\vvivado\Vivado\2020.2\lib\win64.o\librdi_memoryarray.dll
0x00007ffeadad0000 - 0x00007ffeaf6a4000 	D:\vvivado\Vivado\2020.2\lib\win64.o\librdi_implflow.dll
0x00007ffeab680000 - 0x00007ffeadac4000 	D:\vvivado\Vivado\2020.2\lib\win64.o\librdi_mig.dll
0x00007ffeecfb0000 - 0x00007ffeed004000 	D:\vvivado\Vivado\2020.2\lib\win64.o\librdi_pfi.dll
0x00007ffeaaf50000 - 0x00007ffeab67c000 	D:\vvivado\Vivado\2020.2\lib\win64.o\librdi_netlist.dll
0x00007ffeaabb0000 - 0x00007ffeaaf4e000 	D:\vvivado\Vivado\2020.2\lib\win64.o\librdi_platform.dll
0x00007ffeaa390000 - 0x00007ffeaaba7000 	D:\vvivado\Vivado\2020.2\lib\win64.o\librdi_power.dll
0x00007ffea7180000 - 0x00007ffeaa387000 	D:\vvivado\Vivado\2020.2\lib\win64.o\librdi_place.dll
0x00007ffea63d0000 - 0x00007ffea6a44000 	D:\vvivado\Vivado\2020.2\lib\win64.o\librdi_project.dll
0x00007ffea6a50000 - 0x00007ffea7172000 	D:\vvivado\Vivado\2020.2\lib\win64.o\librdi_psta.dll
0x00007ffea5bc0000 - 0x00007ffea63cc000 	D:\vvivado\Vivado\2020.2\lib\win64.o\librdi_rsb.dll
0x00007ffea5690000 - 0x00007ffea5bbb000 	D:\vvivado\Vivado\2020.2\lib\win64.o\librdi_runs.dll
0x00007ffea5580000 - 0x00007ffea5689000 	D:\vvivado\Vivado\2020.2\lib\win64.o\librdi_runsbase.dll
0x00007ffea5300000 - 0x00007ffea5574000 	D:\vvivado\Vivado\2020.2\lib\win64.o\librdi_simdata.dll
0x00007ffea51e0000 - 0x00007ffea52f6000 	D:\vvivado\Vivado\2020.2\lib\win64.o\librdi_xhub.dll
0x00007ffea5130000 - 0x00007ffea51d7000 	D:\vvivado\Vivado\2020.2\lib\win64.o\librdi_xhubtasks.dll
0x00007ffea41a0000 - 0x00007ffea5121000 	D:\vvivado\Vivado\2020.2\lib\win64.o\librdi_timing.dll
0x00007ffea3fb0000 - 0x00007ffea419b000 	D:\vvivado\Vivado\2020.2\lib\win64.o\librdi_advchipscopeimpl.dll
0x00007ffeec7b0000 - 0x00007ffeec7f7000 	D:\vvivado\Vivado\2020.2\lib\win64.o\libboost_serialization.dll
0x00007ffea3e70000 - 0x00007ffea3f5b000 	D:\vvivado\Vivado\2020.2\lib\win64.o\librdi_ipconfig_readwrite.dll
0x00007ffeda490000 - 0x00007ffeda4fa000 	D:\vvivado\Vivado\2020.2\lib\win64.o\librdi_noc_frameworks.dll
0x00007ffea3f60000 - 0x00007ffea3fa6000 	D:\vvivado\Vivado\2020.2\lib\win64.o\libboost_graph.dll
0x00007ffea3da0000 - 0x00007ffea3e66000 	D:\vvivado\Vivado\2020.2\lib\win64.o\librdi_bda.dll
0x00007ffea3330000 - 0x00007ffea362b000 	D:\vvivado\Vivado\2020.2\lib\win64.o\librdi_hip_config.dll
0x00007ffea3630000 - 0x00007ffea3d97000 	D:\vvivado\Vivado\2020.2\lib\win64.o\librdi_ippcw.dll
0x00007ffea2280000 - 0x00007ffea27ce000 	D:\vvivado\Vivado\2020.2\lib\win64.o\librdi_xdm.dll

dbghelp: loaded successfully - version: 4.0.5 - missing functions: none
symbol engine: initialized successfully - sym options: 0x614 - pdb path: .;D:\vvivado\Vivado\2020.2\bin\unwrapped\win64.o;C:\WINDOWS\SYSTEM32;D:\vvivado\Vivado\2020.2\lib\win64.o;C:\WINDOWS\WinSxS\amd64_microsoft.windows.common-controls_6595b64144ccf1df_5.82.19041.844_none_423537bff6b9828c;D:\vvivado\Vivado\2020.2\tps\win64\jre11.0.2\bin\server;D:\vvivado\Vivado\2020.2\tps\win64\python-3.8.3;D:\vvivado\Vivado\2020.2\tps\win64\jre11.0.2\bin;C:\ProgramData\A-Volute\DellInc.AlienwareSoundCenter\Modules\ScheduledModules\x64;C:\WINDOWS\WinSxS\amd64_microsoft.windows.common-controls_6595b64144ccf1df_6.0.19041.844_none_ca00b6081b84eb1d

VM Arguments:
jvm_args: -Dsun.java2d.pmoffscreen=false -Dhttps.protocols=TLSv1,TLSv1.1,TLSv1.2 -Dsun.java2d.xrender=false -Dsun.java2d.d3d=false -Dsun.awt.nopixfmt=true -Dsun.java2d.dpiaware=true -Dsun.java2d.uiScale.enabled=false -Xverify:none -Dswing.aatext=true -XX:-UsePerfData -Djdk.map.althashing.threshold=512 -XX:StringTableSize=4072 --add-opens=java.base/java.nio=ALL-UNNAMED --add-opens=java.desktop/sun.swing=ALL-UNNAMED --add-opens=java.desktop/javax.swing=ALL-UNNAMED --add-opens=java.desktop/javax.swing.tree=ALL-UNNAMED --add-opens=java.desktop/javax.swing.plaf.basic=ALL-UNNAMED --add-opens=java.desktop/javax.swing.plaf.synth=ALL-UNNAMED --add-opens=java.desktop/com.sun.awt=ALL-UNNAMED -XX:NewSize=60m -XX:MaxNewSize=60m -Xms128m -Xmx3072m -Xss5m 
java_command: <unknown>
java_class_path (initial): D:/vvivado/Vivado/2020.2\lib\classes\alloy.jar;D:/vvivado/Vivado/2020.2\lib\classes\ArchiveSummary.jar;D:/vvivado/Vivado/2020.2\lib\classes\autoesl-models.jar;D:/vvivado/Vivado/2020.2\lib\classes\autopilot.scelaborator.jar;D:/vvivado/Vivado/2020.2\lib\classes\autopilot.sourceprocessor.jar;D:/vvivado/Vivado/2020.2\lib\classes\autopilot.tbprocessor.jar;D:/vvivado/Vivado/2020.2\lib\classes\batik-anim.jar;D:/vvivado/Vivado/2020.2\lib\classes\batik-awt-util.jar;D:/vvivado/Vivado/2020.2\lib\classes\batik-bridge.jar;D:/vvivado/Vivado/2020.2\lib\classes\batik-codec.jar;D:/vvivado/Vivado/2020.2\lib\classes\batik-css.jar;D:/vvivado/Vivado/2020.2\lib\classes\batik-dom.jar;D:/vvivado/Vivado/2020.2\lib\classes\batik-ext.jar;D:/vvivado/Vivado/2020.2\lib\classes\batik-gui-util.jar;D:/vvivado/Vivado/2020.2\lib\classes\batik-gvt.jar;D:/vvivado/Vivado/2020.2\lib\classes\batik-parser.jar;D:/vvivado/Vivado/2020.2\lib\classes\batik-script.jar;D:/vvivado/Vivado/2020.2\lib\classes\batik-svg-dom.jar;D:/vvivado/Vivado/2020.2\lib\classes\batik-swing.jar;D:/vvivado/Vivado/2020.2\lib\classes\batik-transcoder.jar;D:/vvivado/Vivado/2020.2\lib\classes\batik-util.jar;D:/vvivado/Vivado/2020.2\lib\classes\batik-xml.jar;D:/vvivado/Vivado/2020.2\lib\classes\com.google.gson_2.8.2.v20180104-1110.jar;D:/vvivado/Vivado/2020.2\lib\classes\com.google.guava_27.1.0.v20190517-1946.jar;D:/vvivado/Vivado/2020.2\lib\classes\com.ibm.icu_4.4.2.v20110208.jar;D:/vvivado/Vivado/2020.2\lib\classes\com.sigasi.hdt.connection_4.9.0.202009050929.jar;D:/vvivado/Vivado/2020.2\lib\classes\com.sigasi.hdt.epl_4.9.0.202009050929.jar;D:/vvivado/Vivado/2020.2\lib\classes\com.sigasi.hdt.project_4.9.0.202009050929.jar;D:/vvivado/Vivado/2020.2\lib\classes\com.sigasi.hdt.readonlyfilesystem_4.9.0.202009050929.jar;D:/vvivado/Vivado/2020.2\lib\classes\com.sigasi.lcm_4.9.0.202009050929.jar;D:/vvivado/Vivado/2020.2\lib\classes\com.sigasi.sdk.client_4.9.0.202009050929.jar;D:/vvivado/Vivado/2020.2\lib\classes\com
Launcher Type: generic

[Global flags]
     bool BytecodeVerificationLocal                = false                                     {product} {command line}
     bool BytecodeVerificationRemote               = false                                     {product} {command line}
     intx CICompilerCount                          = 4                                         {product} {ergonomic}
     uint ConcGCThreads                            = 2                                         {product} {ergonomic}
     uint G1ConcRefinementThreads                  = 8                                         {product} {ergonomic}
   size_t G1HeapRegionSize                         = 1048576                                   {product} {ergonomic}
    uintx GCDrainStackTargetSize                   = 64                                        {product} {ergonomic}
   size_t InitialHeapSize                          = 134217728                                 {product} {command line}
   size_t MarkStackSize                            = 4194304                                   {product} {ergonomic}
   size_t MaxHeapSize                              = 3221225472                                {product} {command line}
   size_t MaxNewSize                               = 62914560                                  {product} {command line}
   size_t MinHeapDeltaBytes                        = 1048576                                   {product} {ergonomic}
   size_t NewSize                                  = 62914560                                  {product} {command line}
    uintx NonNMethodCodeHeapSize                   = 5835340                                {pd product} {ergonomic}
    uintx NonProfiledCodeHeapSize                  = 122911450                              {pd product} {ergonomic}
    uintx ProfiledCodeHeapSize                     = 122911450                              {pd product} {ergonomic}
    uintx ReservedCodeCacheSize                    = 251658240                              {pd product} {ergonomic}
     bool SegmentedCodeCache                       = true                                      {product} {ergonomic}
    uintx StringTableSize                          = 4072                                      {product} {command line}
     intx ThreadStackSize                          = 5120                                   {pd product} {command line}
     bool UseCompressedClassPointers               = true                                 {lp64_product} {ergonomic}
     bool UseCompressedOops                        = true                                 {lp64_product} {ergonomic}
     bool UseG1GC                                  = true                                      {product} {ergonomic}
     bool UseLargePagesIndividualAllocation        = false                                  {pd product} {ergonomic}
     bool UsePerfData                              = false                                     {product} {command line}

Logging:
Log output configuration:
 #0: stdout all=warning uptime,level,tags
 #1: stderr all=off uptime,level,tags

Environment Variables:
PATH=D:/vvivado/Vivado/2020.2/bin;D:/vvivado/Vivado/2020.2/tps/win64/javafx-sdk-11.0.2/lib;D:/vvivado/Vivado/2020.2/tps/win64/javafx-sdk-11.0.2/bin;D:/vvivado/Vivado/2020.2/lib/win64.o;D:/vvivado/Vivado/2020.2/tps/win64/jre11.0.2/bin/server;D:/vvivado/Vivado/2020.2/tps/win64/jre11.0.2/bin;D:/vvivado/Vivado/2020.2/ids_lite/ISE/bin/nt64;D:/vvivado/Vivado/2020.2/ids_lite/ISE/lib/nt64;D:/vvivado/Vitis_HLS/2020.2/bin;C:\Windows\system32;C:\Windows;C:\Windows\System32\Wbem;C:\Windows\System32\WindowsPowerShell\v1.0\;C:\Windows\System32\OpenSSH\;C:\Program Files (x86)\NVIDIA Corporation\PhysX\Common;C:\Program Files\NVIDIA Corporation\NVIDIA NvDLISR;D:\git\Git\cmd;C:\Users\newbi\AppData\Local\Microsoft\WindowsApps;;C:\Users\newbi\AppData\Local\Programs\Microsoft VS Code\bin;D:/vvivado/Vivado/2020.2\tps\mingw\6.2.0\win64.o\nt\bin;D:/vvivado/Vivado/2020.2\tps\mingw\6.2.0\win64.o\nt\libexec\gcc\x86_64-w64-mingw32\6.2.0;D:/vvivado/Vivado/2020.2\tps\win64\python-3.8.3;D:/vvivado/Vivado/2020.2\tps\win64\python-3.8.3\bin;D:/vvivado/Vivado/2020.2\tps\win64\python-3.8.3\lib;D:/vvivado/Vivado/2020.2\tps\win64\python-3.8.3\lib\site-packages
USERNAME=newbi
OS=Windows_NT
PROCESSOR_IDENTIFIER=Intel64 Family 6 Model 158 Stepping 10, GenuineIntel



---------------  S Y S T E M  ---------------

OS: Windows 10 , 64 bit Build 19041 (10.0.19041.928)

CPU:total 8 (initial active 8) (4 cores per cpu, 2 threads per core) family 6 model 158 stepping 10, cmov, cx8, fxsr, mmx, sse, sse2, sse3, ssse3, sse4.1, sse4.2, popcnt, avx, avx2, aes, clmul, erms, 3dnowpref, lzcnt, ht, tsc, tscinvbit, bmi1, bmi2, adx, fma

Memory: 4k page, system-wide physical 8003M (2389M free)
TotalPageFile size 13643M (AvailPageFile size 2348M)
current process WorkingSet (physical memory assigned to process): 592M, peak: 1011M
current process commit charge ("private bytes"): 934M, peak: 1581M

vm_info: OpenJDK 64-Bit Server VM (11.0.2+9) for windows-amd64 JRE (11.0.2+9), built on Jan 18 2019 05:23:22 by "mach5one" with MS VC++ 15.5 (VS2017)

END.
