#-----------------------------------------------------------
# Vivado v2020.2 (64-bit)
# SW Build 3064766 on Wed Nov 18 09:12:45 MST 2020
# IP Build 3064653 on Wed Nov 18 14:17:31 MST 2020
# Start of session at: Thu Apr 29 20:56:17 2021
# Process ID: 2968
# Current directory: D:/malygit/Digital-electronics-1/Labs/project/project_1
# Command line: vivado.exe -gui_launcher_event rodinguilauncherevent14420 D:\malygit\Digital-electronics-1\Labs\project\project_1\project_1.xpr
# Log file: D:/malygit/Digital-electronics-1/Labs/project/project_1/vivado.log
# Journal file: D:/malygit/Digital-electronics-1/Labs/project/project_1\vivado.jou
#-----------------------------------------------------------
start_gui
open_project D:/malygit/Digital-electronics-1/Labs/project/project_1/project_1.xpr
WARNING: [filemgmt 56-3] Default IP Output Path : Could not find the directory 'D:/malygit/Digital-electronics-1/Labs/project/project_1/project_1.gen/sources_1'.
Scanning sources...
Finished scanning sources
INFO: [IP_Flow 19-234] Refreshing IP repositories
INFO: [IP_Flow 19-1704] No user IP repositories specified
INFO: [IP_Flow 19-2313] Loaded Vivado IP repository 'D:/vvivado/Vivado/2020.2/data/ip'.
update_compile_order -fileset sources_1
launch_simulation
Command: launch_simulation 
boost::filesystem::remove: The process cannot access the file because it is being used by another process: "D:/malygit/Digital-electronics-1/Labs/project/project_1/project_1.sim/sim_1/behav/xsim/simulate.log"
