#-----------------------------------------------------------
# Vivado v2020.2 (64-bit)
# SW Build 3064766 on Wed Nov 18 09:12:45 MST 2020
# IP Build 3064653 on Wed Nov 18 14:17:31 MST 2020
# Start of session at: Thu Apr 29 20:59:17 2021
# Process ID: 12204
# Current directory: D:/malygit/Digital-electronics-1/Labs/project/project_1
# Command line: vivado.exe -gui_launcher_event rodinguilauncherevent11256 D:\malygit\Digital-electronics-1\Labs\project\project_1\project_1.xpr
# Log file: D:/malygit/Digital-electronics-1/Labs/project/project_1/vivado.log
# Journal file: D:/malygit/Digital-electronics-1/Labs/project/project_1\vivado.jou
#-----------------------------------------------------------
start_gui
open_project D:/malygit/Digital-electronics-1/Labs/project/project_1/project_1.xpr
WARNING: [filemgmt 56-3] Default IP Output Path : Could not find the directory 'D:/malygit/Digital-electronics-1/Labs/project/project_1/project_1.gen/sources_1'.
Scanning sources...
Finished scanning sources
INFO: [IP_Flow 19-234] Refreshing IP repositories
INFO: [IP_Flow 19-1704] No user IP repositories specified
INFO: [IP_Flow 19-2313] Loaded Vivado IP repository 'D:/vvivado/Vivado/2020.2/data/ip'.
update_compile_order -fileset sources_1
launch_simulation
Command: launch_simulation 
INFO: [Vivado 12-5682] Launching behavioral simulation in 'D:/malygit/Digital-electronics-1/Labs/project/project_1/project_1.sim/sim_1/behav/xsim'
INFO: [SIM-utils-51] Simulation object is 'sim_1'
INFO: [SIM-utils-54] Inspecting design source files for 'tb_state_machine' in fileset 'sim_1'...
INFO: [USF-XSim-97] Finding global include files...
INFO: [USF-XSim-98] Fetching design files from 'sim_1'...
INFO: [USF-XSim-2] XSim::Compile design
INFO: [USF-XSim-61] Executing 'COMPILE and ANALYZE' step in 'D:/malygit/Digital-electronics-1/Labs/project/project_1/project_1.sim/sim_1/behav/xsim'
"xvhdl --incr --relax -prj tb_state_machine_vhdl.prj"
INFO: [USF-XSim-69] 'compile' step finished in '2' seconds
INFO: [USF-XSim-3] XSim::Elaborate design
INFO: [USF-XSim-61] Executing 'ELABORATE' step in 'D:/malygit/Digital-electronics-1/Labs/project/project_1/project_1.sim/sim_1/behav/xsim'
"xelab -wto 7be5f9f794ba4c6c8f5beee7f92884e3 --incr --debug typical --relax --mt 2 -L xil_defaultlib -L secureip --snapshot tb_state_machine_behav xil_defaultlib.tb_state_machine -log elaborate.log"
Vivado Simulator 2020.2
Copyright 1986-1999, 2001-2020 Xilinx, Inc. All Rights Reserved.
Running: D:/vvivado/Vivado/2020.2/bin/unwrapped/win64.o/xelab.exe -wto 7be5f9f794ba4c6c8f5beee7f92884e3 --incr --debug typical --relax --mt 2 -L xil_defaultlib -L secureip --snapshot tb_state_machine_behav xil_defaultlib.tb_state_machine -log elaborate.log 
Using 2 slave threads.
Starting static elaboration
Completed static elaboration
INFO: [XSIM 43-4323] No Change in HDL. Linking previously generated obj files to create kernel
INFO: [USF-XSim-69] 'elaborate' step finished in '1' seconds
INFO: [USF-XSim-4] XSim::Simulate design
INFO: [USF-XSim-61] Executing 'SIMULATE' step in 'D:/malygit/Digital-electronics-1/Labs/project/project_1/project_1.sim/sim_1/behav/xsim'
INFO: [USF-XSim-98] *** Running xsim
   with args "tb_state_machine_behav -key {Behavioral:sim_1:Functional:tb_state_machine} -tclbatch {tb_state_machine.tcl} -log {simulate.log}"
INFO: [USF-XSim-8] Loading simulator feature
Vivado Simulator 2020.2
Time resolution is 1 ps
source tb_state_machine.tcl
# set curr_wave [current_wave_config]
# if { [string length $curr_wave] == 0 } {
#   if { [llength [get_objects]] > 0} {
#     add_wave /
#     set_property needs_save false [current_wave_config]
#   } else {
#      send_msg_id Add_Wave-1 WARNING "No top level signals found. Simulator will start without a wave window. If you want to open a wave window go to 'File->New Waveform Configuration' or type 'create_wave_config' in the TCL console."
#   }
# }
# run 100000us
INFO: [USF-XSim-96] XSim completed. Design snapshot 'tb_state_machine_behav' loaded.
INFO: [USF-XSim-97] XSim simulation ran for 100000us
launch_simulation: Time (s): cpu = 00:00:11 ; elapsed = 00:00:07 . Memory (MB): peak = 1197.137 ; gain = 0.000
close_sim
INFO: [Simtcl 6-16] Simulation closed
launch_simulation
Command: launch_simulation 
INFO: [Vivado 12-5682] Launching behavioral simulation in 'D:/malygit/Digital-electronics-1/Labs/project/project_1/project_1.sim/sim_1/behav/xsim'
INFO: [SIM-utils-51] Simulation object is 'sim_1'
INFO: [SIM-utils-54] Inspecting design source files for 'tb_state_machine' in fileset 'sim_1'...
INFO: [USF-XSim-97] Finding global include files...
INFO: [USF-XSim-98] Fetching design files from 'sim_1'...
INFO: [USF-XSim-2] XSim::Compile design
INFO: [USF-XSim-61] Executing 'COMPILE and ANALYZE' step in 'D:/malygit/Digital-electronics-1/Labs/project/project_1/project_1.sim/sim_1/behav/xsim'
"xvhdl --incr --relax -prj tb_state_machine_vhdl.prj"
INFO: [USF-XSim-69] 'compile' step finished in '1' seconds
INFO: [USF-XSim-3] XSim::Elaborate design
INFO: [USF-XSim-61] Executing 'ELABORATE' step in 'D:/malygit/Digital-electronics-1/Labs/project/project_1/project_1.sim/sim_1/behav/xsim'
"xelab -wto 7be5f9f794ba4c6c8f5beee7f92884e3 --incr --debug typical --relax --mt 2 -L xil_defaultlib -L secureip --snapshot tb_state_machine_behav xil_defaultlib.tb_state_machine -log elaborate.log"
Vivado Simulator 2020.2
Copyright 1986-1999, 2001-2020 Xilinx, Inc. All Rights Reserved.
Running: D:/vvivado/Vivado/2020.2/bin/unwrapped/win64.o/xelab.exe -wto 7be5f9f794ba4c6c8f5beee7f92884e3 --incr --debug typical --relax --mt 2 -L xil_defaultlib -L secureip --snapshot tb_state_machine_behav xil_defaultlib.tb_state_machine -log elaborate.log 
Using 2 slave threads.
Starting static elaboration
Completed static elaboration
INFO: [XSIM 43-4323] No Change in HDL. Linking previously generated obj files to create kernel
INFO: [USF-XSim-69] 'elaborate' step finished in '2' seconds
INFO: [USF-XSim-4] XSim::Simulate design
INFO: [USF-XSim-61] Executing 'SIMULATE' step in 'D:/malygit/Digital-electronics-1/Labs/project/project_1/project_1.sim/sim_1/behav/xsim'
INFO: [USF-XSim-98] *** Running xsim
   with args "tb_state_machine_behav -key {Behavioral:sim_1:Functional:tb_state_machine} -tclbatch {tb_state_machine.tcl} -log {simulate.log}"
INFO: [USF-XSim-8] Loading simulator feature
Vivado Simulator 2020.2
Time resolution is 1 ps
source tb_state_machine.tcl
# set curr_wave [current_wave_config]
# if { [string length $curr_wave] == 0 } {
#   if { [llength [get_objects]] > 0} {
#     add_wave /
#     set_property needs_save false [current_wave_config]
#   } else {
#      send_msg_id Add_Wave-1 WARNING "No top level signals found. Simulator will start without a wave window. If you want to open a wave window go to 'File->New Waveform Configuration' or type 'create_wave_config' in the TCL console."
#   }
# }
# run 100000us
INFO: [USF-XSim-96] XSim completed. Design snapshot 'tb_state_machine_behav' loaded.
INFO: [USF-XSim-97] XSim simulation ran for 100000us
launch_simulation: Time (s): cpu = 00:00:05 ; elapsed = 00:00:05 . Memory (MB): peak = 1439.492 ; gain = 0.000
relaunch_sim
Command: launch_simulation -simset sim_1 -mode behavioral
INFO: [Vivado 12-5682] Launching behavioral simulation in 'D:/malygit/Digital-electronics-1/Labs/project/project_1/project_1.sim/sim_1/behav/xsim'
INFO: [SIM-utils-51] Simulation object is 'sim_1'
INFO: [SIM-utils-54] Inspecting design source files for 'tb_state_machine' in fileset 'sim_1'...
INFO: [USF-XSim-97] Finding global include files...
INFO: [USF-XSim-98] Fetching design files from 'sim_1'...
INFO: [USF-XSim-2] XSim::Compile design
INFO: [USF-XSim-61] Executing 'COMPILE and ANALYZE' step in 'D:/malygit/Digital-electronics-1/Labs/project/project_1/project_1.sim/sim_1/behav/xsim'
"xvhdl --incr --relax -prj tb_state_machine_vhdl.prj"
INFO: [VRFC 10-163] Analyzing VHDL file "D:/malygit/Digital-electronics-1/Labs/project/project_1/project_1.srcs/sources_1/new/state_machine.vhd" into library xil_defaultlib
INFO: [VRFC 10-3107] analyzing entity 'state_machine'
INFO: [VRFC 10-163] Analyzing VHDL file "D:/malygit/Digital-electronics-1/Labs/project/project_1/project_1.srcs/sim_1/new/tb_state_machine.vhd" into library xil_defaultlib
INFO: [VRFC 10-3107] analyzing entity 'tb_state_machine'
INFO: [USF-XSim-69] 'compile' step finished in '1' seconds
Command: launch_simulation -simset sim_1 -mode behavioral
INFO: [Vivado 12-5682] Launching behavioral simulation in 'D:/malygit/Digital-electronics-1/Labs/project/project_1/project_1.sim/sim_1/behav/xsim'
INFO: [USF-XSim-3] XSim::Elaborate design
INFO: [USF-XSim-61] Executing 'ELABORATE' step in 'D:/malygit/Digital-electronics-1/Labs/project/project_1/project_1.sim/sim_1/behav/xsim'
"xelab -wto 7be5f9f794ba4c6c8f5beee7f92884e3 --incr --debug typical --relax --mt 2 -L xil_defaultlib -L secureip --snapshot tb_state_machine_behav xil_defaultlib.tb_state_machine -log elaborate.log"
Vivado Simulator 2020.2
Copyright 1986-1999, 2001-2020 Xilinx, Inc. All Rights Reserved.
Running: D:/vvivado/Vivado/2020.2/bin/unwrapped/win64.o/xelab.exe -wto 7be5f9f794ba4c6c8f5beee7f92884e3 --incr --debug typical --relax --mt 2 -L xil_defaultlib -L secureip --snapshot tb_state_machine_behav xil_defaultlib.tb_state_machine -log elaborate.log 
Using 2 slave threads.
Starting static elaboration
Completed static elaboration
Starting simulation data flow analysis
Completed simulation data flow analysis
Time Resolution for simulation is 1ps
Compiling package std.standard
Compiling package std.textio
Compiling package ieee.std_logic_1164
Compiling package ieee.numeric_std
Compiling architecture behavioral of entity xil_defaultlib.clock_enable [\clock_enable(g_max=5)\]
Compiling architecture behavioral of entity xil_defaultlib.state_machine [state_machine_default]
Compiling architecture behavioral of entity xil_defaultlib.tb_state_machine
Built simulation snapshot tb_state_machine_behav
INFO: [USF-XSim-69] 'elaborate' step finished in '2' seconds
Vivado Simulator 2020.2
Time resolution is 1 ps
relaunch_sim: Time (s): cpu = 00:00:02 ; elapsed = 00:00:06 . Memory (MB): peak = 1439.492 ; gain = 0.000
relaunch_sim
Command: launch_simulation -simset sim_1 -mode behavioral
INFO: [Vivado 12-5682] Launching behavioral simulation in 'D:/malygit/Digital-electronics-1/Labs/project/project_1/project_1.sim/sim_1/behav/xsim'
INFO: [SIM-utils-51] Simulation object is 'sim_1'
INFO: [SIM-utils-54] Inspecting design source files for 'tb_state_machine' in fileset 'sim_1'...
INFO: [USF-XSim-97] Finding global include files...
INFO: [USF-XSim-98] Fetching design files from 'sim_1'...
INFO: [USF-XSim-2] XSim::Compile design
INFO: [USF-XSim-61] Executing 'COMPILE and ANALYZE' step in 'D:/malygit/Digital-electronics-1/Labs/project/project_1/project_1.sim/sim_1/behav/xsim'
"xvhdl --incr --relax -prj tb_state_machine_vhdl.prj"
INFO: [VRFC 10-163] Analyzing VHDL file "D:/malygit/Digital-electronics-1/Labs/project/project_1/project_1.srcs/sources_1/new/state_machine.vhd" into library xil_defaultlib
INFO: [VRFC 10-3107] analyzing entity 'state_machine'
INFO: [VRFC 10-163] Analyzing VHDL file "D:/malygit/Digital-electronics-1/Labs/project/project_1/project_1.srcs/sim_1/new/tb_state_machine.vhd" into library xil_defaultlib
INFO: [VRFC 10-3107] analyzing entity 'tb_state_machine'
INFO: [USF-XSim-69] 'compile' step finished in '1' seconds
Command: launch_simulation -simset sim_1 -mode behavioral
INFO: [Vivado 12-5682] Launching behavioral simulation in 'D:/malygit/Digital-electronics-1/Labs/project/project_1/project_1.sim/sim_1/behav/xsim'
INFO: [USF-XSim-3] XSim::Elaborate design
INFO: [USF-XSim-61] Executing 'ELABORATE' step in 'D:/malygit/Digital-electronics-1/Labs/project/project_1/project_1.sim/sim_1/behav/xsim'
"xelab -wto 7be5f9f794ba4c6c8f5beee7f92884e3 --incr --debug typical --relax --mt 2 -L xil_defaultlib -L secureip --snapshot tb_state_machine_behav xil_defaultlib.tb_state_machine -log elaborate.log"
Vivado Simulator 2020.2
Copyright 1986-1999, 2001-2020 Xilinx, Inc. All Rights Reserved.
Running: D:/vvivado/Vivado/2020.2/bin/unwrapped/win64.o/xelab.exe -wto 7be5f9f794ba4c6c8f5beee7f92884e3 --incr --debug typical --relax --mt 2 -L xil_defaultlib -L secureip --snapshot tb_state_machine_behav xil_defaultlib.tb_state_machine -log elaborate.log 
Using 2 slave threads.
Starting static elaboration
Completed static elaboration
Starting simulation data flow analysis
Completed simulation data flow analysis
Time Resolution for simulation is 1ps
Compiling package std.standard
Compiling package std.textio
Compiling package ieee.std_logic_1164
Compiling package ieee.numeric_std
Compiling architecture behavioral of entity xil_defaultlib.clock_enable [\clock_enable(g_max=5)\]
Compiling architecture behavioral of entity xil_defaultlib.state_machine [state_machine_default]
Compiling architecture behavioral of entity xil_defaultlib.tb_state_machine
Built simulation snapshot tb_state_machine_behav
INFO: [USF-XSim-69] 'elaborate' step finished in '2' seconds
Vivado Simulator 2020.2
Time resolution is 1 ps
relaunch_sim: Time (s): cpu = 00:00:02 ; elapsed = 00:00:06 . Memory (MB): peak = 1473.477 ; gain = 0.000
relaunch_sim
Command: launch_simulation -simset sim_1 -mode behavioral
INFO: [Vivado 12-5682] Launching behavioral simulation in 'D:/malygit/Digital-electronics-1/Labs/project/project_1/project_1.sim/sim_1/behav/xsim'
INFO: [SIM-utils-51] Simulation object is 'sim_1'
INFO: [SIM-utils-54] Inspecting design source files for 'tb_state_machine' in fileset 'sim_1'...
INFO: [USF-XSim-97] Finding global include files...
INFO: [USF-XSim-98] Fetching design files from 'sim_1'...
INFO: [USF-XSim-2] XSim::Compile design
INFO: [USF-XSim-61] Executing 'COMPILE and ANALYZE' step in 'D:/malygit/Digital-electronics-1/Labs/project/project_1/project_1.sim/sim_1/behav/xsim'
"xvhdl --incr --relax -prj tb_state_machine_vhdl.prj"
INFO: [VRFC 10-163] Analyzing VHDL file "D:/malygit/Digital-electronics-1/Labs/project/project_1/project_1.srcs/sources_1/new/state_machine.vhd" into library xil_defaultlib
INFO: [VRFC 10-3107] analyzing entity 'state_machine'
INFO: [VRFC 10-163] Analyzing VHDL file "D:/malygit/Digital-electronics-1/Labs/project/project_1/project_1.srcs/sim_1/new/tb_state_machine.vhd" into library xil_defaultlib
INFO: [VRFC 10-3107] analyzing entity 'tb_state_machine'
INFO: [USF-XSim-69] 'compile' step finished in '1' seconds
Command: launch_simulation -simset sim_1 -mode behavioral
INFO: [Vivado 12-5682] Launching behavioral simulation in 'D:/malygit/Digital-electronics-1/Labs/project/project_1/project_1.sim/sim_1/behav/xsim'
INFO: [USF-XSim-3] XSim::Elaborate design
INFO: [USF-XSim-61] Executing 'ELABORATE' step in 'D:/malygit/Digital-electronics-1/Labs/project/project_1/project_1.sim/sim_1/behav/xsim'
"xelab -wto 7be5f9f794ba4c6c8f5beee7f92884e3 --incr --debug typical --relax --mt 2 -L xil_defaultlib -L secureip --snapshot tb_state_machine_behav xil_defaultlib.tb_state_machine -log elaborate.log"
Vivado Simulator 2020.2
Copyright 1986-1999, 2001-2020 Xilinx, Inc. All Rights Reserved.
Running: D:/vvivado/Vivado/2020.2/bin/unwrapped/win64.o/xelab.exe -wto 7be5f9f794ba4c6c8f5beee7f92884e3 --incr --debug typical --relax --mt 2 -L xil_defaultlib -L secureip --snapshot tb_state_machine_behav xil_defaultlib.tb_state_machine -log elaborate.log 
Using 2 slave threads.
Starting static elaboration
Completed static elaboration
Starting simulation data flow analysis
Completed simulation data flow analysis
Time Resolution for simulation is 1ps
Compiling package std.standard
Compiling package std.textio
Compiling package ieee.std_logic_1164
Compiling package ieee.numeric_std
Compiling architecture behavioral of entity xil_defaultlib.clock_enable [\clock_enable(g_max=5)\]
Compiling architecture behavioral of entity xil_defaultlib.state_machine [state_machine_default]
Compiling architecture behavioral of entity xil_defaultlib.tb_state_machine
Built simulation snapshot tb_state_machine_behav
INFO: [USF-XSim-69] 'elaborate' step finished in '1' seconds
Vivado Simulator 2020.2
Time resolution is 1 ps
relaunch_sim: Time (s): cpu = 00:00:02 ; elapsed = 00:00:06 . Memory (MB): peak = 1473.477 ; gain = 0.000
relaunch_sim
Command: launch_simulation -simset sim_1 -mode behavioral
INFO: [Vivado 12-5682] Launching behavioral simulation in 'D:/malygit/Digital-electronics-1/Labs/project/project_1/project_1.sim/sim_1/behav/xsim'
INFO: [SIM-utils-51] Simulation object is 'sim_1'
INFO: [SIM-utils-54] Inspecting design source files for 'tb_state_machine' in fileset 'sim_1'...
INFO: [USF-XSim-97] Finding global include files...
INFO: [USF-XSim-98] Fetching design files from 'sim_1'...
INFO: [USF-XSim-2] XSim::Compile design
INFO: [USF-XSim-61] Executing 'COMPILE and ANALYZE' step in 'D:/malygit/Digital-electronics-1/Labs/project/project_1/project_1.sim/sim_1/behav/xsim'
"xvhdl --incr --relax -prj tb_state_machine_vhdl.prj"
INFO: [VRFC 10-163] Analyzing VHDL file "D:/malygit/Digital-electronics-1/Labs/project/project_1/project_1.srcs/sources_1/new/state_machine.vhd" into library xil_defaultlib
INFO: [VRFC 10-3107] analyzing entity 'state_machine'
INFO: [VRFC 10-163] Analyzing VHDL file "D:/malygit/Digital-electronics-1/Labs/project/project_1/project_1.srcs/sim_1/new/tb_state_machine.vhd" into library xil_defaultlib
INFO: [VRFC 10-3107] analyzing entity 'tb_state_machine'
INFO: [USF-XSim-69] 'compile' step finished in '1' seconds
Command: launch_simulation -simset sim_1 -mode behavioral
INFO: [Vivado 12-5682] Launching behavioral simulation in 'D:/malygit/Digital-electronics-1/Labs/project/project_1/project_1.sim/sim_1/behav/xsim'
INFO: [USF-XSim-3] XSim::Elaborate design
INFO: [USF-XSim-61] Executing 'ELABORATE' step in 'D:/malygit/Digital-electronics-1/Labs/project/project_1/project_1.sim/sim_1/behav/xsim'
"xelab -wto 7be5f9f794ba4c6c8f5beee7f92884e3 --incr --debug typical --relax --mt 2 -L xil_defaultlib -L secureip --snapshot tb_state_machine_behav xil_defaultlib.tb_state_machine -log elaborate.log"
Vivado Simulator 2020.2
Copyright 1986-1999, 2001-2020 Xilinx, Inc. All Rights Reserved.
Running: D:/vvivado/Vivado/2020.2/bin/unwrapped/win64.o/xelab.exe -wto 7be5f9f794ba4c6c8f5beee7f92884e3 --incr --debug typical --relax --mt 2 -L xil_defaultlib -L secureip --snapshot tb_state_machine_behav xil_defaultlib.tb_state_machine -log elaborate.log 
Using 2 slave threads.
Starting static elaboration
Completed static elaboration
Starting simulation data flow analysis
Completed simulation data flow analysis
Time Resolution for simulation is 1ps
Compiling package std.standard
Compiling package std.textio
Compiling package ieee.std_logic_1164
Compiling package ieee.numeric_std
Compiling architecture behavioral of entity xil_defaultlib.clock_enable [\clock_enable(g_max=5)\]
Compiling architecture behavioral of entity xil_defaultlib.state_machine [state_machine_default]
Compiling architecture behavioral of entity xil_defaultlib.tb_state_machine
Built simulation snapshot tb_state_machine_behav
INFO: [USF-XSim-69] 'elaborate' step finished in '2' seconds
Vivado Simulator 2020.2
Time resolution is 1 ps
relaunch_sim: Time (s): cpu = 00:00:01 ; elapsed = 00:00:06 . Memory (MB): peak = 1473.477 ; gain = 0.000
relaunch_sim
Command: launch_simulation -simset sim_1 -mode behavioral
INFO: [Vivado 12-5682] Launching behavioral simulation in 'D:/malygit/Digital-electronics-1/Labs/project/project_1/project_1.sim/sim_1/behav/xsim'
INFO: [SIM-utils-51] Simulation object is 'sim_1'
INFO: [SIM-utils-54] Inspecting design source files for 'tb_state_machine' in fileset 'sim_1'...
INFO: [USF-XSim-97] Finding global include files...
INFO: [USF-XSim-98] Fetching design files from 'sim_1'...
INFO: [USF-XSim-2] XSim::Compile design
INFO: [USF-XSim-61] Executing 'COMPILE and ANALYZE' step in 'D:/malygit/Digital-electronics-1/Labs/project/project_1/project_1.sim/sim_1/behav/xsim'
"xvhdl --incr --relax -prj tb_state_machine_vhdl.prj"
INFO: [VRFC 10-163] Analyzing VHDL file "D:/malygit/Digital-electronics-1/Labs/project/project_1/project_1.srcs/sources_1/new/state_machine.vhd" into library xil_defaultlib
INFO: [VRFC 10-3107] analyzing entity 'state_machine'
INFO: [VRFC 10-163] Analyzing VHDL file "D:/malygit/Digital-electronics-1/Labs/project/project_1/project_1.srcs/sim_1/new/tb_state_machine.vhd" into library xil_defaultlib
INFO: [VRFC 10-3107] analyzing entity 'tb_state_machine'
INFO: [USF-XSim-69] 'compile' step finished in '1' seconds
Command: launch_simulation -simset sim_1 -mode behavioral
INFO: [Vivado 12-5682] Launching behavioral simulation in 'D:/malygit/Digital-electronics-1/Labs/project/project_1/project_1.sim/sim_1/behav/xsim'
INFO: [USF-XSim-3] XSim::Elaborate design
INFO: [USF-XSim-61] Executing 'ELABORATE' step in 'D:/malygit/Digital-electronics-1/Labs/project/project_1/project_1.sim/sim_1/behav/xsim'
"xelab -wto 7be5f9f794ba4c6c8f5beee7f92884e3 --incr --debug typical --relax --mt 2 -L xil_defaultlib -L secureip --snapshot tb_state_machine_behav xil_defaultlib.tb_state_machine -log elaborate.log"
Vivado Simulator 2020.2
Copyright 1986-1999, 2001-2020 Xilinx, Inc. All Rights Reserved.
Running: D:/vvivado/Vivado/2020.2/bin/unwrapped/win64.o/xelab.exe -wto 7be5f9f794ba4c6c8f5beee7f92884e3 --incr --debug typical --relax --mt 2 -L xil_defaultlib -L secureip --snapshot tb_state_machine_behav xil_defaultlib.tb_state_machine -log elaborate.log 
Using 2 slave threads.
Starting static elaboration
Completed static elaboration
Starting simulation data flow analysis
Completed simulation data flow analysis
Time Resolution for simulation is 1ps
Compiling package std.standard
Compiling package std.textio
Compiling package ieee.std_logic_1164
Compiling package ieee.numeric_std
Compiling architecture behavioral of entity xil_defaultlib.clock_enable [\clock_enable(g_max=2)\]
Compiling architecture behavioral of entity xil_defaultlib.state_machine [state_machine_default]
Compiling architecture behavioral of entity xil_defaultlib.tb_state_machine
Built simulation snapshot tb_state_machine_behav
INFO: [USF-XSim-69] 'elaborate' step finished in '2' seconds
Vivado Simulator 2020.2
Time resolution is 1 ps
relaunch_sim: Time (s): cpu = 00:00:01 ; elapsed = 00:00:06 . Memory (MB): peak = 1473.477 ; gain = 0.000
current_wave_config {Untitled 2}
Untitled 2
add_wave {{/tb_state_machine/uut_hooola/clk}} 
current_wave_config {Untitled 2}
Untitled 2
add_wave {{/tb_state_machine/uut_hooola/s_cnt}} 
current_wave_config {Untitled 2}
Untitled 2
add_wave {{/tb_state_machine/uut_hooola/s_state}} 
relaunch_sim
Command: launch_simulation -simset sim_1 -mode behavioral
INFO: [Vivado 12-5682] Launching behavioral simulation in 'D:/malygit/Digital-electronics-1/Labs/project/project_1/project_1.sim/sim_1/behav/xsim'
INFO: [SIM-utils-51] Simulation object is 'sim_1'
INFO: [SIM-utils-54] Inspecting design source files for 'tb_state_machine' in fileset 'sim_1'...
INFO: [USF-XSim-97] Finding global include files...
INFO: [USF-XSim-98] Fetching design files from 'sim_1'...
INFO: [USF-XSim-2] XSim::Compile design
INFO: [USF-XSim-61] Executing 'COMPILE and ANALYZE' step in 'D:/malygit/Digital-electronics-1/Labs/project/project_1/project_1.sim/sim_1/behav/xsim'
"xvhdl --incr --relax -prj tb_state_machine_vhdl.prj"
INFO: [VRFC 10-163] Analyzing VHDL file "D:/malygit/Digital-electronics-1/Labs/project/project_1/project_1.srcs/sim_1/new/tb_state_machine.vhd" into library xil_defaultlib
INFO: [VRFC 10-3107] analyzing entity 'tb_state_machine'
INFO: [USF-XSim-69] 'compile' step finished in '1' seconds
Command: launch_simulation -simset sim_1 -mode behavioral
INFO: [Vivado 12-5682] Launching behavioral simulation in 'D:/malygit/Digital-electronics-1/Labs/project/project_1/project_1.sim/sim_1/behav/xsim'
INFO: [USF-XSim-3] XSim::Elaborate design
INFO: [USF-XSim-61] Executing 'ELABORATE' step in 'D:/malygit/Digital-electronics-1/Labs/project/project_1/project_1.sim/sim_1/behav/xsim'
"xelab -wto 7be5f9f794ba4c6c8f5beee7f92884e3 --incr --debug typical --relax --mt 2 -L xil_defaultlib -L secureip --snapshot tb_state_machine_behav xil_defaultlib.tb_state_machine -log elaborate.log"
Vivado Simulator 2020.2
Copyright 1986-1999, 2001-2020 Xilinx, Inc. All Rights Reserved.
Running: D:/vvivado/Vivado/2020.2/bin/unwrapped/win64.o/xelab.exe -wto 7be5f9f794ba4c6c8f5beee7f92884e3 --incr --debug typical --relax --mt 2 -L xil_defaultlib -L secureip --snapshot tb_state_machine_behav xil_defaultlib.tb_state_machine -log elaborate.log 
Using 2 slave threads.
Starting static elaboration
Completed static elaboration
Starting simulation data flow analysis
Completed simulation data flow analysis
Time Resolution for simulation is 1ps
Compiling package std.standard
Compiling package std.textio
Compiling package ieee.std_logic_1164
Compiling package ieee.numeric_std
Compiling architecture behavioral of entity xil_defaultlib.clock_enable [\clock_enable(g_max=2)\]
Compiling architecture behavioral of entity xil_defaultlib.state_machine [state_machine_default]
Compiling architecture behavioral of entity xil_defaultlib.tb_state_machine
Built simulation snapshot tb_state_machine_behav
INFO: [USF-XSim-69] 'elaborate' step finished in '2' seconds
Vivado Simulator 2020.2
Time resolution is 1 ps
relaunch_sim: Time (s): cpu = 00:00:02 ; elapsed = 00:00:06 . Memory (MB): peak = 1473.477 ; gain = 0.000
relaunch_sim
Command: launch_simulation -simset sim_1 -mode behavioral
INFO: [Vivado 12-5682] Launching behavioral simulation in 'D:/malygit/Digital-electronics-1/Labs/project/project_1/project_1.sim/sim_1/behav/xsim'
INFO: [SIM-utils-51] Simulation object is 'sim_1'
INFO: [SIM-utils-54] Inspecting design source files for 'tb_state_machine' in fileset 'sim_1'...
INFO: [USF-XSim-97] Finding global include files...
INFO: [USF-XSim-98] Fetching design files from 'sim_1'...
INFO: [USF-XSim-2] XSim::Compile design
INFO: [USF-XSim-61] Executing 'COMPILE and ANALYZE' step in 'D:/malygit/Digital-electronics-1/Labs/project/project_1/project_1.sim/sim_1/behav/xsim'
"xvhdl --incr --relax -prj tb_state_machine_vhdl.prj"
INFO: [VRFC 10-163] Analyzing VHDL file "D:/malygit/Digital-electronics-1/Labs/project/project_1/project_1.srcs/sources_1/new/state_machine.vhd" into library xil_defaultlib
INFO: [VRFC 10-3107] analyzing entity 'state_machine'
INFO: [VRFC 10-163] Analyzing VHDL file "D:/malygit/Digital-electronics-1/Labs/project/project_1/project_1.srcs/sim_1/new/tb_state_machine.vhd" into library xil_defaultlib
INFO: [VRFC 10-3107] analyzing entity 'tb_state_machine'
INFO: [USF-XSim-69] 'compile' step finished in '2' seconds
Command: launch_simulation -simset sim_1 -mode behavioral
INFO: [Vivado 12-5682] Launching behavioral simulation in 'D:/malygit/Digital-electronics-1/Labs/project/project_1/project_1.sim/sim_1/behav/xsim'
INFO: [USF-XSim-3] XSim::Elaborate design
INFO: [USF-XSim-61] Executing 'ELABORATE' step in 'D:/malygit/Digital-electronics-1/Labs/project/project_1/project_1.sim/sim_1/behav/xsim'
"xelab -wto 7be5f9f794ba4c6c8f5beee7f92884e3 --incr --debug typical --relax --mt 2 -L xil_defaultlib -L secureip --snapshot tb_state_machine_behav xil_defaultlib.tb_state_machine -log elaborate.log"
Vivado Simulator 2020.2
Copyright 1986-1999, 2001-2020 Xilinx, Inc. All Rights Reserved.
Running: D:/vvivado/Vivado/2020.2/bin/unwrapped/win64.o/xelab.exe -wto 7be5f9f794ba4c6c8f5beee7f92884e3 --incr --debug typical --relax --mt 2 -L xil_defaultlib -L secureip --snapshot tb_state_machine_behav xil_defaultlib.tb_state_machine -log elaborate.log 
Using 2 slave threads.
Starting static elaboration
Completed static elaboration
Starting simulation data flow analysis
Completed simulation data flow analysis
Time Resolution for simulation is 1ps
Compiling package std.standard
Compiling package std.textio
Compiling package ieee.std_logic_1164
Compiling package ieee.numeric_std
Compiling architecture behavioral of entity xil_defaultlib.clock_enable [\clock_enable(g_max=3)\]
Compiling architecture behavioral of entity xil_defaultlib.state_machine [state_machine_default]
Compiling architecture behavioral of entity xil_defaultlib.tb_state_machine
Built simulation snapshot tb_state_machine_behav
INFO: [USF-XSim-69] 'elaborate' step finished in '1' seconds
Vivado Simulator 2020.2
Time resolution is 1 ps
relaunch_sim: Time (s): cpu = 00:00:01 ; elapsed = 00:00:06 . Memory (MB): peak = 1473.477 ; gain = 0.000
relaunch_sim
Command: launch_simulation -simset sim_1 -mode behavioral
INFO: [Vivado 12-5682] Launching behavioral simulation in 'D:/malygit/Digital-electronics-1/Labs/project/project_1/project_1.sim/sim_1/behav/xsim'
INFO: [SIM-utils-51] Simulation object is 'sim_1'
INFO: [SIM-utils-54] Inspecting design source files for 'tb_state_machine' in fileset 'sim_1'...
INFO: [USF-XSim-97] Finding global include files...
INFO: [USF-XSim-98] Fetching design files from 'sim_1'...
INFO: [USF-XSim-2] XSim::Compile design
INFO: [USF-XSim-61] Executing 'COMPILE and ANALYZE' step in 'D:/malygit/Digital-electronics-1/Labs/project/project_1/project_1.sim/sim_1/behav/xsim'
"xvhdl --incr --relax -prj tb_state_machine_vhdl.prj"
INFO: [VRFC 10-163] Analyzing VHDL file "D:/malygit/Digital-electronics-1/Labs/project/project_1/project_1.srcs/sources_1/new/clock_enable.vhd" into library xil_defaultlib
INFO: [VRFC 10-3107] analyzing entity 'clock_enable'
ERROR: [VRFC 10-3760] type 'real' does not match with the integer literal [D:/malygit/Digital-electronics-1/Labs/project/project_1/project_1.srcs/sources_1/new/clock_enable.vhd:10]
ERROR: [VRFC 10-3782] unit 'clock_enable' ignored due to previous errors [D:/malygit/Digital-electronics-1/Labs/project/project_1/project_1.srcs/sources_1/new/clock_enable.vhd:8]
INFO: [VRFC 10-3070] VHDL file 'D:/malygit/Digital-electronics-1/Labs/project/project_1/project_1.srcs/sources_1/new/clock_enable.vhd' ignored due to errors
INFO: [USF-XSim-69] 'compile' step finished in '2' seconds
INFO: [USF-XSim-99] Step results log file:'D:/malygit/Digital-electronics-1/Labs/project/project_1/project_1.sim/sim_1/behav/xsim/xvhdl.log'
ERROR: [USF-XSim-62] 'compile' step failed with error(s). Please check the Tcl console output or 'D:/malygit/Digital-electronics-1/Labs/project/project_1/project_1.sim/sim_1/behav/xsim/xvhdl.log' file for more information.
ERROR: [Vivado 12-4473] Detected error while running simulation. Please correct the issue and retry this operation.
ERROR: [Common 17-39] 'launch_simulation' failed due to earlier errors.
ERROR: [Common 17-69] Command failed: ERROR: [Common 17-39] 'launch_simulation' failed due to earlier errors.

relaunch_sim
Command: launch_simulation -simset sim_1 -mode behavioral
INFO: [Vivado 12-5682] Launching behavioral simulation in 'D:/malygit/Digital-electronics-1/Labs/project/project_1/project_1.sim/sim_1/behav/xsim'
INFO: [SIM-utils-51] Simulation object is 'sim_1'
INFO: [SIM-utils-54] Inspecting design source files for 'tb_state_machine' in fileset 'sim_1'...
INFO: [USF-XSim-97] Finding global include files...
INFO: [USF-XSim-98] Fetching design files from 'sim_1'...
INFO: [USF-XSim-2] XSim::Compile design
INFO: [USF-XSim-61] Executing 'COMPILE and ANALYZE' step in 'D:/malygit/Digital-electronics-1/Labs/project/project_1/project_1.sim/sim_1/behav/xsim'
"xvhdl --incr --relax -prj tb_state_machine_vhdl.prj"
INFO: [VRFC 10-163] Analyzing VHDL file "D:/malygit/Digital-electronics-1/Labs/project/project_1/project_1.srcs/sources_1/new/clock_enable.vhd" into library xil_defaultlib
INFO: [VRFC 10-3107] analyzing entity 'clock_enable'
INFO: [VRFC 10-163] Analyzing VHDL file "D:/malygit/Digital-electronics-1/Labs/project/project_1/project_1.srcs/sources_1/new/state_machine.vhd" into library xil_defaultlib
INFO: [VRFC 10-3107] analyzing entity 'state_machine'
INFO: [VRFC 10-163] Analyzing VHDL file "D:/malygit/Digital-electronics-1/Labs/project/project_1/project_1.srcs/sim_1/new/tb_state_machine.vhd" into library xil_defaultlib
INFO: [VRFC 10-3107] analyzing entity 'tb_state_machine'
INFO: [USF-XSim-69] 'compile' step finished in '1' seconds
Command: launch_simulation -simset sim_1 -mode behavioral
INFO: [Vivado 12-5682] Launching behavioral simulation in 'D:/malygit/Digital-electronics-1/Labs/project/project_1/project_1.sim/sim_1/behav/xsim'
INFO: [USF-XSim-3] XSim::Elaborate design
INFO: [USF-XSim-61] Executing 'ELABORATE' step in 'D:/malygit/Digital-electronics-1/Labs/project/project_1/project_1.sim/sim_1/behav/xsim'
"xelab -wto 7be5f9f794ba4c6c8f5beee7f92884e3 --incr --debug typical --relax --mt 2 -L xil_defaultlib -L secureip --snapshot tb_state_machine_behav xil_defaultlib.tb_state_machine -log elaborate.log"
Vivado Simulator 2020.2
Copyright 1986-1999, 2001-2020 Xilinx, Inc. All Rights Reserved.
Running: D:/vvivado/Vivado/2020.2/bin/unwrapped/win64.o/xelab.exe -wto 7be5f9f794ba4c6c8f5beee7f92884e3 --incr --debug typical --relax --mt 2 -L xil_defaultlib -L secureip --snapshot tb_state_machine_behav xil_defaultlib.tb_state_machine -log elaborate.log 
Using 2 slave threads.
Starting static elaboration
Completed static elaboration
Starting simulation data flow analysis
Completed simulation data flow analysis
Time Resolution for simulation is 1ps
Compiling package std.standard
Compiling package std.textio
Compiling package ieee.std_logic_1164
Compiling package ieee.numeric_std
Compiling architecture behavioral of entity xil_defaultlib.clock_enable [\clock_enable(g_max=0.01)\]
Compiling architecture behavioral of entity xil_defaultlib.state_machine [state_machine_default]
Compiling architecture behavioral of entity xil_defaultlib.tb_state_machine
Built simulation snapshot tb_state_machine_behav
INFO: [USF-XSim-69] 'elaborate' step finished in '2' seconds
Vivado Simulator 2020.2
Time resolution is 1 ps
relaunch_sim
Command: launch_simulation -simset sim_1 -mode behavioral
INFO: [Vivado 12-5682] Launching behavioral simulation in 'D:/malygit/Digital-electronics-1/Labs/project/project_1/project_1.sim/sim_1/behav/xsim'
INFO: [SIM-utils-51] Simulation object is 'sim_1'
INFO: [SIM-utils-54] Inspecting design source files for 'tb_state_machine' in fileset 'sim_1'...
INFO: [USF-XSim-97] Finding global include files...
INFO: [USF-XSim-98] Fetching design files from 'sim_1'...
INFO: [USF-XSim-2] XSim::Compile design
INFO: [USF-XSim-61] Executing 'COMPILE and ANALYZE' step in 'D:/malygit/Digital-electronics-1/Labs/project/project_1/project_1.sim/sim_1/behav/xsim'
"xvhdl --incr --relax -prj tb_state_machine_vhdl.prj"
INFO: [VRFC 10-163] Analyzing VHDL file "D:/malygit/Digital-electronics-1/Labs/project/project_1/project_1.srcs/sources_1/new/state_machine.vhd" into library xil_defaultlib
INFO: [VRFC 10-3107] analyzing entity 'state_machine'
INFO: [VRFC 10-163] Analyzing VHDL file "D:/malygit/Digital-electronics-1/Labs/project/project_1/project_1.srcs/sim_1/new/tb_state_machine.vhd" into library xil_defaultlib
INFO: [VRFC 10-3107] analyzing entity 'tb_state_machine'
INFO: [USF-XSim-69] 'compile' step finished in '1' seconds
Command: launch_simulation -simset sim_1 -mode behavioral
INFO: [Vivado 12-5682] Launching behavioral simulation in 'D:/malygit/Digital-electronics-1/Labs/project/project_1/project_1.sim/sim_1/behav/xsim'
INFO: [USF-XSim-3] XSim::Elaborate design
INFO: [USF-XSim-61] Executing 'ELABORATE' step in 'D:/malygit/Digital-electronics-1/Labs/project/project_1/project_1.sim/sim_1/behav/xsim'
"xelab -wto 7be5f9f794ba4c6c8f5beee7f92884e3 --incr --debug typical --relax --mt 2 -L xil_defaultlib -L secureip --snapshot tb_state_machine_behav xil_defaultlib.tb_state_machine -log elaborate.log"
Vivado Simulator 2020.2
Copyright 1986-1999, 2001-2020 Xilinx, Inc. All Rights Reserved.
Running: D:/vvivado/Vivado/2020.2/bin/unwrapped/win64.o/xelab.exe -wto 7be5f9f794ba4c6c8f5beee7f92884e3 --incr --debug typical --relax --mt 2 -L xil_defaultlib -L secureip --snapshot tb_state_machine_behav xil_defaultlib.tb_state_machine -log elaborate.log 
Using 2 slave threads.
Starting static elaboration
Completed static elaboration
Starting simulation data flow analysis
Completed simulation data flow analysis
Time Resolution for simulation is 1ps
Compiling package std.standard
Compiling package std.textio
Compiling package ieee.std_logic_1164
Compiling package ieee.numeric_std
Compiling architecture behavioral of entity xil_defaultlib.clock_enable [\clock_enable(g_max=0.1)\]
Compiling architecture behavioral of entity xil_defaultlib.state_machine [state_machine_default]
Compiling architecture behavioral of entity xil_defaultlib.tb_state_machine
Built simulation snapshot tb_state_machine_behav
INFO: [USF-XSim-69] 'elaborate' step finished in '2' seconds
Vivado Simulator 2020.2
Time resolution is 1 ps
relaunch_sim: Time (s): cpu = 00:00:01 ; elapsed = 00:00:06 . Memory (MB): peak = 1551.855 ; gain = 0.000
relaunch_sim
Command: launch_simulation -simset sim_1 -mode behavioral
INFO: [Vivado 12-5682] Launching behavioral simulation in 'D:/malygit/Digital-electronics-1/Labs/project/project_1/project_1.sim/sim_1/behav/xsim'
INFO: [SIM-utils-51] Simulation object is 'sim_1'
INFO: [SIM-utils-54] Inspecting design source files for 'tb_state_machine' in fileset 'sim_1'...
INFO: [USF-XSim-97] Finding global include files...
INFO: [USF-XSim-98] Fetching design files from 'sim_1'...
INFO: [USF-XSim-2] XSim::Compile design
INFO: [USF-XSim-61] Executing 'COMPILE and ANALYZE' step in 'D:/malygit/Digital-electronics-1/Labs/project/project_1/project_1.sim/sim_1/behav/xsim'
"xvhdl --incr --relax -prj tb_state_machine_vhdl.prj"
INFO: [VRFC 10-163] Analyzing VHDL file "D:/malygit/Digital-electronics-1/Labs/project/project_1/project_1.srcs/sources_1/new/clock_enable.vhd" into library xil_defaultlib
INFO: [VRFC 10-3107] analyzing entity 'clock_enable'
INFO: [VRFC 10-163] Analyzing VHDL file "D:/malygit/Digital-electronics-1/Labs/project/project_1/project_1.srcs/sources_1/new/state_machine.vhd" into library xil_defaultlib
INFO: [VRFC 10-3107] analyzing entity 'state_machine'
INFO: [VRFC 10-163] Analyzing VHDL file "D:/malygit/Digital-electronics-1/Labs/project/project_1/project_1.srcs/sim_1/new/tb_state_machine.vhd" into library xil_defaultlib
INFO: [VRFC 10-3107] analyzing entity 'tb_state_machine'
INFO: [USF-XSim-69] 'compile' step finished in '2' seconds
Command: launch_simulation -simset sim_1 -mode behavioral
INFO: [Vivado 12-5682] Launching behavioral simulation in 'D:/malygit/Digital-electronics-1/Labs/project/project_1/project_1.sim/sim_1/behav/xsim'
INFO: [USF-XSim-3] XSim::Elaborate design
INFO: [USF-XSim-61] Executing 'ELABORATE' step in 'D:/malygit/Digital-electronics-1/Labs/project/project_1/project_1.sim/sim_1/behav/xsim'
"xelab -wto 7be5f9f794ba4c6c8f5beee7f92884e3 --incr --debug typical --relax --mt 2 -L xil_defaultlib -L secureip --snapshot tb_state_machine_behav xil_defaultlib.tb_state_machine -log elaborate.log"
Vivado Simulator 2020.2
Copyright 1986-1999, 2001-2020 Xilinx, Inc. All Rights Reserved.
Running: D:/vvivado/Vivado/2020.2/bin/unwrapped/win64.o/xelab.exe -wto 7be5f9f794ba4c6c8f5beee7f92884e3 --incr --debug typical --relax --mt 2 -L xil_defaultlib -L secureip --snapshot tb_state_machine_behav xil_defaultlib.tb_state_machine -log elaborate.log 
Using 2 slave threads.
Starting static elaboration
Completed static elaboration
Starting simulation data flow analysis
Completed simulation data flow analysis
Time Resolution for simulation is 1ps
Compiling package std.standard
Compiling package std.textio
Compiling package ieee.std_logic_1164
Compiling package ieee.numeric_std
Compiling architecture behavioral of entity xil_defaultlib.clock_enable [\clock_enable(g_max=0.9)\]
Compiling architecture behavioral of entity xil_defaultlib.state_machine [state_machine_default]
Compiling architecture behavioral of entity xil_defaultlib.tb_state_machine
Built simulation snapshot tb_state_machine_behav
INFO: [USF-XSim-69] 'elaborate' step finished in '1' seconds
Vivado Simulator 2020.2
Time resolution is 1 ps
relaunch_sim: Time (s): cpu = 00:00:02 ; elapsed = 00:00:06 . Memory (MB): peak = 1551.855 ; gain = 0.000
relaunch_sim
Command: launch_simulation -simset sim_1 -mode behavioral
INFO: [Vivado 12-5682] Launching behavioral simulation in 'D:/malygit/Digital-electronics-1/Labs/project/project_1/project_1.sim/sim_1/behav/xsim'
INFO: [SIM-utils-51] Simulation object is 'sim_1'
INFO: [SIM-utils-54] Inspecting design source files for 'tb_state_machine' in fileset 'sim_1'...
INFO: [USF-XSim-97] Finding global include files...
INFO: [USF-XSim-98] Fetching design files from 'sim_1'...
INFO: [USF-XSim-2] XSim::Compile design
INFO: [USF-XSim-61] Executing 'COMPILE and ANALYZE' step in 'D:/malygit/Digital-electronics-1/Labs/project/project_1/project_1.sim/sim_1/behav/xsim'
"xvhdl --incr --relax -prj tb_state_machine_vhdl.prj"
INFO: [VRFC 10-163] Analyzing VHDL file "D:/malygit/Digital-electronics-1/Labs/project/project_1/project_1.srcs/sources_1/new/clock_enable.vhd" into library xil_defaultlib
INFO: [VRFC 10-3107] analyzing entity 'clock_enable'
INFO: [VRFC 10-163] Analyzing VHDL file "D:/malygit/Digital-electronics-1/Labs/project/project_1/project_1.srcs/sources_1/new/state_machine.vhd" into library xil_defaultlib
INFO: [VRFC 10-3107] analyzing entity 'state_machine'
INFO: [VRFC 10-163] Analyzing VHDL file "D:/malygit/Digital-electronics-1/Labs/project/project_1/project_1.srcs/sim_1/new/tb_state_machine.vhd" into library xil_defaultlib
INFO: [VRFC 10-3107] analyzing entity 'tb_state_machine'
INFO: [USF-XSim-69] 'compile' step finished in '1' seconds
Command: launch_simulation -simset sim_1 -mode behavioral
INFO: [Vivado 12-5682] Launching behavioral simulation in 'D:/malygit/Digital-electronics-1/Labs/project/project_1/project_1.sim/sim_1/behav/xsim'
INFO: [USF-XSim-3] XSim::Elaborate design
INFO: [USF-XSim-61] Executing 'ELABORATE' step in 'D:/malygit/Digital-electronics-1/Labs/project/project_1/project_1.sim/sim_1/behav/xsim'
"xelab -wto 7be5f9f794ba4c6c8f5beee7f92884e3 --incr --debug typical --relax --mt 2 -L xil_defaultlib -L secureip --snapshot tb_state_machine_behav xil_defaultlib.tb_state_machine -log elaborate.log"
Vivado Simulator 2020.2
Copyright 1986-1999, 2001-2020 Xilinx, Inc. All Rights Reserved.
Running: D:/vvivado/Vivado/2020.2/bin/unwrapped/win64.o/xelab.exe -wto 7be5f9f794ba4c6c8f5beee7f92884e3 --incr --debug typical --relax --mt 2 -L xil_defaultlib -L secureip --snapshot tb_state_machine_behav xil_defaultlib.tb_state_machine -log elaborate.log 
Using 2 slave threads.
Starting static elaboration
Completed static elaboration
Starting simulation data flow analysis
Completed simulation data flow analysis
Time Resolution for simulation is 1ps
Compiling package std.standard
Compiling package std.textio
Compiling package ieee.std_logic_1164
Compiling package ieee.numeric_std
Compiling architecture behavioral of entity xil_defaultlib.clock_enable [\clock_enable(g_max=3)\]
Compiling architecture behavioral of entity xil_defaultlib.state_machine [state_machine_default]
Compiling architecture behavioral of entity xil_defaultlib.tb_state_machine
Built simulation snapshot tb_state_machine_behav
INFO: [USF-XSim-69] 'elaborate' step finished in '1' seconds
Vivado Simulator 2020.2
Time resolution is 1 ps
relaunch_sim: Time (s): cpu = 00:00:02 ; elapsed = 00:00:06 . Memory (MB): peak = 1551.855 ; gain = 0.000
relaunch_sim
Command: launch_simulation -simset sim_1 -mode behavioral
INFO: [Vivado 12-5682] Launching behavioral simulation in 'D:/malygit/Digital-electronics-1/Labs/project/project_1/project_1.sim/sim_1/behav/xsim'
INFO: [SIM-utils-51] Simulation object is 'sim_1'
INFO: [SIM-utils-54] Inspecting design source files for 'tb_state_machine' in fileset 'sim_1'...
INFO: [USF-XSim-97] Finding global include files...
INFO: [USF-XSim-98] Fetching design files from 'sim_1'...
INFO: [USF-XSim-2] XSim::Compile design
INFO: [USF-XSim-61] Executing 'COMPILE and ANALYZE' step in 'D:/malygit/Digital-electronics-1/Labs/project/project_1/project_1.sim/sim_1/behav/xsim'
"xvhdl --incr --relax -prj tb_state_machine_vhdl.prj"
INFO: [VRFC 10-163] Analyzing VHDL file "D:/malygit/Digital-electronics-1/Labs/project/project_1/project_1.srcs/sources_1/new/state_machine.vhd" into library xil_defaultlib
INFO: [VRFC 10-3107] analyzing entity 'state_machine'
INFO: [VRFC 10-163] Analyzing VHDL file "D:/malygit/Digital-electronics-1/Labs/project/project_1/project_1.srcs/sim_1/new/tb_state_machine.vhd" into library xil_defaultlib
INFO: [VRFC 10-3107] analyzing entity 'tb_state_machine'
INFO: [USF-XSim-69] 'compile' step finished in '1' seconds
Command: launch_simulation -simset sim_1 -mode behavioral
INFO: [Vivado 12-5682] Launching behavioral simulation in 'D:/malygit/Digital-electronics-1/Labs/project/project_1/project_1.sim/sim_1/behav/xsim'
INFO: [USF-XSim-3] XSim::Elaborate design
INFO: [USF-XSim-61] Executing 'ELABORATE' step in 'D:/malygit/Digital-electronics-1/Labs/project/project_1/project_1.sim/sim_1/behav/xsim'
"xelab -wto 7be5f9f794ba4c6c8f5beee7f92884e3 --incr --debug typical --relax --mt 2 -L xil_defaultlib -L secureip --snapshot tb_state_machine_behav xil_defaultlib.tb_state_machine -log elaborate.log"
Vivado Simulator 2020.2
Copyright 1986-1999, 2001-2020 Xilinx, Inc. All Rights Reserved.
Running: D:/vvivado/Vivado/2020.2/bin/unwrapped/win64.o/xelab.exe -wto 7be5f9f794ba4c6c8f5beee7f92884e3 --incr --debug typical --relax --mt 2 -L xil_defaultlib -L secureip --snapshot tb_state_machine_behav xil_defaultlib.tb_state_machine -log elaborate.log 
Using 2 slave threads.
Starting static elaboration
Completed static elaboration
Starting simulation data flow analysis
Completed simulation data flow analysis
Time Resolution for simulation is 1ps
Compiling package std.standard
Compiling package std.textio
Compiling package ieee.std_logic_1164
Compiling package ieee.numeric_std
Compiling architecture behavioral of entity xil_defaultlib.clock_enable [\clock_enable(g_max=3)\]
Compiling architecture behavioral of entity xil_defaultlib.state_machine [state_machine_default]
Compiling architecture behavioral of entity xil_defaultlib.tb_state_machine
Built simulation snapshot tb_state_machine_behav
INFO: [USF-XSim-69] 'elaborate' step finished in '2' seconds
Vivado Simulator 2020.2
Time resolution is 1 ps
relaunch_sim: Time (s): cpu = 00:00:01 ; elapsed = 00:00:06 . Memory (MB): peak = 1551.855 ; gain = 0.000
close_sim
INFO: [Simtcl 6-16] Simulation closed
set_property -name {xsim.simulate.runtime} -value {100ms} -objects [get_filesets sim_1]
WARNING: [filemgmt 56-199] Attempt to get parsing info during refresh. "On-the-fly" syntax checking information may be incorrect. [D:\malygit\Digital-electronics-1\Labs\project\project_1\project_1.srcs\sources_1\new\clock_enable.vhd:]
WARNING: [filemgmt 56-199] Attempt to get parsing info during refresh. "On-the-fly" syntax checking information may be incorrect. [D:\malygit\Digital-electronics-1\Labs\project\project_1\project_1.srcs\sources_1\new\state_machine.vhd:]
WARNING: [filemgmt 56-199] Attempt to get parsing info during refresh. "On-the-fly" syntax checking information may be incorrect. [D:\malygit\Digital-electronics-1\Labs\project\project_1\project_1.srcs\sim_1\new\tb_state_machine.vhd:]
WARNING: [filemgmt 56-199] Attempt to get parsing info during refresh. "On-the-fly" syntax checking information may be incorrect. [D:\malygit\Digital-electronics-1\Labs\project\project_1\project_1.srcs\sources_1\new\clock_enable.vhd:]
WARNING: [filemgmt 56-199] Attempt to get parsing info during refresh. "On-the-fly" syntax checking information may be incorrect. [D:\malygit\Digital-electronics-1\Labs\project\project_1\project_1.srcs\sources_1\new\state_machine.vhd:]
WARNING: [filemgmt 56-199] Attempt to get parsing info during refresh. "On-the-fly" syntax checking information may be incorrect. [D:\malygit\Digital-electronics-1\Labs\project\project_1\project_1.srcs\sim_1\new\tb_state_machine.vhd:]
launch_simulation
Command: launch_simulation 
INFO: [Vivado 12-5682] Launching behavioral simulation in 'D:/malygit/Digital-electronics-1/Labs/project/project_1/project_1.sim/sim_1/behav/xsim'
INFO: [SIM-utils-51] Simulation object is 'sim_1'
INFO: [SIM-utils-54] Inspecting design source files for 'tb_state_machine' in fileset 'sim_1'...
INFO: [USF-XSim-97] Finding global include files...
INFO: [USF-XSim-98] Fetching design files from 'sim_1'...
INFO: [USF-XSim-2] XSim::Compile design
INFO: [USF-XSim-61] Executing 'COMPILE and ANALYZE' step in 'D:/malygit/Digital-electronics-1/Labs/project/project_1/project_1.sim/sim_1/behav/xsim'
"xvhdl --incr --relax -prj tb_state_machine_vhdl.prj"
INFO: [USF-XSim-69] 'compile' step finished in '1' seconds
INFO: [USF-XSim-3] XSim::Elaborate design
INFO: [USF-XSim-61] Executing 'ELABORATE' step in 'D:/malygit/Digital-electronics-1/Labs/project/project_1/project_1.sim/sim_1/behav/xsim'
"xelab -wto 7be5f9f794ba4c6c8f5beee7f92884e3 --incr --debug typical --relax --mt 2 -L xil_defaultlib -L secureip --snapshot tb_state_machine_behav xil_defaultlib.tb_state_machine -log elaborate.log"
Vivado Simulator 2020.2
Copyright 1986-1999, 2001-2020 Xilinx, Inc. All Rights Reserved.
Running: D:/vvivado/Vivado/2020.2/bin/unwrapped/win64.o/xelab.exe -wto 7be5f9f794ba4c6c8f5beee7f92884e3 --incr --debug typical --relax --mt 2 -L xil_defaultlib -L secureip --snapshot tb_state_machine_behav xil_defaultlib.tb_state_machine -log elaborate.log 
Using 2 slave threads.
Starting static elaboration
Completed static elaboration
INFO: [XSIM 43-4323] No Change in HDL. Linking previously generated obj files to create kernel
INFO: [USF-XSim-69] 'elaborate' step finished in '1' seconds
INFO: [USF-XSim-4] XSim::Simulate design
INFO: [USF-XSim-61] Executing 'SIMULATE' step in 'D:/malygit/Digital-electronics-1/Labs/project/project_1/project_1.sim/sim_1/behav/xsim'
INFO: [USF-XSim-98] *** Running xsim
   with args "tb_state_machine_behav -key {Behavioral:sim_1:Functional:tb_state_machine} -tclbatch {tb_state_machine.tcl} -log {simulate.log}"
INFO: [USF-XSim-8] Loading simulator feature
Vivado Simulator 2020.2
Time resolution is 1 ps
source tb_state_machine.tcl
# set curr_wave [current_wave_config]
# if { [string length $curr_wave] == 0 } {
#   if { [llength [get_objects]] > 0} {
#     add_wave /
#     set_property needs_save false [current_wave_config]
#   } else {
#      send_msg_id Add_Wave-1 WARNING "No top level signals found. Simulator will start without a wave window. If you want to open a wave window go to 'File->New Waveform Configuration' or type 'create_wave_config' in the TCL console."
#   }
# }
# run 100ms
INFO: [USF-XSim-96] XSim completed. Design snapshot 'tb_state_machine_behav' loaded.
INFO: [USF-XSim-97] XSim simulation ran for 100ms
launch_simulation: Time (s): cpu = 00:00:04 ; elapsed = 00:00:05 . Memory (MB): peak = 1551.855 ; gain = 0.000
relaunch_sim
Command: launch_simulation -simset sim_1 -mode behavioral
INFO: [Vivado 12-5682] Launching behavioral simulation in 'D:/malygit/Digital-electronics-1/Labs/project/project_1/project_1.sim/sim_1/behav/xsim'
INFO: [SIM-utils-51] Simulation object is 'sim_1'
INFO: [SIM-utils-54] Inspecting design source files for 'tb_state_machine' in fileset 'sim_1'...
INFO: [USF-XSim-97] Finding global include files...
INFO: [USF-XSim-98] Fetching design files from 'sim_1'...
INFO: [USF-XSim-2] XSim::Compile design
INFO: [USF-XSim-61] Executing 'COMPILE and ANALYZE' step in 'D:/malygit/Digital-electronics-1/Labs/project/project_1/project_1.sim/sim_1/behav/xsim'
"xvhdl --incr --relax -prj tb_state_machine_vhdl.prj"
INFO: [VRFC 10-163] Analyzing VHDL file "D:/malygit/Digital-electronics-1/Labs/project/project_1/project_1.srcs/sources_1/new/state_machine.vhd" into library xil_defaultlib
INFO: [VRFC 10-3107] analyzing entity 'state_machine'
INFO: [VRFC 10-163] Analyzing VHDL file "D:/malygit/Digital-electronics-1/Labs/project/project_1/project_1.srcs/sim_1/new/tb_state_machine.vhd" into library xil_defaultlib
INFO: [VRFC 10-3107] analyzing entity 'tb_state_machine'
INFO: [USF-XSim-69] 'compile' step finished in '1' seconds
Command: launch_simulation -simset sim_1 -mode behavioral
INFO: [Vivado 12-5682] Launching behavioral simulation in 'D:/malygit/Digital-electronics-1/Labs/project/project_1/project_1.sim/sim_1/behav/xsim'
INFO: [USF-XSim-3] XSim::Elaborate design
INFO: [USF-XSim-61] Executing 'ELABORATE' step in 'D:/malygit/Digital-electronics-1/Labs/project/project_1/project_1.sim/sim_1/behav/xsim'
"xelab -wto 7be5f9f794ba4c6c8f5beee7f92884e3 --incr --debug typical --relax --mt 2 -L xil_defaultlib -L secureip --snapshot tb_state_machine_behav xil_defaultlib.tb_state_machine -log elaborate.log"
Vivado Simulator 2020.2
Copyright 1986-1999, 2001-2020 Xilinx, Inc. All Rights Reserved.
Running: D:/vvivado/Vivado/2020.2/bin/unwrapped/win64.o/xelab.exe -wto 7be5f9f794ba4c6c8f5beee7f92884e3 --incr --debug typical --relax --mt 2 -L xil_defaultlib -L secureip --snapshot tb_state_machine_behav xil_defaultlib.tb_state_machine -log elaborate.log 
Using 2 slave threads.
Starting static elaboration
Completed static elaboration
Starting simulation data flow analysis
Completed simulation data flow analysis
Time Resolution for simulation is 1ps
Compiling package std.standard
Compiling package std.textio
Compiling package ieee.std_logic_1164
Compiling package ieee.numeric_std
Compiling architecture behavioral of entity xil_defaultlib.clock_enable [\clock_enable(g_max=3)\]
Compiling architecture behavioral of entity xil_defaultlib.state_machine [state_machine_default]
Compiling architecture behavioral of entity xil_defaultlib.tb_state_machine
Built simulation snapshot tb_state_machine_behav
INFO: [USF-XSim-69] 'elaborate' step finished in '1' seconds
Vivado Simulator 2020.2
Time resolution is 1 ps
relaunch_sim: Time (s): cpu = 00:00:02 ; elapsed = 00:00:06 . Memory (MB): peak = 1551.855 ; gain = 0.000
relaunch_sim
Command: launch_simulation -simset sim_1 -mode behavioral
INFO: [Vivado 12-5682] Launching behavioral simulation in 'D:/malygit/Digital-electronics-1/Labs/project/project_1/project_1.sim/sim_1/behav/xsim'
INFO: [SIM-utils-51] Simulation object is 'sim_1'
INFO: [SIM-utils-54] Inspecting design source files for 'tb_state_machine' in fileset 'sim_1'...
INFO: [USF-XSim-97] Finding global include files...
INFO: [USF-XSim-98] Fetching design files from 'sim_1'...
INFO: [USF-XSim-2] XSim::Compile design
INFO: [USF-XSim-61] Executing 'COMPILE and ANALYZE' step in 'D:/malygit/Digital-electronics-1/Labs/project/project_1/project_1.sim/sim_1/behav/xsim'
"xvhdl --incr --relax -prj tb_state_machine_vhdl.prj"
INFO: [VRFC 10-163] Analyzing VHDL file "D:/malygit/Digital-electronics-1/Labs/project/project_1/project_1.srcs/sources_1/new/state_machine.vhd" into library xil_defaultlib
INFO: [VRFC 10-3107] analyzing entity 'state_machine'
INFO: [VRFC 10-163] Analyzing VHDL file "D:/malygit/Digital-electronics-1/Labs/project/project_1/project_1.srcs/sim_1/new/tb_state_machine.vhd" into library xil_defaultlib
INFO: [VRFC 10-3107] analyzing entity 'tb_state_machine'
INFO: [USF-XSim-69] 'compile' step finished in '2' seconds
Command: launch_simulation -simset sim_1 -mode behavioral
INFO: [Vivado 12-5682] Launching behavioral simulation in 'D:/malygit/Digital-electronics-1/Labs/project/project_1/project_1.sim/sim_1/behav/xsim'
INFO: [USF-XSim-3] XSim::Elaborate design
INFO: [USF-XSim-61] Executing 'ELABORATE' step in 'D:/malygit/Digital-electronics-1/Labs/project/project_1/project_1.sim/sim_1/behav/xsim'
"xelab -wto 7be5f9f794ba4c6c8f5beee7f92884e3 --incr --debug typical --relax --mt 2 -L xil_defaultlib -L secureip --snapshot tb_state_machine_behav xil_defaultlib.tb_state_machine -log elaborate.log"
Vivado Simulator 2020.2
Copyright 1986-1999, 2001-2020 Xilinx, Inc. All Rights Reserved.
Running: D:/vvivado/Vivado/2020.2/bin/unwrapped/win64.o/xelab.exe -wto 7be5f9f794ba4c6c8f5beee7f92884e3 --incr --debug typical --relax --mt 2 -L xil_defaultlib -L secureip --snapshot tb_state_machine_behav xil_defaultlib.tb_state_machine -log elaborate.log 
Using 2 slave threads.
Starting static elaboration
Completed static elaboration
Starting simulation data flow analysis
Completed simulation data flow analysis
Time Resolution for simulation is 1ps
Compiling package std.standard
Compiling package std.textio
Compiling package ieee.std_logic_1164
Compiling package ieee.numeric_std
Compiling architecture behavioral of entity xil_defaultlib.clock_enable [\clock_enable(g_max=3)\]
Compiling architecture behavioral of entity xil_defaultlib.state_machine [state_machine_default]
Compiling architecture behavioral of entity xil_defaultlib.tb_state_machine
Built simulation snapshot tb_state_machine_behav
INFO: [USF-XSim-69] 'elaborate' step finished in '1' seconds
Vivado Simulator 2020.2
Time resolution is 1 ps
relaunch_sim: Time (s): cpu = 00:00:02 ; elapsed = 00:00:06 . Memory (MB): peak = 1551.855 ; gain = 0.000
relaunch_sim
Command: launch_simulation -simset sim_1 -mode behavioral
INFO: [Vivado 12-5682] Launching behavioral simulation in 'D:/malygit/Digital-electronics-1/Labs/project/project_1/project_1.sim/sim_1/behav/xsim'
INFO: [SIM-utils-51] Simulation object is 'sim_1'
INFO: [SIM-utils-54] Inspecting design source files for 'tb_state_machine' in fileset 'sim_1'...
INFO: [USF-XSim-97] Finding global include files...
INFO: [USF-XSim-98] Fetching design files from 'sim_1'...
INFO: [USF-XSim-2] XSim::Compile design
INFO: [USF-XSim-61] Executing 'COMPILE and ANALYZE' step in 'D:/malygit/Digital-electronics-1/Labs/project/project_1/project_1.sim/sim_1/behav/xsim'
"xvhdl --incr --relax -prj tb_state_machine_vhdl.prj"
INFO: [VRFC 10-163] Analyzing VHDL file "D:/malygit/Digital-electronics-1/Labs/project/project_1/project_1.srcs/sources_1/new/state_machine.vhd" into library xil_defaultlib
INFO: [VRFC 10-3107] analyzing entity 'state_machine'
INFO: [VRFC 10-163] Analyzing VHDL file "D:/malygit/Digital-electronics-1/Labs/project/project_1/project_1.srcs/sim_1/new/tb_state_machine.vhd" into library xil_defaultlib
INFO: [VRFC 10-3107] analyzing entity 'tb_state_machine'
INFO: [USF-XSim-69] 'compile' step finished in '1' seconds
Command: launch_simulation -simset sim_1 -mode behavioral
INFO: [Vivado 12-5682] Launching behavioral simulation in 'D:/malygit/Digital-electronics-1/Labs/project/project_1/project_1.sim/sim_1/behav/xsim'
INFO: [USF-XSim-3] XSim::Elaborate design
INFO: [USF-XSim-61] Executing 'ELABORATE' step in 'D:/malygit/Digital-electronics-1/Labs/project/project_1/project_1.sim/sim_1/behav/xsim'
"xelab -wto 7be5f9f794ba4c6c8f5beee7f92884e3 --incr --debug typical --relax --mt 2 -L xil_defaultlib -L secureip --snapshot tb_state_machine_behav xil_defaultlib.tb_state_machine -log elaborate.log"
Vivado Simulator 2020.2
Copyright 1986-1999, 2001-2020 Xilinx, Inc. All Rights Reserved.
Running: D:/vvivado/Vivado/2020.2/bin/unwrapped/win64.o/xelab.exe -wto 7be5f9f794ba4c6c8f5beee7f92884e3 --incr --debug typical --relax --mt 2 -L xil_defaultlib -L secureip --snapshot tb_state_machine_behav xil_defaultlib.tb_state_machine -log elaborate.log 
Using 2 slave threads.
Starting static elaboration
Completed static elaboration
Starting simulation data flow analysis
Completed simulation data flow analysis
Time Resolution for simulation is 1ps
Compiling package std.standard
Compiling package std.textio
Compiling package ieee.std_logic_1164
Compiling package ieee.numeric_std
Compiling architecture behavioral of entity xil_defaultlib.clock_enable [\clock_enable(g_max=3)\]
Compiling architecture behavioral of entity xil_defaultlib.state_machine [state_machine_default]
Compiling architecture behavioral of entity xil_defaultlib.tb_state_machine
Built simulation snapshot tb_state_machine_behav
INFO: [USF-XSim-69] 'elaborate' step finished in '2' seconds
Vivado Simulator 2020.2
Time resolution is 1 ps
relaunch_sim: Time (s): cpu = 00:00:02 ; elapsed = 00:00:06 . Memory (MB): peak = 1551.855 ; gain = 0.000
relaunch_sim
Command: launch_simulation -simset sim_1 -mode behavioral
INFO: [Vivado 12-5682] Launching behavioral simulation in 'D:/malygit/Digital-electronics-1/Labs/project/project_1/project_1.sim/sim_1/behav/xsim'
INFO: [SIM-utils-51] Simulation object is 'sim_1'
INFO: [SIM-utils-54] Inspecting design source files for 'tb_state_machine' in fileset 'sim_1'...
INFO: [USF-XSim-97] Finding global include files...
INFO: [USF-XSim-98] Fetching design files from 'sim_1'...
INFO: [USF-XSim-2] XSim::Compile design
INFO: [USF-XSim-61] Executing 'COMPILE and ANALYZE' step in 'D:/malygit/Digital-electronics-1/Labs/project/project_1/project_1.sim/sim_1/behav/xsim'
"xvhdl --incr --relax -prj tb_state_machine_vhdl.prj"
INFO: [VRFC 10-163] Analyzing VHDL file "D:/malygit/Digital-electronics-1/Labs/project/project_1/project_1.srcs/sources_1/new/state_machine.vhd" into library xil_defaultlib
INFO: [VRFC 10-3107] analyzing entity 'state_machine'
INFO: [VRFC 10-163] Analyzing VHDL file "D:/malygit/Digital-electronics-1/Labs/project/project_1/project_1.srcs/sim_1/new/tb_state_machine.vhd" into library xil_defaultlib
INFO: [VRFC 10-3107] analyzing entity 'tb_state_machine'
INFO: [USF-XSim-69] 'compile' step finished in '1' seconds
Command: launch_simulation -simset sim_1 -mode behavioral
INFO: [Vivado 12-5682] Launching behavioral simulation in 'D:/malygit/Digital-electronics-1/Labs/project/project_1/project_1.sim/sim_1/behav/xsim'
INFO: [USF-XSim-3] XSim::Elaborate design
INFO: [USF-XSim-61] Executing 'ELABORATE' step in 'D:/malygit/Digital-electronics-1/Labs/project/project_1/project_1.sim/sim_1/behav/xsim'
"xelab -wto 7be5f9f794ba4c6c8f5beee7f92884e3 --incr --debug typical --relax --mt 2 -L xil_defaultlib -L secureip --snapshot tb_state_machine_behav xil_defaultlib.tb_state_machine -log elaborate.log"
Vivado Simulator 2020.2
Copyright 1986-1999, 2001-2020 Xilinx, Inc. All Rights Reserved.
Running: D:/vvivado/Vivado/2020.2/bin/unwrapped/win64.o/xelab.exe -wto 7be5f9f794ba4c6c8f5beee7f92884e3 --incr --debug typical --relax --mt 2 -L xil_defaultlib -L secureip --snapshot tb_state_machine_behav xil_defaultlib.tb_state_machine -log elaborate.log 
Using 2 slave threads.
Starting static elaboration
Completed static elaboration
Starting simulation data flow analysis
Completed simulation data flow analysis
Time Resolution for simulation is 1ps
Compiling package std.standard
Compiling package std.textio
Compiling package ieee.std_logic_1164
Compiling package ieee.numeric_std
Compiling architecture behavioral of entity xil_defaultlib.clock_enable [\clock_enable(g_max=3)\]
Compiling architecture behavioral of entity xil_defaultlib.state_machine [state_machine_default]
Compiling architecture behavioral of entity xil_defaultlib.tb_state_machine
Built simulation snapshot tb_state_machine_behav
INFO: [USF-XSim-69] 'elaborate' step finished in '1' seconds
Vivado Simulator 2020.2
Time resolution is 1 ps
relaunch_sim: Time (s): cpu = 00:00:02 ; elapsed = 00:00:06 . Memory (MB): peak = 1585.090 ; gain = 0.000
relaunch_sim
Command: launch_simulation -simset sim_1 -mode behavioral
INFO: [Vivado 12-5682] Launching behavioral simulation in 'D:/malygit/Digital-electronics-1/Labs/project/project_1/project_1.sim/sim_1/behav/xsim'
INFO: [SIM-utils-51] Simulation object is 'sim_1'
INFO: [SIM-utils-54] Inspecting design source files for 'tb_state_machine' in fileset 'sim_1'...
INFO: [USF-XSim-97] Finding global include files...
INFO: [USF-XSim-98] Fetching design files from 'sim_1'...
INFO: [USF-XSim-2] XSim::Compile design
INFO: [USF-XSim-61] Executing 'COMPILE and ANALYZE' step in 'D:/malygit/Digital-electronics-1/Labs/project/project_1/project_1.sim/sim_1/behav/xsim'
"xvhdl --incr --relax -prj tb_state_machine_vhdl.prj"
INFO: [VRFC 10-163] Analyzing VHDL file "D:/malygit/Digital-electronics-1/Labs/project/project_1/project_1.srcs/sources_1/new/state_machine.vhd" into library xil_defaultlib
INFO: [VRFC 10-3107] analyzing entity 'state_machine'
INFO: [VRFC 10-163] Analyzing VHDL file "D:/malygit/Digital-electronics-1/Labs/project/project_1/project_1.srcs/sim_1/new/tb_state_machine.vhd" into library xil_defaultlib
INFO: [VRFC 10-3107] analyzing entity 'tb_state_machine'
INFO: [USF-XSim-69] 'compile' step finished in '1' seconds
Command: launch_simulation -simset sim_1 -mode behavioral
INFO: [Vivado 12-5682] Launching behavioral simulation in 'D:/malygit/Digital-electronics-1/Labs/project/project_1/project_1.sim/sim_1/behav/xsim'
INFO: [USF-XSim-3] XSim::Elaborate design
INFO: [USF-XSim-61] Executing 'ELABORATE' step in 'D:/malygit/Digital-electronics-1/Labs/project/project_1/project_1.sim/sim_1/behav/xsim'
"xelab -wto 7be5f9f794ba4c6c8f5beee7f92884e3 --incr --debug typical --relax --mt 2 -L xil_defaultlib -L secureip --snapshot tb_state_machine_behav xil_defaultlib.tb_state_machine -log elaborate.log"
Vivado Simulator 2020.2
Copyright 1986-1999, 2001-2020 Xilinx, Inc. All Rights Reserved.
Running: D:/vvivado/Vivado/2020.2/bin/unwrapped/win64.o/xelab.exe -wto 7be5f9f794ba4c6c8f5beee7f92884e3 --incr --debug typical --relax --mt 2 -L xil_defaultlib -L secureip --snapshot tb_state_machine_behav xil_defaultlib.tb_state_machine -log elaborate.log 
Using 2 slave threads.
Starting static elaboration
Completed static elaboration
Starting simulation data flow analysis
Completed simulation data flow analysis
Time Resolution for simulation is 1ps
Compiling package std.standard
Compiling package std.textio
Compiling package ieee.std_logic_1164
Compiling package ieee.numeric_std
Compiling architecture behavioral of entity xil_defaultlib.clock_enable [\clock_enable(g_max=3)\]
Compiling architecture behavioral of entity xil_defaultlib.state_machine [state_machine_default]
Compiling architecture behavioral of entity xil_defaultlib.tb_state_machine
Built simulation snapshot tb_state_machine_behav
INFO: [USF-XSim-69] 'elaborate' step finished in '2' seconds
Vivado Simulator 2020.2
Time resolution is 1 ps
relaunch_sim: Time (s): cpu = 00:00:01 ; elapsed = 00:00:06 . Memory (MB): peak = 1585.090 ; gain = 0.000
relaunch_sim
Command: launch_simulation -simset sim_1 -mode behavioral
INFO: [Vivado 12-5682] Launching behavioral simulation in 'D:/malygit/Digital-electronics-1/Labs/project/project_1/project_1.sim/sim_1/behav/xsim'
INFO: [SIM-utils-51] Simulation object is 'sim_1'
INFO: [SIM-utils-54] Inspecting design source files for 'tb_state_machine' in fileset 'sim_1'...
INFO: [USF-XSim-97] Finding global include files...
INFO: [USF-XSim-98] Fetching design files from 'sim_1'...
INFO: [USF-XSim-2] XSim::Compile design
INFO: [USF-XSim-61] Executing 'COMPILE and ANALYZE' step in 'D:/malygit/Digital-electronics-1/Labs/project/project_1/project_1.sim/sim_1/behav/xsim'
"xvhdl --incr --relax -prj tb_state_machine_vhdl.prj"
INFO: [VRFC 10-163] Analyzing VHDL file "D:/malygit/Digital-electronics-1/Labs/project/project_1/project_1.srcs/sources_1/new/state_machine.vhd" into library xil_defaultlib
INFO: [VRFC 10-3107] analyzing entity 'state_machine'
INFO: [VRFC 10-163] Analyzing VHDL file "D:/malygit/Digital-electronics-1/Labs/project/project_1/project_1.srcs/sim_1/new/tb_state_machine.vhd" into library xil_defaultlib
INFO: [VRFC 10-3107] analyzing entity 'tb_state_machine'
INFO: [USF-XSim-69] 'compile' step finished in '1' seconds
Command: launch_simulation -simset sim_1 -mode behavioral
INFO: [Vivado 12-5682] Launching behavioral simulation in 'D:/malygit/Digital-electronics-1/Labs/project/project_1/project_1.sim/sim_1/behav/xsim'
INFO: [USF-XSim-3] XSim::Elaborate design
INFO: [USF-XSim-61] Executing 'ELABORATE' step in 'D:/malygit/Digital-electronics-1/Labs/project/project_1/project_1.sim/sim_1/behav/xsim'
"xelab -wto 7be5f9f794ba4c6c8f5beee7f92884e3 --incr --debug typical --relax --mt 2 -L xil_defaultlib -L secureip --snapshot tb_state_machine_behav xil_defaultlib.tb_state_machine -log elaborate.log"
Vivado Simulator 2020.2
Copyright 1986-1999, 2001-2020 Xilinx, Inc. All Rights Reserved.
Running: D:/vvivado/Vivado/2020.2/bin/unwrapped/win64.o/xelab.exe -wto 7be5f9f794ba4c6c8f5beee7f92884e3 --incr --debug typical --relax --mt 2 -L xil_defaultlib -L secureip --snapshot tb_state_machine_behav xil_defaultlib.tb_state_machine -log elaborate.log 
Using 2 slave threads.
Starting static elaboration
Completed static elaboration
Starting simulation data flow analysis
Completed simulation data flow analysis
Time Resolution for simulation is 1ps
Compiling package std.standard
Compiling package std.textio
Compiling package ieee.std_logic_1164
Compiling package ieee.numeric_std
Compiling architecture behavioral of entity xil_defaultlib.clock_enable [\clock_enable(g_max=3)\]
Compiling architecture behavioral of entity xil_defaultlib.state_machine [state_machine_default]
Compiling architecture behavioral of entity xil_defaultlib.tb_state_machine
Built simulation snapshot tb_state_machine_behav
INFO: [USF-XSim-69] 'elaborate' step finished in '2' seconds
Vivado Simulator 2020.2
Time resolution is 1 ps
relaunch_sim: Time (s): cpu = 00:00:01 ; elapsed = 00:00:06 . Memory (MB): peak = 1585.090 ; gain = 0.000
relaunch_sim
Command: launch_simulation -simset sim_1 -mode behavioral
INFO: [Vivado 12-5682] Launching behavioral simulation in 'D:/malygit/Digital-electronics-1/Labs/project/project_1/project_1.sim/sim_1/behav/xsim'
INFO: [SIM-utils-51] Simulation object is 'sim_1'
INFO: [SIM-utils-54] Inspecting design source files for 'tb_state_machine' in fileset 'sim_1'...
INFO: [USF-XSim-97] Finding global include files...
INFO: [USF-XSim-98] Fetching design files from 'sim_1'...
INFO: [USF-XSim-2] XSim::Compile design
INFO: [USF-XSim-61] Executing 'COMPILE and ANALYZE' step in 'D:/malygit/Digital-electronics-1/Labs/project/project_1/project_1.sim/sim_1/behav/xsim'
"xvhdl --incr --relax -prj tb_state_machine_vhdl.prj"
INFO: [VRFC 10-163] Analyzing VHDL file "D:/malygit/Digital-electronics-1/Labs/project/project_1/project_1.srcs/sources_1/new/state_machine.vhd" into library xil_defaultlib
INFO: [VRFC 10-3107] analyzing entity 'state_machine'
INFO: [VRFC 10-163] Analyzing VHDL file "D:/malygit/Digital-electronics-1/Labs/project/project_1/project_1.srcs/sim_1/new/tb_state_machine.vhd" into library xil_defaultlib
INFO: [VRFC 10-3107] analyzing entity 'tb_state_machine'
INFO: [USF-XSim-69] 'compile' step finished in '1' seconds
Command: launch_simulation -simset sim_1 -mode behavioral
INFO: [Vivado 12-5682] Launching behavioral simulation in 'D:/malygit/Digital-electronics-1/Labs/project/project_1/project_1.sim/sim_1/behav/xsim'
INFO: [USF-XSim-3] XSim::Elaborate design
INFO: [USF-XSim-61] Executing 'ELABORATE' step in 'D:/malygit/Digital-electronics-1/Labs/project/project_1/project_1.sim/sim_1/behav/xsim'
"xelab -wto 7be5f9f794ba4c6c8f5beee7f92884e3 --incr --debug typical --relax --mt 2 -L xil_defaultlib -L secureip --snapshot tb_state_machine_behav xil_defaultlib.tb_state_machine -log elaborate.log"
Vivado Simulator 2020.2
Copyright 1986-1999, 2001-2020 Xilinx, Inc. All Rights Reserved.
Running: D:/vvivado/Vivado/2020.2/bin/unwrapped/win64.o/xelab.exe -wto 7be5f9f794ba4c6c8f5beee7f92884e3 --incr --debug typical --relax --mt 2 -L xil_defaultlib -L secureip --snapshot tb_state_machine_behav xil_defaultlib.tb_state_machine -log elaborate.log 
Using 2 slave threads.
Starting static elaboration
Completed static elaboration
Starting simulation data flow analysis
Completed simulation data flow analysis
Time Resolution for simulation is 1ps
Compiling package std.standard
Compiling package std.textio
Compiling package ieee.std_logic_1164
Compiling package ieee.numeric_std
Compiling architecture behavioral of entity xil_defaultlib.clock_enable [\clock_enable(g_max=3)\]
Compiling architecture behavioral of entity xil_defaultlib.state_machine [state_machine_default]
Compiling architecture behavioral of entity xil_defaultlib.tb_state_machine
Built simulation snapshot tb_state_machine_behav
INFO: [USF-XSim-69] 'elaborate' step finished in '2' seconds
Vivado Simulator 2020.2
Time resolution is 1 ps
relaunch_sim: Time (s): cpu = 00:00:02 ; elapsed = 00:00:06 . Memory (MB): peak = 1585.090 ; gain = 0.000
relaunch_sim
Command: launch_simulation -simset sim_1 -mode behavioral
INFO: [Vivado 12-5682] Launching behavioral simulation in 'D:/malygit/Digital-electronics-1/Labs/project/project_1/project_1.sim/sim_1/behav/xsim'
INFO: [SIM-utils-51] Simulation object is 'sim_1'
INFO: [SIM-utils-54] Inspecting design source files for 'tb_state_machine' in fileset 'sim_1'...
INFO: [USF-XSim-97] Finding global include files...
INFO: [USF-XSim-98] Fetching design files from 'sim_1'...
INFO: [USF-XSim-2] XSim::Compile design
INFO: [USF-XSim-61] Executing 'COMPILE and ANALYZE' step in 'D:/malygit/Digital-electronics-1/Labs/project/project_1/project_1.sim/sim_1/behav/xsim'
"xvhdl --incr --relax -prj tb_state_machine_vhdl.prj"
INFO: [VRFC 10-163] Analyzing VHDL file "D:/malygit/Digital-electronics-1/Labs/project/project_1/project_1.srcs/sources_1/new/state_machine.vhd" into library xil_defaultlib
INFO: [VRFC 10-3107] analyzing entity 'state_machine'
INFO: [VRFC 10-163] Analyzing VHDL file "D:/malygit/Digital-electronics-1/Labs/project/project_1/project_1.srcs/sim_1/new/tb_state_machine.vhd" into library xil_defaultlib
INFO: [VRFC 10-3107] analyzing entity 'tb_state_machine'
INFO: [USF-XSim-69] 'compile' step finished in '1' seconds
Command: launch_simulation -simset sim_1 -mode behavioral
INFO: [Vivado 12-5682] Launching behavioral simulation in 'D:/malygit/Digital-electronics-1/Labs/project/project_1/project_1.sim/sim_1/behav/xsim'
INFO: [USF-XSim-3] XSim::Elaborate design
INFO: [USF-XSim-61] Executing 'ELABORATE' step in 'D:/malygit/Digital-electronics-1/Labs/project/project_1/project_1.sim/sim_1/behav/xsim'
"xelab -wto 7be5f9f794ba4c6c8f5beee7f92884e3 --incr --debug typical --relax --mt 2 -L xil_defaultlib -L secureip --snapshot tb_state_machine_behav xil_defaultlib.tb_state_machine -log elaborate.log"
Vivado Simulator 2020.2
Copyright 1986-1999, 2001-2020 Xilinx, Inc. All Rights Reserved.
Running: D:/vvivado/Vivado/2020.2/bin/unwrapped/win64.o/xelab.exe -wto 7be5f9f794ba4c6c8f5beee7f92884e3 --incr --debug typical --relax --mt 2 -L xil_defaultlib -L secureip --snapshot tb_state_machine_behav xil_defaultlib.tb_state_machine -log elaborate.log 
Using 2 slave threads.
Starting static elaboration
Completed static elaboration
Starting simulation data flow analysis
Completed simulation data flow analysis
Time Resolution for simulation is 1ps
Compiling package std.standard
Compiling package std.textio
Compiling package ieee.std_logic_1164
Compiling package ieee.numeric_std
Compiling architecture behavioral of entity xil_defaultlib.clock_enable [\clock_enable(g_max=3)\]
Compiling architecture behavioral of entity xil_defaultlib.state_machine [state_machine_default]
Compiling architecture behavioral of entity xil_defaultlib.tb_state_machine
Built simulation snapshot tb_state_machine_behav
INFO: [USF-XSim-69] 'elaborate' step finished in '2' seconds
Vivado Simulator 2020.2
Time resolution is 1 ps
relaunch_sim: Time (s): cpu = 00:00:01 ; elapsed = 00:00:06 . Memory (MB): peak = 1585.090 ; gain = 0.000
relaunch_sim
Command: launch_simulation -simset sim_1 -mode behavioral
INFO: [Vivado 12-5682] Launching behavioral simulation in 'D:/malygit/Digital-electronics-1/Labs/project/project_1/project_1.sim/sim_1/behav/xsim'
INFO: [SIM-utils-51] Simulation object is 'sim_1'
INFO: [SIM-utils-54] Inspecting design source files for 'tb_state_machine' in fileset 'sim_1'...
INFO: [USF-XSim-97] Finding global include files...
INFO: [USF-XSim-98] Fetching design files from 'sim_1'...
INFO: [USF-XSim-2] XSim::Compile design
INFO: [USF-XSim-61] Executing 'COMPILE and ANALYZE' step in 'D:/malygit/Digital-electronics-1/Labs/project/project_1/project_1.sim/sim_1/behav/xsim'
"xvhdl --incr --relax -prj tb_state_machine_vhdl.prj"
INFO: [VRFC 10-163] Analyzing VHDL file "D:/malygit/Digital-electronics-1/Labs/project/project_1/project_1.srcs/sources_1/new/state_machine.vhd" into library xil_defaultlib
INFO: [VRFC 10-3107] analyzing entity 'state_machine'
INFO: [VRFC 10-163] Analyzing VHDL file "D:/malygit/Digital-electronics-1/Labs/project/project_1/project_1.srcs/sim_1/new/tb_state_machine.vhd" into library xil_defaultlib
INFO: [VRFC 10-3107] analyzing entity 'tb_state_machine'
INFO: [USF-XSim-69] 'compile' step finished in '1' seconds
Command: launch_simulation -simset sim_1 -mode behavioral
INFO: [Vivado 12-5682] Launching behavioral simulation in 'D:/malygit/Digital-electronics-1/Labs/project/project_1/project_1.sim/sim_1/behav/xsim'
INFO: [USF-XSim-3] XSim::Elaborate design
INFO: [USF-XSim-61] Executing 'ELABORATE' step in 'D:/malygit/Digital-electronics-1/Labs/project/project_1/project_1.sim/sim_1/behav/xsim'
"xelab -wto 7be5f9f794ba4c6c8f5beee7f92884e3 --incr --debug typical --relax --mt 2 -L xil_defaultlib -L secureip --snapshot tb_state_machine_behav xil_defaultlib.tb_state_machine -log elaborate.log"
Vivado Simulator 2020.2
Copyright 1986-1999, 2001-2020 Xilinx, Inc. All Rights Reserved.
Running: D:/vvivado/Vivado/2020.2/bin/unwrapped/win64.o/xelab.exe -wto 7be5f9f794ba4c6c8f5beee7f92884e3 --incr --debug typical --relax --mt 2 -L xil_defaultlib -L secureip --snapshot tb_state_machine_behav xil_defaultlib.tb_state_machine -log elaborate.log 
Using 2 slave threads.
Starting static elaboration
Completed static elaboration
Starting simulation data flow analysis
Completed simulation data flow analysis
Time Resolution for simulation is 1ps
Compiling package std.standard
Compiling package std.textio
Compiling package ieee.std_logic_1164
Compiling package ieee.numeric_std
Compiling architecture behavioral of entity xil_defaultlib.clock_enable [\clock_enable(g_max=3)\]
Compiling architecture behavioral of entity xil_defaultlib.state_machine [state_machine_default]
Compiling architecture behavioral of entity xil_defaultlib.tb_state_machine
Built simulation snapshot tb_state_machine_behav
INFO: [USF-XSim-69] 'elaborate' step finished in '2' seconds
Vivado Simulator 2020.2
Time resolution is 1 ps
relaunch_sim: Time (s): cpu = 00:00:01 ; elapsed = 00:00:06 . Memory (MB): peak = 1585.090 ; gain = 0.000
relaunch_sim
Command: launch_simulation -simset sim_1 -mode behavioral
INFO: [Vivado 12-5682] Launching behavioral simulation in 'D:/malygit/Digital-electronics-1/Labs/project/project_1/project_1.sim/sim_1/behav/xsim'
INFO: [SIM-utils-51] Simulation object is 'sim_1'
INFO: [SIM-utils-54] Inspecting design source files for 'tb_state_machine' in fileset 'sim_1'...
INFO: [USF-XSim-97] Finding global include files...
INFO: [USF-XSim-98] Fetching design files from 'sim_1'...
INFO: [USF-XSim-2] XSim::Compile design
INFO: [USF-XSim-61] Executing 'COMPILE and ANALYZE' step in 'D:/malygit/Digital-electronics-1/Labs/project/project_1/project_1.sim/sim_1/behav/xsim'
"xvhdl --incr --relax -prj tb_state_machine_vhdl.prj"
INFO: [VRFC 10-163] Analyzing VHDL file "D:/malygit/Digital-electronics-1/Labs/project/project_1/project_1.srcs/sources_1/new/state_machine.vhd" into library xil_defaultlib
INFO: [VRFC 10-3107] analyzing entity 'state_machine'
INFO: [VRFC 10-163] Analyzing VHDL file "D:/malygit/Digital-electronics-1/Labs/project/project_1/project_1.srcs/sim_1/new/tb_state_machine.vhd" into library xil_defaultlib
INFO: [VRFC 10-3107] analyzing entity 'tb_state_machine'
INFO: [USF-XSim-69] 'compile' step finished in '2' seconds
Command: launch_simulation -simset sim_1 -mode behavioral
INFO: [Vivado 12-5682] Launching behavioral simulation in 'D:/malygit/Digital-electronics-1/Labs/project/project_1/project_1.sim/sim_1/behav/xsim'
INFO: [USF-XSim-3] XSim::Elaborate design
INFO: [USF-XSim-61] Executing 'ELABORATE' step in 'D:/malygit/Digital-electronics-1/Labs/project/project_1/project_1.sim/sim_1/behav/xsim'
"xelab -wto 7be5f9f794ba4c6c8f5beee7f92884e3 --incr --debug typical --relax --mt 2 -L xil_defaultlib -L secureip --snapshot tb_state_machine_behav xil_defaultlib.tb_state_machine -log elaborate.log"
Vivado Simulator 2020.2
Copyright 1986-1999, 2001-2020 Xilinx, Inc. All Rights Reserved.
Running: D:/vvivado/Vivado/2020.2/bin/unwrapped/win64.o/xelab.exe -wto 7be5f9f794ba4c6c8f5beee7f92884e3 --incr --debug typical --relax --mt 2 -L xil_defaultlib -L secureip --snapshot tb_state_machine_behav xil_defaultlib.tb_state_machine -log elaborate.log 
Using 2 slave threads.
Starting static elaboration
Completed static elaboration
Starting simulation data flow analysis
Completed simulation data flow analysis
Time Resolution for simulation is 1ps
Compiling package std.standard
Compiling package std.textio
Compiling package ieee.std_logic_1164
Compiling package ieee.numeric_std
Compiling architecture behavioral of entity xil_defaultlib.clock_enable [\clock_enable(g_max=3)\]
Compiling architecture behavioral of entity xil_defaultlib.state_machine [state_machine_default]
Compiling architecture behavioral of entity xil_defaultlib.tb_state_machine
Built simulation snapshot tb_state_machine_behav
INFO: [USF-XSim-69] 'elaborate' step finished in '1' seconds
Vivado Simulator 2020.2
Time resolution is 1 ps
relaunch_sim: Time (s): cpu = 00:00:02 ; elapsed = 00:00:06 . Memory (MB): peak = 1585.090 ; gain = 0.000
relaunch_sim
Command: launch_simulation -simset sim_1 -mode behavioral
INFO: [Vivado 12-5682] Launching behavioral simulation in 'D:/malygit/Digital-electronics-1/Labs/project/project_1/project_1.sim/sim_1/behav/xsim'
INFO: [SIM-utils-51] Simulation object is 'sim_1'
INFO: [SIM-utils-54] Inspecting design source files for 'tb_state_machine' in fileset 'sim_1'...
INFO: [USF-XSim-97] Finding global include files...
INFO: [USF-XSim-98] Fetching design files from 'sim_1'...
INFO: [USF-XSim-2] XSim::Compile design
INFO: [USF-XSim-61] Executing 'COMPILE and ANALYZE' step in 'D:/malygit/Digital-electronics-1/Labs/project/project_1/project_1.sim/sim_1/behav/xsim'
"xvhdl --incr --relax -prj tb_state_machine_vhdl.prj"
INFO: [VRFC 10-163] Analyzing VHDL file "D:/malygit/Digital-electronics-1/Labs/project/project_1/project_1.srcs/sources_1/new/state_machine.vhd" into library xil_defaultlib
INFO: [VRFC 10-3107] analyzing entity 'state_machine'
INFO: [VRFC 10-163] Analyzing VHDL file "D:/malygit/Digital-electronics-1/Labs/project/project_1/project_1.srcs/sim_1/new/tb_state_machine.vhd" into library xil_defaultlib
INFO: [VRFC 10-3107] analyzing entity 'tb_state_machine'
INFO: [USF-XSim-69] 'compile' step finished in '1' seconds
Command: launch_simulation -simset sim_1 -mode behavioral
INFO: [Vivado 12-5682] Launching behavioral simulation in 'D:/malygit/Digital-electronics-1/Labs/project/project_1/project_1.sim/sim_1/behav/xsim'
INFO: [USF-XSim-3] XSim::Elaborate design
INFO: [USF-XSim-61] Executing 'ELABORATE' step in 'D:/malygit/Digital-electronics-1/Labs/project/project_1/project_1.sim/sim_1/behav/xsim'
"xelab -wto 7be5f9f794ba4c6c8f5beee7f92884e3 --incr --debug typical --relax --mt 2 -L xil_defaultlib -L secureip --snapshot tb_state_machine_behav xil_defaultlib.tb_state_machine -log elaborate.log"
Vivado Simulator 2020.2
Copyright 1986-1999, 2001-2020 Xilinx, Inc. All Rights Reserved.
Running: D:/vvivado/Vivado/2020.2/bin/unwrapped/win64.o/xelab.exe -wto 7be5f9f794ba4c6c8f5beee7f92884e3 --incr --debug typical --relax --mt 2 -L xil_defaultlib -L secureip --snapshot tb_state_machine_behav xil_defaultlib.tb_state_machine -log elaborate.log 
Using 2 slave threads.
Starting static elaboration
Completed static elaboration
Starting simulation data flow analysis
Completed simulation data flow analysis
Time Resolution for simulation is 1ps
Compiling package std.standard
Compiling package std.textio
Compiling package ieee.std_logic_1164
Compiling package ieee.numeric_std
Compiling architecture behavioral of entity xil_defaultlib.clock_enable [\clock_enable(g_max=3)\]
Compiling architecture behavioral of entity xil_defaultlib.state_machine [state_machine_default]
Compiling architecture behavioral of entity xil_defaultlib.tb_state_machine
Built simulation snapshot tb_state_machine_behav
INFO: [USF-XSim-69] 'elaborate' step finished in '1' seconds
Vivado Simulator 2020.2
Time resolution is 1 ps
relaunch_sim: Time (s): cpu = 00:00:01 ; elapsed = 00:00:06 . Memory (MB): peak = 1585.090 ; gain = 0.000
relaunch_sim
Command: launch_simulation -simset sim_1 -mode behavioral
INFO: [Vivado 12-5682] Launching behavioral simulation in 'D:/malygit/Digital-electronics-1/Labs/project/project_1/project_1.sim/sim_1/behav/xsim'
INFO: [SIM-utils-51] Simulation object is 'sim_1'
INFO: [SIM-utils-54] Inspecting design source files for 'tb_state_machine' in fileset 'sim_1'...
INFO: [USF-XSim-97] Finding global include files...
INFO: [USF-XSim-98] Fetching design files from 'sim_1'...
INFO: [USF-XSim-2] XSim::Compile design
INFO: [USF-XSim-61] Executing 'COMPILE and ANALYZE' step in 'D:/malygit/Digital-electronics-1/Labs/project/project_1/project_1.sim/sim_1/behav/xsim'
"xvhdl --incr --relax -prj tb_state_machine_vhdl.prj"
INFO: [VRFC 10-163] Analyzing VHDL file "D:/malygit/Digital-electronics-1/Labs/project/project_1/project_1.srcs/sources_1/new/state_machine.vhd" into library xil_defaultlib
INFO: [VRFC 10-3107] analyzing entity 'state_machine'
INFO: [VRFC 10-163] Analyzing VHDL file "D:/malygit/Digital-electronics-1/Labs/project/project_1/project_1.srcs/sim_1/new/tb_state_machine.vhd" into library xil_defaultlib
INFO: [VRFC 10-3107] analyzing entity 'tb_state_machine'
INFO: [USF-XSim-69] 'compile' step finished in '1' seconds
Command: launch_simulation -simset sim_1 -mode behavioral
INFO: [Vivado 12-5682] Launching behavioral simulation in 'D:/malygit/Digital-electronics-1/Labs/project/project_1/project_1.sim/sim_1/behav/xsim'
INFO: [USF-XSim-3] XSim::Elaborate design
INFO: [USF-XSim-61] Executing 'ELABORATE' step in 'D:/malygit/Digital-electronics-1/Labs/project/project_1/project_1.sim/sim_1/behav/xsim'
"xelab -wto 7be5f9f794ba4c6c8f5beee7f92884e3 --incr --debug typical --relax --mt 2 -L xil_defaultlib -L secureip --snapshot tb_state_machine_behav xil_defaultlib.tb_state_machine -log elaborate.log"
Vivado Simulator 2020.2
Copyright 1986-1999, 2001-2020 Xilinx, Inc. All Rights Reserved.
Running: D:/vvivado/Vivado/2020.2/bin/unwrapped/win64.o/xelab.exe -wto 7be5f9f794ba4c6c8f5beee7f92884e3 --incr --debug typical --relax --mt 2 -L xil_defaultlib -L secureip --snapshot tb_state_machine_behav xil_defaultlib.tb_state_machine -log elaborate.log 
Using 2 slave threads.
Starting static elaboration
Completed static elaboration
Starting simulation data flow analysis
Completed simulation data flow analysis
Time Resolution for simulation is 1ps
Compiling package std.standard
Compiling package std.textio
Compiling package ieee.std_logic_1164
Compiling package ieee.numeric_std
Compiling architecture behavioral of entity xil_defaultlib.clock_enable [\clock_enable(g_max=3)\]
Compiling architecture behavioral of entity xil_defaultlib.state_machine [state_machine_default]
Compiling architecture behavioral of entity xil_defaultlib.tb_state_machine
Built simulation snapshot tb_state_machine_behav
INFO: [USF-XSim-69] 'elaborate' step finished in '1' seconds
Vivado Simulator 2020.2
Time resolution is 1 ps
relaunch_sim: Time (s): cpu = 00:00:01 ; elapsed = 00:00:06 . Memory (MB): peak = 1585.090 ; gain = 0.000
close_sim
INFO: [Simtcl 6-16] Simulation closed
exit
INFO: [Common 17-206] Exiting Vivado at Thu Apr 29 22:00:49 2021...
